[I 2024-01-08 10:55:56,247] A new study created in memory with name: no-name-8d697984-31be-4ab3-9df6-3a42dd7969bc
[I 2024-01-08 11:36:55,331] Trial 0 finished with value: -0.704193 and parameters: {'learning_rate': 0.0010995455038708775, 'max_depth': 8, 'min_child_weight': 9, 'gamma': 0.3387713894331844, 'lambda': 0.0028490100821156293, 'alpha': 0.0003562852444055415}. Best is trial 0 with value: -0.704193.
[I 2024-01-08 11:47:36,159] Trial 1 finished with value: -0.56083 and parameters: {'learning_rate': 1.1580495372567596e-05, 'max_depth': 1, 'min_child_weight': 2, 'gamma': 2.0005127937993645e-08, 'lambda': 2.002248856089994e-06, 'alpha': 0.017294515407734565}. Best is trial 0 with value: -0.704193.
[I 2024-01-08 12:11:14,444] Trial 2 finished with value: -0.673123 and parameters: {'learning_rate': 2.8785928170079803e-06, 'max_depth': 5, 'min_child_weight': 10, 'gamma': 2.2311968656663226e-05, 'lambda': 0.20744079683023012, 'alpha': 1.7540339453212787e-05}. Best is trial 0 with value: -0.704193.
[I 2024-01-08 12:49:07,183] Trial 3 finished with value: -0.646832 and parameters: {'learning_rate': 0.0008476397602099555, 'max_depth': 3, 'min_child_weight': 5, 'gamma': 5.910367239875294e-07, 'lambda': 9.086489763347767e-08, 'alpha': 1.1053217227029861e-08}. Best is trial 0 with value: -0.704193.
[I 2024-01-08 13:01:05,000] Trial 4 finished with value: -0.667587 and parameters: {'learning_rate': 1.2389323163680552e-05, 'max_depth': 4, 'min_child_weight': 7, 'gamma': 0.03699208326074537, 'lambda': 0.02539922433432533, 'alpha': 0.14798428000193356}. Best is trial 0 with value: -0.704193.
[I 2024-01-08 13:30:21,897] Trial 5 finished with value: -0.671435 and parameters: {'learning_rate': 0.00014438166878125662, 'max_depth': 4, 'min_child_weight': 6, 'gamma': 0.0023079330082523795, 'lambda': 0.14658234859851516, 'alpha': 0.00024338005270540747}. Best is trial 0 with value: -0.704193.
[I 2024-01-08 14:19:47,180] Trial 6 finished with value: -0.705086 and parameters: {'learning_rate': 0.007332997622188459, 'max_depth': 8, 'min_child_weight': 4, 'gamma': 1.5224592750001447e-05, 'lambda': 5.837279783590759e-06, 'alpha': 0.0034463570184822866}. Best is trial 6 with value: -0.705086.
[I 2024-01-08 14:44:17,996] Trial 7 finished with value: -0.690403 and parameters: {'learning_rate': 0.003518421659757485, 'max_depth': 6, 'min_child_weight': 9, 'gamma': 0.01725855354706133, 'lambda': 1.7355906574457305e-08, 'alpha': 3.8579171984223745e-06}. Best is trial 6 with value: -0.705086.
[I 2024-01-08 15:24:05,259] Trial 8 finished with value: -0.646943 and parameters: {'learning_rate': 1.0841101784044424e-05, 'max_depth': 3, 'min_child_weight': 10, 'gamma': 0.000423342493705588, 'lambda': 4.348372574664555e-07, 'alpha': 4.8812910067634614e-08}. Best is trial 6 with value: -0.705086.
[I 2024-01-08 15:59:25,946] Trial 9 finished with value: -0.69307 and parameters: {'learning_rate': 9.707803591000554e-07, 'max_depth': 8, 'min_child_weight': 2, 'gamma': 0.015461774945664026, 'lambda': 0.002522510819705273, 'alpha': 2.1433014891323695e-05}. Best is trial 6 with value: -0.705086.
[I 2024-01-08 16:08:14,347] Trial 10 finished with value: -0.411796 and parameters: {'learning_rate': 4.139981398033934e-08, 'max_depth': 7, 'min_child_weight': 4, 'gamma': 1.4906432829269177e-05, 'lambda': 2.178651063726429e-05, 'alpha': 0.6270661567671812}. Best is trial 6 with value: -0.705086.
[I 2024-01-08 16:38:36,351] Trial 11 finished with value: -0.701787 and parameters: {'learning_rate': 0.00929344838536282, 'max_depth': 8, 'min_child_weight': 8, 'gamma': 0.6019373596914583, 'lambda': 0.0002842786086383567, 'alpha': 0.0029791953230083657}. Best is trial 6 with value: -0.705086.
[I 2024-01-08 17:02:11,149] Trial 12 finished with value: -0.698002 and parameters: {'learning_rate': 0.0008542225572399567, 'max_depth': 7, 'min_child_weight': 4, 'gamma': 7.980465283532094e-05, 'lambda': 3.443832640087421e-05, 'alpha': 0.002556044959649913}. Best is trial 6 with value: -0.705086.
[I 2024-01-08 17:35:04,707] Trial 13 finished with value: -0.690086 and parameters: {'learning_rate': 0.006260613662326037, 'max_depth': 6, 'min_child_weight': 7, 'gamma': 0.26273151650419285, 'lambda': 0.0010822436943887705, 'alpha': 0.00045435739201977565}. Best is trial 6 with value: -0.705086.
[I 2024-01-08 17:55:32,254] Trial 14 finished with value: -0.705467 and parameters: {'learning_rate': 0.0002271044949819795, 'max_depth': 8, 'min_child_weight': 4, 'gamma': 0.0009103185217030082, 'lambda': 9.257893477142217e-06, 'alpha': 0.026798962278910318}. Best is trial 14 with value: -0.705467.
[I 2024-01-08 18:07:18,116] Trial 15 finished with value: -0.697553 and parameters: {'learning_rate': 0.0001659337554368601, 'max_depth': 7, 'min_child_weight': 4, 'gamma': 0.0005656743649249763, 'lambda': 6.257710433540161e-06, 'alpha': 0.04115486250288582}. Best is trial 14 with value: -0.705467.
[I 2024-01-08 19:08:05,507] Trial 16 finished with value: -0.692495 and parameters: {'learning_rate': 0.00017424731741734725, 'max_depth': 6, 'min_child_weight': 3, 'gamma': 5.422771666037794e-06, 'lambda': 1.9945414047440706e-06, 'alpha': 0.8736844177932725}. Best is trial 14 with value: -0.705467.
[I 2024-01-08 19:19:09,477] Trial 17 finished with value: -0.560968 and parameters: {'learning_rate': 0.002135267456658085, 'max_depth': 1, 'min_child_weight': 5, 'gamma': 1.3000400390534104e-06, 'lambda': 9.838387762521298e-05, 'alpha': 0.006662338703483465}. Best is trial 14 with value: -0.705467.
[I 2024-01-08 19:36:10,361] Trial 18 finished with value: -0.702209 and parameters: {'learning_rate': 0.00032475792496400356, 'max_depth': 8, 'min_child_weight': 3, 'gamma': 0.00013842922565961556, 'lambda': 4.262830201733883e-07, 'alpha': 0.0767700943240158}. Best is trial 14 with value: -0.705467.
[I 2024-01-08 20:12:34,026] Trial 19 finished with value: -0.676367 and parameters: {'learning_rate': 6.847551926210332e-05, 'max_depth': 5, 'min_child_weight': 5, 'gamma': 0.0019020538420439022, 'lambda': 1.1590582532578984e-05, 'alpha': 0.013094616426066762}. Best is trial 14 with value: -0.705467.
[I 2024-01-08 20:27:41,727] Trial 20 finished with value: -0.695638 and parameters: {'learning_rate': 0.009015667571784685, 'max_depth': 7, 'min_child_weight': 3, 'gamma': 7.43019505822138e-05, 'lambda': 0.00010962140154575078, 'alpha': 0.0018637096476921337}. Best is trial 14 with value: -0.705467.
[I 2024-01-08 21:07:27,794] Trial 21 finished with value: -0.69908 and parameters: {'learning_rate': 0.0013058554320884708, 'max_depth': 8, 'min_child_weight': 6, 'gamma': 0.9907543532483504, 'lambda': 0.0034324290192585395, 'alpha': 0.0003566285078538916}. Best is trial 14 with value: -0.705467.
[I 2024-01-08 21:23:36,832] Trial 22 finished with value: -0.701807 and parameters: {'learning_rate': 0.002161985131891614, 'max_depth': 8, 'min_child_weight': 8, 'gamma': 0.10504171911985073, 'lambda': 0.0004882830196921215, 'alpha': 0.0012136035666229777}. Best is trial 14 with value: -0.705467.
[I 2024-01-08 21:46:15,101] Trial 23 finished with value: -0.698011 and parameters: {'learning_rate': 0.0010420062289888388, 'max_depth': 7, 'min_child_weight': 6, 'gamma': 0.10197552736783892, 'lambda': 0.00010682195885347555, 'alpha': 0.008614871128968705}. Best is trial 14 with value: -0.705467.
[I 2024-01-08 22:32:49,254] Trial 24 finished with value: -0.689475 and parameters: {'learning_rate': 0.0004226087922499884, 'max_depth': 6, 'min_child_weight': 4, 'gamma': 0.004493134175297425, 'lambda': 5.909328473967728e-06, 'alpha': 0.09817278685681759}. Best is trial 14 with value: -0.705467.
[I 2024-01-08 23:18:16,579] Trial 25 finished with value: -0.703355 and parameters: {'learning_rate': 0.003351824770508964, 'max_depth': 8, 'min_child_weight': 7, 'gamma': 0.008250724252146832, 'lambda': 0.008812016897522269, 'alpha': 0.00010528525453861074}. Best is trial 14 with value: -0.705467.
Number of finished trials:  26
Best trial:
  NDCG@5: 0.705467
  Params: 
    learning_rate: 0.0002271044949819795
    max_depth: 8
    min_child_weight: 4
    gamma: 0.0009103185217030082
    lambda: 9.257893477142217e-06
    alpha: 0.026798962278910318
