[I 2024-01-08 10:55:56,362] A new study created in memory with name: no-name-9549c907-120e-4446-9027-c8776cdb2a7d
[I 2024-01-08 11:04:47,030] Trial 0 finished with value: -0.411796 and parameters: {'learning_rate': 2.8304792841675018e-08, 'max_depth': 4, 'min_child_weight': 2, 'gamma': 0.0012532805581715232, 'lambda': 9.756832448156657e-06, 'alpha': 5.950930860025768e-07}. Best is trial 0 with value: -0.411796.
[I 2024-01-08 11:17:36,062] Trial 1 finished with value: -0.64695 and parameters: {'learning_rate': 0.0004228891782810948, 'max_depth': 3, 'min_child_weight': 6, 'gamma': 1.835349762679543e-08, 'lambda': 2.208377565807537e-06, 'alpha': 1.1432548896639041e-05}. Best is trial 1 with value: -0.64695.
[I 2024-01-08 11:57:41,254] Trial 2 finished with value: -0.699409 and parameters: {'learning_rate': 2.781902865801315e-05, 'max_depth': 7, 'min_child_weight': 4, 'gamma': 0.05328229188521729, 'lambda': 0.21681549185634166, 'alpha': 1.4834644347642395e-06}. Best is trial 2 with value: -0.699409.
[I 2024-01-08 12:06:20,000] Trial 3 finished with value: -0.411796 and parameters: {'learning_rate': 2.3777764455072485e-08, 'max_depth': 1, 'min_child_weight': 8, 'gamma': 4.23643629160444e-08, 'lambda': 2.4012491747387786e-06, 'alpha': 1.9864156038419664e-05}. Best is trial 2 with value: -0.699409.
[I 2024-01-08 12:54:07,201] Trial 4 finished with value: -0.676624 and parameters: {'learning_rate': 2.981649904670188e-06, 'max_depth': 5, 'min_child_weight': 10, 'gamma': 2.1664075945098464e-06, 'lambda': 0.005274756630351916, 'alpha': 2.9256594291018535e-06}. Best is trial 2 with value: -0.699409.
[I 2024-01-08 13:02:47,071] Trial 5 finished with value: -0.411796 and parameters: {'learning_rate': 3.3887534699739075e-08, 'max_depth': 3, 'min_child_weight': 6, 'gamma': 2.5917830336661473e-08, 'lambda': 0.00017313169164529814, 'alpha': 0.0023547747005852075}. Best is trial 2 with value: -0.699409.
[I 2024-01-08 14:26:57,579] Trial 6 finished with value: -0.58597 and parameters: {'learning_rate': 1.6170808225728005e-07, 'max_depth': 7, 'min_child_weight': 3, 'gamma': 0.0028140663531244516, 'lambda': 7.734115512191824e-08, 'alpha': 0.3434807273001873}. Best is trial 2 with value: -0.699409.
[I 2024-01-08 14:43:04,722] Trial 7 finished with value: -0.650144 and parameters: {'learning_rate': 0.0005337543241502339, 'max_depth': 3, 'min_child_weight': 6, 'gamma': 0.4831685634083676, 'lambda': 0.08450011965853754, 'alpha': 2.995931365968186e-08}. Best is trial 2 with value: -0.699409.
[I 2024-01-08 15:11:37,273] Trial 8 finished with value: -0.646604 and parameters: {'learning_rate': 0.001646925236481623, 'max_depth': 3, 'min_child_weight': 6, 'gamma': 0.16060313831767598, 'lambda': 2.762685841739286e-07, 'alpha': 0.0006647531046822068}. Best is trial 2 with value: -0.699409.
[I 2024-01-08 15:55:03,400] Trial 9 finished with value: -0.69949 and parameters: {'learning_rate': 2.275426483105895e-05, 'max_depth': 7, 'min_child_weight': 6, 'gamma': 0.00013260183572653177, 'lambda': 9.603174709727818e-07, 'alpha': 0.00010340233545188002}. Best is trial 9 with value: -0.69949.
[I 2024-01-08 16:10:26,071] Trial 10 finished with value: -0.700968 and parameters: {'learning_rate': 1.8633698459833274e-05, 'max_depth': 8, 'min_child_weight': 9, 'gamma': 2.329628901051379e-05, 'lambda': 1.8193447357655436e-08, 'alpha': 0.0003834162830580745}. Best is trial 10 with value: -0.700968.
[I 2024-01-08 17:04:36,856] Trial 11 finished with value: -0.704728 and parameters: {'learning_rate': 1.7432577030670596e-05, 'max_depth': 8, 'min_child_weight': 10, 'gamma': 1.4406970241097916e-05, 'lambda': 1.0748274572601683e-08, 'alpha': 0.0006185270447890533}. Best is trial 11 with value: -0.704728.
[I 2024-01-08 17:40:56,197] Trial 12 finished with value: -0.703117 and parameters: {'learning_rate': 2.4449302456600987e-06, 'max_depth': 8, 'min_child_weight': 10, 'gamma': 1.2977384835490196e-05, 'lambda': 1.2176470612972515e-08, 'alpha': 0.002531073778400204}. Best is trial 11 with value: -0.704728.
[I 2024-01-08 18:17:17,176] Trial 13 finished with value: -0.698003 and parameters: {'learning_rate': 1.3175286328486698e-06, 'max_depth': 8, 'min_child_weight': 10, 'gamma': 2.0010924368791074e-06, 'lambda': 1.1972078139785859e-08, 'alpha': 0.008345068537970495}. Best is trial 11 with value: -0.704728.
[I 2024-01-08 19:40:34,184] Trial 14 finished with value: -0.640807 and parameters: {'learning_rate': 4.6740851307300766e-07, 'max_depth': 6, 'min_child_weight': 8, 'gamma': 7.0371261583833325e-06, 'lambda': 9.628296533706369e-08, 'alpha': 0.014067090249760546}. Best is trial 11 with value: -0.704728.
[I 2024-01-08 20:08:33,545] Trial 15 finished with value: -0.692244 and parameters: {'learning_rate': 2.78495565248251e-06, 'max_depth': 6, 'min_child_weight': 8, 'gamma': 3.088941927344141e-07, 'lambda': 2.1260290383657187e-08, 'alpha': 0.05212189562852612}. Best is trial 11 with value: -0.704728.
[I 2024-01-08 20:33:19,641] Trial 16 finished with value: -0.702545 and parameters: {'learning_rate': 8.440479591612752e-05, 'max_depth': 8, 'min_child_weight': 9, 'gamma': 8.57336490543777e-05, 'lambda': 2.24848223191292e-07, 'alpha': 0.0009167576011942763}. Best is trial 11 with value: -0.704728.
[I 2024-01-08 21:12:35,908] Trial 17 finished with value: -0.690445 and parameters: {'learning_rate': 6.462780401923345e-06, 'max_depth': 6, 'min_child_weight': 10, 'gamma': 5.292848145023914e-07, 'lambda': 3.333198417999884e-05, 'alpha': 0.00011327440981770928}. Best is trial 11 with value: -0.704728.
[I 2024-01-08 21:21:40,120] Trial 18 finished with value: -0.561057 and parameters: {'learning_rate': 0.007537023204781679, 'max_depth': 1, 'min_child_weight': 9, 'gamma': 1.931027926627295e-05, 'lambda': 1.1326644690105742e-08, 'alpha': 0.5753944577262549}. Best is trial 11 with value: -0.704728.
[I 2024-01-08 21:41:10,192] Trial 19 finished with value: -0.634477 and parameters: {'learning_rate': 6.00076864389197e-07, 'max_depth': 5, 'min_child_weight': 7, 'gamma': 0.0002873658255727769, 'lambda': 3.0352861620931336e-07, 'alpha': 0.057296727097028696}. Best is trial 11 with value: -0.704728.
[I 2024-01-08 21:56:06,619] Trial 20 finished with value: -0.70244 and parameters: {'learning_rate': 6.222164237128432e-06, 'max_depth': 8, 'min_child_weight': 5, 'gamma': 1.4260766155952543e-05, 'lambda': 0.00021131767230499364, 'alpha': 0.004880737359534403}. Best is trial 11 with value: -0.704728.
[I 2024-01-08 22:18:19,728] Trial 21 finished with value: -0.705384 and parameters: {'learning_rate': 6.936645499230063e-05, 'max_depth': 8, 'min_child_weight': 9, 'gamma': 5.425650675234678e-05, 'lambda': 9.836901429986657e-08, 'alpha': 0.0011298165898448501}. Best is trial 21 with value: -0.705384.
[I 2024-01-08 23:04:36,295] Trial 22 finished with value: -0.699677 and parameters: {'learning_rate': 7.951823303472033e-05, 'max_depth': 7, 'min_child_weight': 10, 'gamma': 7.16470475917229e-05, 'lambda': 5.873159477220696e-08, 'alpha': 0.0016913569927075192}. Best is trial 21 with value: -0.705384.
Number of finished trials:  23
Best trial:
  NDCG@5: 0.705384
  Params: 
    learning_rate: 6.936645499230063e-05
    max_depth: 8
    min_child_weight: 9
    gamma: 5.425650675234678e-05
    lambda: 9.836901429986657e-08
    alpha: 0.0011298165898448501
