[I 2024-01-08 10:55:55,998] A new study created in memory with name: no-name-ba99dd75-91b3-4824-91cf-e74c8aacf2ee
[I 2024-01-08 11:18:30,610] Trial 0 finished with value: -0.697374 and parameters: {'learning_rate': 0.0010571328290978335, 'max_depth': 7, 'min_child_weight': 7, 'gamma': 0.0007770681129715043, 'lambda': 2.9983781938158266e-08, 'alpha': 2.8652568898834604e-07}. Best is trial 0 with value: -0.697374.
[I 2024-01-08 11:30:34,978] Trial 1 finished with value: -0.646617 and parameters: {'learning_rate': 1.2984106448952773e-05, 'max_depth': 3, 'min_child_weight': 7, 'gamma': 4.341362294494235e-07, 'lambda': 1.0925595427154906e-05, 'alpha': 3.71107172844532e-08}. Best is trial 0 with value: -0.697374.
[I 2024-01-08 11:37:35,658] Trial 2 finished with value: -0.411796 and parameters: {'learning_rate': 3.694411284966577e-08, 'max_depth': 3, 'min_child_weight': 9, 'gamma': 3.01569877230733e-08, 'lambda': 0.0020674614523617948, 'alpha': 0.26610931738742893}. Best is trial 0 with value: -0.697374.
[I 2024-01-08 12:45:11,069] Trial 3 finished with value: -0.618258 and parameters: {'learning_rate': 3.664240640441502e-07, 'max_depth': 5, 'min_child_weight': 2, 'gamma': 1.2565099829561009e-05, 'lambda': 0.0015065764586183958, 'alpha': 4.03416460506366e-07}. Best is trial 0 with value: -0.697374.
[I 2024-01-08 12:58:53,056] Trial 4 finished with value: -0.560855 and parameters: {'learning_rate': 5.747488060040396e-07, 'max_depth': 1, 'min_child_weight': 9, 'gamma': 3.156374001065012e-05, 'lambda': 2.121638463971049e-08, 'alpha': 1.1500134439305164e-05}. Best is trial 0 with value: -0.697374.
[I 2024-01-08 13:13:44,832] Trial 5 finished with value: -0.674184 and parameters: {'learning_rate': 4.887752384611914e-06, 'max_depth': 5, 'min_child_weight': 6, 'gamma': 0.0003600751524157791, 'lambda': 0.0028352159125396223, 'alpha': 5.577370407943471e-06}. Best is trial 0 with value: -0.697374.
[I 2024-01-08 13:45:02,974] Trial 6 finished with value: -0.690043 and parameters: {'learning_rate': 0.0026610609367907615, 'max_depth': 6, 'min_child_weight': 10, 'gamma': 7.78104642502833e-07, 'lambda': 3.165527605869479e-07, 'alpha': 6.952110082279408e-06}. Best is trial 0 with value: -0.697374.
[I 2024-01-08 14:10:11,499] Trial 7 finished with value: -0.702518 and parameters: {'learning_rate': 3.8575307565354914e-05, 'max_depth': 8, 'min_child_weight': 2, 'gamma': 0.0006278044899165822, 'lambda': 0.0021827414059738116, 'alpha': 0.00661110219151686}. Best is trial 7 with value: -0.702518.
[I 2024-01-08 14:33:17,313] Trial 8 finished with value: -0.654174 and parameters: {'learning_rate': 1.1656679278064977e-06, 'max_depth': 5, 'min_child_weight': 2, 'gamma': 4.0393424437448056e-05, 'lambda': 7.793505042368127e-06, 'alpha': 3.4036142822614795e-07}. Best is trial 7 with value: -0.702518.
[I 2024-01-08 14:52:11,610] Trial 9 finished with value: -0.672958 and parameters: {'learning_rate': 1.1928721934004871e-05, 'max_depth': 5, 'min_child_weight': 9, 'gamma': 6.807293001475188e-07, 'lambda': 0.005160067854419037, 'alpha': 0.0036109772829796276}. Best is trial 7 with value: -0.702518.
[I 2024-01-08 15:04:23,373] Trial 10 finished with value: -0.70443 and parameters: {'learning_rate': 0.00014187760662665234, 'max_depth': 8, 'min_child_weight': 4, 'gamma': 0.05351254386557552, 'lambda': 0.6814803885841878, 'alpha': 0.0011309569356773427}. Best is trial 10 with value: -0.70443.
[I 2024-01-08 15:30:53,086] Trial 11 finished with value: -0.703163 and parameters: {'learning_rate': 0.00015980973675113752, 'max_depth': 8, 'min_child_weight': 4, 'gamma': 0.04449100362767827, 'lambda': 0.3840652368565523, 'alpha': 0.001237053777275064}. Best is trial 10 with value: -0.70443.
[I 2024-01-08 15:41:20,245] Trial 12 finished with value: -0.702473 and parameters: {'learning_rate': 0.0001791371595733719, 'max_depth': 8, 'min_child_weight': 4, 'gamma': 0.16998054372703558, 'lambda': 0.45144858165757906, 'alpha': 0.000662962777116322}. Best is trial 10 with value: -0.70443.
[I 2024-01-08 16:18:51,393] Trial 13 finished with value: -0.699031 and parameters: {'learning_rate': 0.009267311949994635, 'max_depth': 7, 'min_child_weight': 4, 'gamma': 0.3969933969597614, 'lambda': 0.9857358411441745, 'alpha': 0.0003652832323518552}. Best is trial 10 with value: -0.70443.
[I 2024-01-08 16:42:24,359] Trial 14 finished with value: -0.699122 and parameters: {'learning_rate': 0.000130908998294351, 'max_depth': 7, 'min_child_weight': 4, 'gamma': 0.010200202522315018, 'lambda': 0.07314766373983712, 'alpha': 0.012794477179470888}. Best is trial 10 with value: -0.70443.
[I 2024-01-08 17:09:01,602] Trial 15 finished with value: -0.704102 and parameters: {'learning_rate': 0.0003543733423323711, 'max_depth': 8, 'min_child_weight': 5, 'gamma': 0.023128912340995688, 'lambda': 0.042657911696485515, 'alpha': 0.00012008334319477187}. Best is trial 10 with value: -0.70443.
[I 2024-01-08 17:16:24,014] Trial 16 finished with value: -0.647717 and parameters: {'learning_rate': 0.0005371412017004426, 'max_depth': 3, 'min_child_weight': 6, 'gamma': 0.7984635891528568, 'lambda': 0.059535479550925544, 'alpha': 6.894732953641048e-05}. Best is trial 10 with value: -0.70443.
[I 2024-01-08 17:39:06,730] Trial 17 finished with value: -0.691552 and parameters: {'learning_rate': 0.0007471993669066415, 'max_depth': 6, 'min_child_weight': 5, 'gamma': 0.010579628525221518, 'lambda': 0.04010408955312864, 'alpha': 0.00012159391392734265}. Best is trial 10 with value: -0.70443.
[I 2024-01-08 17:46:52,104] Trial 18 finished with value: -0.56083 and parameters: {'learning_rate': 3.226306796831832e-05, 'max_depth': 1, 'min_child_weight': 3, 'gamma': 0.008224572088884009, 'lambda': 0.00014455651239245613, 'alpha': 0.07636861920105355}. Best is trial 10 with value: -0.70443.
[I 2024-01-08 17:59:26,337] Trial 19 finished with value: -0.690157 and parameters: {'learning_rate': 0.00617842930137537, 'max_depth': 6, 'min_child_weight': 6, 'gamma': 0.07004984805747548, 'lambda': 0.021316802301798377, 'alpha': 0.036169705392414944}. Best is trial 10 with value: -0.70443.
[I 2024-01-08 18:17:18,121] Trial 20 finished with value: -0.69885 and parameters: {'learning_rate': 0.0020367530723130437, 'max_depth': 8, 'min_child_weight': 5, 'gamma': 0.8438266698902577, 'lambda': 0.1833752886834005, 'alpha': 0.7437263434885342}. Best is trial 10 with value: -0.70443.
[I 2024-01-08 19:02:45,079] Trial 21 finished with value: -0.704202 and parameters: {'learning_rate': 0.00020950553535230442, 'max_depth': 8, 'min_child_weight': 3, 'gamma': 0.05643852186133074, 'lambda': 0.5059711415092194, 'alpha': 0.001226735805282509}. Best is trial 10 with value: -0.70443.
[I 2024-01-08 19:21:38,426] Trial 22 finished with value: -0.700136 and parameters: {'learning_rate': 0.0003286180079249073, 'max_depth': 7, 'min_child_weight': 3, 'gamma': 0.04802487622527958, 'lambda': 0.8155408547238053, 'alpha': 0.00023178249615016098}. Best is trial 10 with value: -0.70443.
[I 2024-01-08 19:47:03,833] Trial 23 finished with value: -0.703725 and parameters: {'learning_rate': 0.00010368507917916192, 'max_depth': 8, 'min_child_weight': 3, 'gamma': 0.0031271346418194415, 'lambda': 0.18109255050300066, 'alpha': 0.001782867254790952}. Best is trial 10 with value: -0.70443.
[I 2024-01-08 20:28:59,592] Trial 24 finished with value: -0.698833 and parameters: {'learning_rate': 0.0004955784832512745, 'max_depth': 7, 'min_child_weight': 5, 'gamma': 0.16187903145818344, 'lambda': 0.014557686207311026, 'alpha': 0.009055989500135657}. Best is trial 10 with value: -0.70443.
[I 2024-01-08 20:51:59,057] Trial 25 finished with value: -0.70374 and parameters: {'learning_rate': 4.820289069922513e-05, 'max_depth': 8, 'min_child_weight': 3, 'gamma': 0.039908811193374825, 'lambda': 0.15399876099781645, 'alpha': 0.000923339413994505}. Best is trial 10 with value: -0.70443.
[I 2024-01-08 21:07:38,514] Trial 26 finished with value: -0.690758 and parameters: {'learning_rate': 0.0017065296081459963, 'max_depth': 6, 'min_child_weight': 5, 'gamma': 0.002975742998294213, 'lambda': 0.02033201287763516, 'alpha': 6.509639641412657e-05}. Best is trial 10 with value: -0.70443.
[I 2024-01-08 21:39:32,549] Trial 27 finished with value: -0.698125 and parameters: {'learning_rate': 0.0003126437017499883, 'max_depth': 7, 'min_child_weight': 7, 'gamma': 0.17737159351406448, 'lambda': 0.1331782133160146, 'alpha': 0.003377936351620296}. Best is trial 10 with value: -0.70443.
[I 2024-01-08 21:55:06,034] Trial 28 finished with value: -0.667689 and parameters: {'learning_rate': 0.00010735917155230697, 'max_depth': 4, 'min_child_weight': 4, 'gamma': 0.016231187972541392, 'lambda': 0.6996016198112307, 'alpha': 0.00022673277032877453}. Best is trial 10 with value: -0.70443.
[I 2024-01-08 22:07:32,604] Trial 29 finished with value: -0.69981 and parameters: {'learning_rate': 0.0010704683512219183, 'max_depth': 7, 'min_child_weight': 7, 'gamma': 0.002874454049295155, 'lambda': 0.07834457620026292, 'alpha': 0.021033515481812662}. Best is trial 10 with value: -0.70443.
[I 2024-01-08 22:21:02,632] Trial 30 finished with value: -0.701573 and parameters: {'learning_rate': 0.0027735590692027795, 'max_depth': 8, 'min_child_weight': 3, 'gamma': 0.00027388024558494, 'lambda': 0.014907409611791433, 'alpha': 2.4169888877581344e-05}. Best is trial 10 with value: -0.70443.
[I 2024-01-08 22:36:28,521] Trial 31 finished with value: -0.703992 and parameters: {'learning_rate': 3.963284215113324e-05, 'max_depth': 8, 'min_child_weight': 3, 'gamma': 0.030787618144990127, 'lambda': 0.2768168683787894, 'alpha': 0.000823581580140725}. Best is trial 10 with value: -0.70443.
[I 2024-01-08 23:06:48,533] Trial 32 finished with value: -0.704469 and parameters: {'learning_rate': 2.9377709164734213e-05, 'max_depth': 8, 'min_child_weight': 2, 'gamma': 0.001838583865305271, 'lambda': 0.29673830606681983, 'alpha': 0.0006215103766923596}. Best is trial 32 with value: -0.704469.
Number of finished trials:  33
Best trial:
  NDCG@5: 0.704469
  Params: 
    learning_rate: 2.9377709164734213e-05
    max_depth: 8
    min_child_weight: 2
    gamma: 0.001838583865305271
    lambda: 0.29673830606681983
    alpha: 0.0006215103766923596
