[I 2024-01-10 17:35:31,169] A new study created in memory with name: no-name-b4daa0b2-a301-4fd9-9077-5c6475ccef1a
[I 2024-01-10 17:44:03,664] Trial 0 finished with value: -0.411796 and parameters: {'learning_rate': 1.2853437002762255e-08, 'max_depth': 4, 'min_child_weight': 2, 'gamma': 2.7594016262075014e-05, 'lambda': 3.8221440887839636e-05, 'alpha': 1.1591275989814958e-06}. Best is trial 0 with value: -0.411796.
[I 2024-01-10 17:55:49,534] Trial 1 finished with value: -0.714322 and parameters: {'learning_rate': 0.002362517779514833, 'max_depth': 8, 'min_child_weight': 9, 'gamma': 0.0031893624415505486, 'lambda': 0.23272399707477934, 'alpha': 0.0006351999900866243}. Best is trial 1 with value: -0.714322.
[I 2024-01-10 19:10:43,580] Trial 2 finished with value: -0.670962 and parameters: {'learning_rate': 1.8160387076224865e-07, 'max_depth': 7, 'min_child_weight': 9, 'gamma': 0.00020500922093254827, 'lambda': 0.00019661543020532937, 'alpha': 0.7045487194313088}. Best is trial 1 with value: -0.714322.
[I 2024-01-10 19:33:54,691] Trial 3 finished with value: -0.444152 and parameters: {'learning_rate': 1.9710242271688836e-08, 'max_depth': 5, 'min_child_weight': 2, 'gamma': 0.0015201809745456502, 'lambda': 3.911262658937495e-05, 'alpha': 0.13859323809225513}. Best is trial 1 with value: -0.714322.
[I 2024-01-10 19:51:27,729] Trial 4 finished with value: -0.706205 and parameters: {'learning_rate': 7.293499394735402e-06, 'max_depth': 7, 'min_child_weight': 3, 'gamma': 6.799365004523769e-07, 'lambda': 3.291264741690286e-05, 'alpha': 0.0002617786776202263}. Best is trial 1 with value: -0.714322.
[I 2024-01-10 20:15:47,925] Trial 5 finished with value: -0.669936 and parameters: {'learning_rate': 6.992595582053437e-05, 'max_depth': 4, 'min_child_weight': 3, 'gamma': 1.365850835838871e-07, 'lambda': 1.6317566212772408e-05, 'alpha': 0.00041300228560846254}. Best is trial 1 with value: -0.714322.
[I 2024-01-10 20:24:20,610] Trial 6 finished with value: -0.557526 and parameters: {'learning_rate': 1.5154337780150346e-05, 'max_depth': 1, 'min_child_weight': 9, 'gamma': 1.6275037822403937e-05, 'lambda': 0.0004724043985106632, 'alpha': 2.1952713537345878e-06}. Best is trial 1 with value: -0.714322.
[I 2024-01-10 20:40:34,424] Trial 7 finished with value: -0.707084 and parameters: {'learning_rate': 2.783415907689126e-06, 'max_depth': 7, 'min_child_weight': 4, 'gamma': 0.5721924928478789, 'lambda': 0.0005468323592240845, 'alpha': 1.2018649792133794e-05}. Best is trial 1 with value: -0.714322.
[I 2024-01-10 21:01:46,306] Trial 8 finished with value: -0.631612 and parameters: {'learning_rate': 0.0001783830050715129, 'max_depth': 3, 'min_child_weight': 3, 'gamma': 0.00041667237464622895, 'lambda': 3.2989544897811487e-06, 'alpha': 4.813243320075305e-06}. Best is trial 1 with value: -0.714322.
[I 2024-01-10 21:20:23,148] Trial 9 finished with value: -0.706297 and parameters: {'learning_rate': 0.0043439847068337525, 'max_depth': 7, 'min_child_weight': 9, 'gamma': 0.00029730882298886313, 'lambda': 0.07174236694511273, 'alpha': 0.013792457520169304}. Best is trial 1 with value: -0.714322.
[I 2024-01-10 21:33:49,025] Trial 10 finished with value: -0.712776 and parameters: {'learning_rate': 0.009005142304349137, 'max_depth': 8, 'min_child_weight': 7, 'gamma': 0.03171353448695327, 'lambda': 0.9227083284438815, 'alpha': 1.1641457357917253e-08}. Best is trial 1 with value: -0.714322.
[I 2024-01-10 21:59:46,380] Trial 11 finished with value: -0.714528 and parameters: {'learning_rate': 0.003413846867855747, 'max_depth': 8, 'min_child_weight': 7, 'gamma': 0.025966950601515028, 'lambda': 0.9705425801476861, 'alpha': 3.3296755320465745e-08}. Best is trial 11 with value: -0.714528.
[I 2024-01-10 22:13:52,172] Trial 12 finished with value: -0.711989 and parameters: {'learning_rate': 0.0006388184506240568, 'max_depth': 8, 'min_child_weight': 7, 'gamma': 0.014807932192203452, 'lambda': 0.03656244126747718, 'alpha': 1.1373153217455957e-08}. Best is trial 11 with value: -0.714528.
[I 2024-01-10 22:30:05,667] Trial 13 finished with value: -0.695728 and parameters: {'learning_rate': 0.001093225604987603, 'max_depth': 6, 'min_child_weight': 6, 'gamma': 0.017683405678330405, 'lambda': 4.819151821573326e-08, 'alpha': 0.0010665567949244227}. Best is trial 11 with value: -0.714528.
[I 2024-01-10 22:43:31,799] Trial 14 finished with value: -0.711854 and parameters: {'learning_rate': 0.008428195683636296, 'max_depth': 8, 'min_child_weight': 10, 'gamma': 0.4638550043083366, 'lambda': 0.8550038939210368, 'alpha': 3.3668953767853765e-07}. Best is trial 11 with value: -0.714528.
[I 2024-01-10 23:19:21,991] Trial 15 finished with value: -0.696395 and parameters: {'learning_rate': 0.0007366977878575893, 'max_depth': 6, 'min_child_weight': 7, 'gamma': 0.0027023328352186265, 'lambda': 0.015510708967496257, 'alpha': 6.0700879481434794e-05}. Best is trial 11 with value: -0.714528.
[I 2024-01-10 23:27:51,990] Trial 16 finished with value: -0.557526 and parameters: {'learning_rate': 0.001745058823381585, 'max_depth': 1, 'min_child_weight': 5, 'gamma': 0.10638802824617773, 'lambda': 0.0048162393457731635, 'alpha': 0.0032676054444587565}. Best is trial 11 with value: -0.714528.
[I 2024-01-10 23:51:46,273] Trial 17 finished with value: -0.695035 and parameters: {'learning_rate': 0.00021944359111332262, 'max_depth': 6, 'min_child_weight': 8, 'gamma': 0.004714971132320247, 'lambda': 0.17762668956926528, 'alpha': 4.290241123084529e-05}. Best is trial 11 with value: -0.714528.
[I 2024-01-11 00:01:07,237] Trial 18 finished with value: -0.623784 and parameters: {'learning_rate': 0.00325570964601505, 'max_depth': 2, 'min_child_weight': 10, 'gamma': 0.10704181061772614, 'lambda': 0.005187446066689832, 'alpha': 1.354393407153415e-07}. Best is trial 11 with value: -0.714528.
[I 2024-01-11 00:18:20,092] Trial 19 finished with value: -0.689503 and parameters: {'learning_rate': 5.964712859243851e-05, 'max_depth': 5, 'min_child_weight': 8, 'gamma': 0.0015955015943962543, 'lambda': 0.2052929157346371, 'alpha': 1.4290611373771349e-05}. Best is trial 11 with value: -0.714528.
[I 2024-01-11 00:33:27,182] Trial 20 finished with value: -0.712581 and parameters: {'learning_rate': 0.0017653220740401112, 'max_depth': 8, 'min_child_weight': 5, 'gamma': 2.6268622418637237e-05, 'lambda': 0.5422373545349658, 'alpha': 0.0001301052277260201}. Best is trial 11 with value: -0.714528.
[I 2024-01-11 01:01:34,352] Trial 21 finished with value: -0.713137 and parameters: {'learning_rate': 0.005136375348504792, 'max_depth': 8, 'min_child_weight': 7, 'gamma': 0.02198245340873461, 'lambda': 0.9433321213951489, 'alpha': 1.6139004475695074e-08}. Best is trial 11 with value: -0.714528.
[I 2024-01-11 01:19:10,895] Trial 22 finished with value: -0.713715 and parameters: {'learning_rate': 0.008267134717389761, 'max_depth': 8, 'min_child_weight': 8, 'gamma': 0.0795403187613139, 'lambda': 0.14535871814003584, 'alpha': 5.893762366431664e-08}. Best is trial 11 with value: -0.714528.
[I 2024-01-11 01:32:51,217] Trial 23 finished with value: -0.708702 and parameters: {'learning_rate': 0.0005965370178365541, 'max_depth': 7, 'min_child_weight': 8, 'gamma': 0.1692713785729823, 'lambda': 0.12942570455348723, 'alpha': 1.2034223117747616e-07}. Best is trial 11 with value: -0.714528.
[I 2024-01-11 02:10:16,325] Trial 24 finished with value: -0.697389 and parameters: {'learning_rate': 0.008423053412955551, 'max_depth': 6, 'min_child_weight': 6, 'gamma': 0.7065465410873157, 'lambda': 0.02001441054940977, 'alpha': 6.041299088829207e-07}. Best is trial 11 with value: -0.714528.
[I 2024-01-11 02:51:24,667] Trial 25 finished with value: -0.712892 and parameters: {'learning_rate': 0.00187003933872141, 'max_depth': 8, 'min_child_weight': 9, 'gamma': 0.05331581286077258, 'lambda': 0.12189391290352497, 'alpha': 6.776799060148377e-08}. Best is trial 11 with value: -0.714528.
[I 2024-01-11 03:17:32,618] Trial 26 finished with value: -0.708863 and parameters: {'learning_rate': 0.009973609316309612, 'max_depth': 7, 'min_child_weight': 8, 'gamma': 0.008009896509133158, 'lambda': 0.008292025345215613, 'alpha': 2.2758650773017804e-06}. Best is trial 11 with value: -0.714528.
[I 2024-01-11 03:39:21,235] Trial 27 finished with value: -0.714518 and parameters: {'learning_rate': 0.003086059485031377, 'max_depth': 8, 'min_child_weight': 6, 'gamma': 0.005373310372393023, 'lambda': 0.05186008821966888, 'alpha': 6.767870125907271e-08}. Best is trial 11 with value: -0.714528.
[I 2024-01-11 04:05:35,341] Trial 28 finished with value: -0.69092 and parameters: {'learning_rate': 0.0005322582980729537, 'max_depth': 5, 'min_child_weight': 6, 'gamma': 0.0006796692262434237, 'lambda': 0.052602160624015744, 'alpha': 3.0635577723642477e-07}. Best is trial 11 with value: -0.714528.
[I 2024-01-11 04:15:44,338] Trial 29 finished with value: -0.631935 and parameters: {'learning_rate': 0.002742107513837295, 'max_depth': 3, 'min_child_weight': 5, 'gamma': 0.006231121444536893, 'lambda': 0.001965004863192639, 'alpha': 8.319056044512392e-07}. Best is trial 11 with value: -0.714528.
[I 2024-01-11 05:05:06,117] Trial 30 finished with value: -0.696621 and parameters: {'learning_rate': 0.00026977110965095035, 'max_depth': 6, 'min_child_weight': 6, 'gamma': 0.00010602052357376502, 'lambda': 0.0337655425269014, 'alpha': 3.127585016201984e-08}. Best is trial 11 with value: -0.714528.
[I 2024-01-11 05:34:55,184] Trial 31 finished with value: -0.714555 and parameters: {'learning_rate': 0.0028352057543200265, 'max_depth': 8, 'min_child_weight': 8, 'gamma': 0.05150725287237638, 'lambda': 0.2854010379067011, 'alpha': 6.558912982231168e-08}. Best is trial 31 with value: -0.714555.
[I 2024-01-11 05:56:22,158] Trial 32 finished with value: -0.707785 and parameters: {'learning_rate': 0.0028887356453735163, 'max_depth': 7, 'min_child_weight': 9, 'gamma': 0.0035999682715231224, 'lambda': 0.36142493818492377, 'alpha': 3.447789863603883e-08}. Best is trial 31 with value: -0.714555.
Number of finished trials:  33
Best trial:
  NDCG@5: 0.714555
  Params: 
    learning_rate: 0.0028352057543200265
    max_depth: 8
    min_child_weight: 8
    gamma: 0.05150725287237638
    lambda: 0.2854010379067011
    alpha: 6.558912982231168e-08
