[I 2024-01-12 16:58:29,843] A new study created in memory with name: no-name-ac27e789-3653-4cf2-ba7b-2214bdfc7637
[I 2024-01-12 17:28:41,413] Trial 0 finished with value: -0.653514 and parameters: {'learning_rate': 3.097386518934168e-08, 'max_depth': 6, 'min_child_weight': 3, 'gamma': 0.22461319562278564, 'lambda': 0.0790132161919976, 'alpha': 0.03657269720185755}. Best is trial 0 with value: -0.653514.
[I 2024-01-12 19:31:05,900] Trial 1 finished with value: -0.683948 and parameters: {'learning_rate': 3.3996109907673537e-06, 'max_depth': 3, 'min_child_weight': 2, 'gamma': 0.012942691563878131, 'lambda': 4.3741490186721127e-07, 'alpha': 1.6403091575232268e-08}. Best is trial 1 with value: -0.683948.
[I 2024-01-12 20:13:55,854] Trial 2 finished with value: -0.649886 and parameters: {'learning_rate': 1.7655865947480095e-07, 'max_depth': 7, 'min_child_weight': 7, 'gamma': 3.793974468769418e-08, 'lambda': 3.988685423036309e-06, 'alpha': 0.40578446173322685}. Best is trial 1 with value: -0.683948.
[I 2024-01-12 22:15:46,090] Trial 3 finished with value: -0.806233 and parameters: {'learning_rate': 0.00408226769546459, 'max_depth': 8, 'min_child_weight': 10, 'gamma': 1.5486682709278634e-06, 'lambda': 2.9052347786162878e-05, 'alpha': 0.16558653131500575}. Best is trial 3 with value: -0.806233.
[I 2024-01-12 22:49:57,439] Trial 4 finished with value: -0.658137 and parameters: {'learning_rate': 4.304537687243039e-06, 'max_depth': 6, 'min_child_weight': 10, 'gamma': 9.718174524828778e-05, 'lambda': 1.5727149292184578e-08, 'alpha': 1.4007981387189038e-07}. Best is trial 3 with value: -0.806233.
[I 2024-01-13 00:11:46,525] Trial 5 finished with value: -0.663627 and parameters: {'learning_rate': 4.454051437685549e-07, 'max_depth': 8, 'min_child_weight': 4, 'gamma': 8.704234919782327e-07, 'lambda': 4.024694387977232e-05, 'alpha': 0.0001342677055127418}. Best is trial 3 with value: -0.806233.
[I 2024-01-13 02:02:09,572] Trial 6 finished with value: -0.809185 and parameters: {'learning_rate': 0.0023141706496663246, 'max_depth': 3, 'min_child_weight': 2, 'gamma': 2.0783324457510327e-06, 'lambda': 0.00016019656870344676, 'alpha': 2.0947562329701933e-08}. Best is trial 6 with value: -0.809185.
[I 2024-01-13 04:03:54,325] Trial 7 finished with value: -0.798346 and parameters: {'learning_rate': 0.001433842014241237, 'max_depth': 3, 'min_child_weight': 2, 'gamma': 1.0197747272579218e-08, 'lambda': 7.0848634863147875e-06, 'alpha': 7.408388685216011e-05}. Best is trial 6 with value: -0.809185.
[I 2024-01-13 04:45:30,394] Trial 8 finished with value: -0.772959 and parameters: {'learning_rate': 0.0004971126154825945, 'max_depth': 1, 'min_child_weight': 9, 'gamma': 5.937715358892054e-08, 'lambda': 0.024813649149330253, 'alpha': 2.937756611318953e-08}. Best is trial 6 with value: -0.809185.
[I 2024-01-13 06:31:21,580] Trial 9 finished with value: -0.784444 and parameters: {'learning_rate': 5.144206640790265e-05, 'max_depth': 7, 'min_child_weight': 7, 'gamma': 0.06303736540972697, 'lambda': 5.2783640676701855e-06, 'alpha': 0.00016075728040114954}. Best is trial 6 with value: -0.809185.
Number of finished trials:  10
Best trial:
  NDCG@25: 0.809185
  Params: 
    learning_rate: 0.0023141706496663246
    max_depth: 3
    min_child_weight: 2
    gamma: 2.0783324457510327e-06
    lambda: 0.00016019656870344676
    alpha: 2.0947562329701933e-08
