[I 2024-01-12 16:59:38,686] A new study created in memory with name: no-name-21009e00-2fd3-4e42-a3f8-75e9b0d3c923
[I 2024-01-12 17:52:32,273] Trial 0 finished with value: -0.792199 and parameters: {'learning_rate': 0.0004242097285613225, 'max_depth': 4, 'min_child_weight': 10, 'gamma': 1.78525888023228e-08, 'lambda': 0.11249132997180633, 'alpha': 1.0633291258184244e-05}. Best is trial 0 with value: -0.792199.
[I 2024-01-12 18:47:59,189] Trial 1 finished with value: -0.802755 and parameters: {'learning_rate': 0.0007355171384409922, 'max_depth': 6, 'min_child_weight': 10, 'gamma': 6.6195422433793724e-06, 'lambda': 1.5596516970786077e-08, 'alpha': 0.016987550109285748}. Best is trial 1 with value: -0.802755.
[I 2024-01-12 19:10:18,255] Trial 2 finished with value: -0.80177 and parameters: {'learning_rate': 5.64916608378385e-05, 'max_depth': 6, 'min_child_weight': 8, 'gamma': 0.024443244026896974, 'lambda': 0.0016741205186342257, 'alpha': 0.000598410526308775}. Best is trial 1 with value: -0.802755.
[I 2024-01-12 20:26:08,599] Trial 3 finished with value: -0.70543 and parameters: {'learning_rate': 2.092207604565492e-08, 'max_depth': 8, 'min_child_weight': 4, 'gamma': 1.702223118510152e-08, 'lambda': 3.4914849434355917e-07, 'alpha': 3.6251571987569683e-06}. Best is trial 1 with value: -0.802755.
[I 2024-01-12 20:43:50,612] Trial 4 finished with value: -0.78759 and parameters: {'learning_rate': 4.723961069335901e-06, 'max_depth': 4, 'min_child_weight': 8, 'gamma': 3.258962363567653e-07, 'lambda': 0.14134725132798107, 'alpha': 0.37211299120614316}. Best is trial 1 with value: -0.802755.
[I 2024-01-12 21:20:22,280] Trial 5 finished with value: -0.800978 and parameters: {'learning_rate': 0.0009990447788995114, 'max_depth': 6, 'min_child_weight': 3, 'gamma': 2.9728336911881824e-08, 'lambda': 3.50343007294248e-07, 'alpha': 0.0027591078987093953}. Best is trial 1 with value: -0.802755.
[I 2024-01-12 21:28:03,043] Trial 6 finished with value: -0.611664 and parameters: {'learning_rate': 1.7524452287382732e-08, 'max_depth': 2, 'min_child_weight': 2, 'gamma': 0.0003710811684118328, 'lambda': 1.0621465446296368e-07, 'alpha': 0.7510234945379436}. Best is trial 1 with value: -0.802755.
[I 2024-01-12 22:31:07,540] Trial 7 finished with value: -0.791139 and parameters: {'learning_rate': 1.3016708437613947e-06, 'max_depth': 4, 'min_child_weight': 10, 'gamma': 0.25348533592953026, 'lambda': 0.00022951740854882012, 'alpha': 0.016107930213960862}. Best is trial 1 with value: -0.802755.
[I 2024-01-12 22:47:19,524] Trial 8 finished with value: -0.807168 and parameters: {'learning_rate': 1.5701850891488468e-05, 'max_depth': 7, 'min_child_weight': 4, 'gamma': 2.3257586432047192e-06, 'lambda': 0.00031853967897025877, 'alpha': 2.9271669267785094e-07}. Best is trial 8 with value: -0.807168.
[I 2024-01-12 23:09:56,079] Trial 9 finished with value: -0.795084 and parameters: {'learning_rate': 4.785746498097002e-06, 'max_depth': 5, 'min_child_weight': 6, 'gamma': 5.674169207087249e-08, 'lambda': 0.6539792269475102, 'alpha': 0.0009208242674811146}. Best is trial 8 with value: -0.807168.
[I 2024-01-12 23:47:09,575] Trial 10 finished with value: -0.81176 and parameters: {'learning_rate': 0.007870765436020985, 'max_depth': 8, 'min_child_weight': 5, 'gamma': 9.718122067454154e-06, 'lambda': 2.5601203144671746e-05, 'alpha': 1.780632158626944e-08}. Best is trial 10 with value: -0.81176.
[I 2024-01-13 00:26:20,332] Trial 11 finished with value: -0.811682 and parameters: {'learning_rate': 0.00883924627343117, 'max_depth': 8, 'min_child_weight': 5, 'gamma': 1.0881048839048777e-05, 'lambda': 1.3514367198465842e-05, 'alpha': 3.2615302371285684e-08}. Best is trial 10 with value: -0.81176.
[I 2024-01-13 01:00:54,477] Trial 12 finished with value: -0.813391 and parameters: {'learning_rate': 0.008715212534852553, 'max_depth': 8, 'min_child_weight': 6, 'gamma': 6.92464123359875e-05, 'lambda': 8.590780309153898e-06, 'alpha': 1.5359633217407638e-08}. Best is trial 12 with value: -0.813391.
[I 2024-01-13 01:30:31,124] Trial 13 finished with value: -0.811632 and parameters: {'learning_rate': 0.00889908245335451, 'max_depth': 8, 'min_child_weight': 7, 'gamma': 0.00020595774208783375, 'lambda': 9.51206054449794e-06, 'alpha': 1.0492467719970243e-08}. Best is trial 12 with value: -0.813391.
[I 2024-01-13 01:56:12,596] Trial 14 finished with value: -0.742271 and parameters: {'learning_rate': 0.009894295362422582, 'max_depth': 2, 'min_child_weight': 6, 'gamma': 5.317996261353305e-05, 'lambda': 8.708786456290284e-06, 'alpha': 1.8048158766297322e-07}. Best is trial 12 with value: -0.813391.
[I 2024-01-13 02:33:23,386] Trial 15 finished with value: -0.806624 and parameters: {'learning_rate': 0.00167534017394422, 'max_depth': 7, 'min_child_weight': 5, 'gamma': 0.0007913931849904389, 'lambda': 0.0034464821257916135, 'alpha': 1.1442125758739296e-08}. Best is trial 12 with value: -0.813391.
[I 2024-01-13 02:41:05,264] Trial 16 finished with value: -0.695415 and parameters: {'learning_rate': 0.00013793395901540886, 'max_depth': 1, 'min_child_weight': 7, 'gamma': 8.462431663780124e-07, 'lambda': 2.413174223752515e-06, 'alpha': 4.4715608905816135e-07}. Best is trial 12 with value: -0.813391.
[I 2024-01-13 03:07:46,908] Trial 17 finished with value: -0.807234 and parameters: {'learning_rate': 0.0030398762876585896, 'max_depth': 7, 'min_child_weight': 5, 'gamma': 4.7919581969101e-05, 'lambda': 4.101824912305939e-05, 'alpha': 1.4238866128409821e-05}. Best is trial 12 with value: -0.813391.
[I 2024-01-13 03:31:07,725] Trial 18 finished with value: -0.796073 and parameters: {'learning_rate': 0.0002957194482964078, 'max_depth': 5, 'min_child_weight': 8, 'gamma': 0.0032082088870633374, 'lambda': 1.1321882509514887e-06, 'alpha': 7.616233420083757e-08}. Best is trial 12 with value: -0.813391.
[I 2024-01-13 03:50:53,534] Trial 19 finished with value: -0.811563 and parameters: {'learning_rate': 0.0020330303524709473, 'max_depth': 8, 'min_child_weight': 2, 'gamma': 2.1345547400035507e-05, 'lambda': 5.548744487244923e-05, 'alpha': 9.459902869372579e-07}. Best is trial 12 with value: -0.813391.
[I 2024-01-13 04:34:05,909] Trial 20 finished with value: -0.807475 and parameters: {'learning_rate': 0.00022097598493470746, 'max_depth': 7, 'min_child_weight': 4, 'gamma': 3.82706016160245e-06, 'lambda': 3.0525548551459557e-06, 'alpha': 1.1908883187051557e-07}. Best is trial 12 with value: -0.813391.
[I 2024-01-13 05:08:27,884] Trial 21 finished with value: -0.811528 and parameters: {'learning_rate': 0.007681371565990147, 'max_depth': 8, 'min_child_weight': 5, 'gamma': 1.583926290930853e-05, 'lambda': 2.0860823131387202e-05, 'alpha': 3.106821363313803e-08}. Best is trial 12 with value: -0.813391.
Number of finished trials:  22
Best trial:
  NDCG@25: 0.813391
  Params: 
    learning_rate: 0.008715212534852553
    max_depth: 8
    min_child_weight: 6
    gamma: 6.92464123359875e-05
    lambda: 8.590780309153898e-06
    alpha: 1.5359633217407638e-08
