[I 2024-01-12 17:00:00,949] A new study created in memory with name: no-name-47210175-5b72-4cb6-bfa4-19ea7e9a5f24
[I 2024-01-12 17:40:44,384] Trial 0 finished with value: -0.849249 and parameters: {'learning_rate': 0.0010638455786501646, 'max_depth': 6, 'min_child_weight': 4, 'gamma': 5.998692537644919e-07, 'lambda': 9.072271900569219e-07, 'alpha': 1.1009244987233417e-05}. Best is trial 0 with value: -0.849249.
[I 2024-01-12 19:17:16,254] Trial 1 finished with value: -0.782718 and parameters: {'learning_rate': 3.1812547100120776e-08, 'max_depth': 7, 'min_child_weight': 4, 'gamma': 1.4430270446150144e-06, 'lambda': 2.450877294115341e-05, 'alpha': 7.790923255800012e-05}. Best is trial 0 with value: -0.849249.
[I 2024-01-12 19:55:11,694] Trial 2 finished with value: -0.849007 and parameters: {'learning_rate': 7.529444610096219e-06, 'max_depth': 6, 'min_child_weight': 4, 'gamma': 0.5570658676357196, 'lambda': 7.87248653713831e-06, 'alpha': 5.3131386616031524e-05}. Best is trial 0 with value: -0.849249.
[I 2024-01-12 20:18:53,316] Trial 3 finished with value: -0.80355 and parameters: {'learning_rate': 0.0005842916155205253, 'max_depth': 2, 'min_child_weight': 4, 'gamma': 0.04228743679519864, 'lambda': 3.4253210921683175e-08, 'alpha': 0.000175373083956133}. Best is trial 0 with value: -0.849249.
[I 2024-01-12 20:54:55,921] Trial 4 finished with value: -0.848924 and parameters: {'learning_rate': 0.0027272019033428643, 'max_depth': 6, 'min_child_weight': 4, 'gamma': 0.02988675771008801, 'lambda': 4.4149905244475554e-08, 'alpha': 0.029394561645322843}. Best is trial 0 with value: -0.849249.
[I 2024-01-12 21:19:29,133] Trial 5 finished with value: -0.766517 and parameters: {'learning_rate': 0.0018836070883122675, 'max_depth': 1, 'min_child_weight': 10, 'gamma': 2.2792842925647178e-05, 'lambda': 5.0186977391726553e-08, 'alpha': 0.3425225063981892}. Best is trial 0 with value: -0.849249.
[I 2024-01-12 21:33:39,215] Trial 6 finished with value: -0.765249 and parameters: {'learning_rate': 7.843472381939347e-08, 'max_depth': 2, 'min_child_weight': 6, 'gamma': 0.0005042509861095041, 'lambda': 1.2046156708980227e-05, 'alpha': 2.653733475136196e-07}. Best is trial 0 with value: -0.849249.
[I 2024-01-12 22:02:27,909] Trial 7 finished with value: -0.854647 and parameters: {'learning_rate': 1.560376916780087e-06, 'max_depth': 8, 'min_child_weight': 8, 'gamma': 0.00010606979178489731, 'lambda': 1.6523501274667338e-05, 'alpha': 0.6153299730929503}. Best is trial 7 with value: -0.854647.
[I 2024-01-12 22:27:55,289] Trial 8 finished with value: -0.848991 and parameters: {'learning_rate': 1.2652481959790284e-06, 'max_depth': 6, 'min_child_weight': 10, 'gamma': 0.00032418036582807484, 'lambda': 0.0005781401075877899, 'alpha': 0.10628229485317495}. Best is trial 7 with value: -0.854647.
[I 2024-01-12 23:44:11,905] Trial 9 finished with value: -0.849233 and parameters: {'learning_rate': 3.4604099892968527e-07, 'max_depth': 8, 'min_child_weight': 8, 'gamma': 0.0005857838322931674, 'lambda': 1.4243401203142862e-05, 'alpha': 0.028788931045260337}. Best is trial 7 with value: -0.854647.
[I 2024-01-12 23:54:10,617] Trial 10 finished with value: -0.686794 and parameters: {'learning_rate': 1.1163535994452557e-08, 'max_depth': 4, 'min_child_weight': 7, 'gamma': 6.692580952416767e-08, 'lambda': 0.014185447254140622, 'alpha': 0.9411042867588811}. Best is trial 7 with value: -0.854647.
[I 2024-01-13 01:05:05,512] Trial 11 finished with value: -0.855822 and parameters: {'learning_rate': 6.602818620222557e-05, 'max_depth': 8, 'min_child_weight': 2, 'gamma': 2.2718023762420926e-08, 'lambda': 8.651853473849349e-07, 'alpha': 1.0179804844922163e-06}. Best is trial 11 with value: -0.855822.
[I 2024-01-13 02:15:58,106] Trial 12 finished with value: -0.855788 and parameters: {'learning_rate': 5.045397038018549e-05, 'max_depth': 8, 'min_child_weight': 8, 'gamma': 1.0004982507996481e-08, 'lambda': 0.9355166151124226, 'alpha': 8.139963852888951e-08}. Best is trial 11 with value: -0.855822.
[I 2024-01-13 02:38:47,761] Trial 13 finished with value: -0.840382 and parameters: {'learning_rate': 9.950314088546578e-05, 'max_depth': 4, 'min_child_weight': 2, 'gamma': 1.089158961620832e-08, 'lambda': 0.4671836616479495, 'alpha': 3.391930036081319e-08}. Best is trial 11 with value: -0.855822.
[I 2024-01-13 03:45:41,410] Trial 14 finished with value: -0.856294 and parameters: {'learning_rate': 4.72744498214597e-05, 'max_depth': 8, 'min_child_weight': 2, 'gamma': 1.9091745024232085e-08, 'lambda': 0.9439927848902248, 'alpha': 4.6041784508261965e-07}. Best is trial 14 with value: -0.856294.
[I 2024-01-13 04:29:08,688] Trial 15 finished with value: -0.853101 and parameters: {'learning_rate': 7.280156259376561e-05, 'max_depth': 7, 'min_child_weight': 2, 'gamma': 2.3564672144593692e-07, 'lambda': 0.0005383405152531033, 'alpha': 1.436404300707021e-06}. Best is trial 14 with value: -0.856294.
[I 2024-01-13 05:00:08,042] Trial 16 finished with value: -0.844155 and parameters: {'learning_rate': 0.006447344557260545, 'max_depth': 5, 'min_child_weight': 2, 'gamma': 3.992731147895408e-06, 'lambda': 0.046729484679568146, 'alpha': 1.4686969297343092e-08}. Best is trial 14 with value: -0.856294.
Number of finished trials:  17
Best trial:
  NDCG@50: 0.856294
  Params: 
    learning_rate: 4.72744498214597e-05
    max_depth: 8
    min_child_weight: 2
    gamma: 1.9091745024232085e-08
    lambda: 0.9439927848902248
    alpha: 4.6041784508261965e-07
