[I 2024-01-12 16:58:18,190] A new study created in memory with name: no-name-8effc4cb-2770-4034-9edd-34a85db07236
[I 2024-01-12 17:27:51,156] Trial 0 finished with value: -0.733724 and parameters: {'learning_rate': 8.118457468794858e-08, 'max_depth': 2, 'min_child_weight': 6, 'gamma': 2.171516741515298e-07, 'lambda': 0.029977329695099534, 'alpha': 5.1007166734991084e-05}. Best is trial 0 with value: -0.733724.
[I 2024-01-12 18:24:00,072] Trial 1 finished with value: -0.723474 and parameters: {'learning_rate': 1.06738433296789e-06, 'max_depth': 1, 'min_child_weight': 9, 'gamma': 0.0002334095924009573, 'lambda': 2.1333361880727235e-05, 'alpha': 9.117110021842204e-07}. Best is trial 0 with value: -0.733724.
[I 2024-01-12 18:58:18,049] Trial 2 finished with value: -0.733506 and parameters: {'learning_rate': 2.8650053287711134e-08, 'max_depth': 1, 'min_child_weight': 10, 'gamma': 0.1805771841353046, 'lambda': 0.6475894972392735, 'alpha': 0.00028796127641104346}. Best is trial 0 with value: -0.733724.
[I 2024-01-12 19:21:59,755] Trial 3 finished with value: -0.725875 and parameters: {'learning_rate': 2.9305420441921677e-08, 'max_depth': 2, 'min_child_weight': 10, 'gamma': 1.537181310901812e-06, 'lambda': 0.00010463545677682977, 'alpha': 3.565678955451442e-05}. Best is trial 0 with value: -0.733724.
[I 2024-01-12 19:56:20,210] Trial 4 finished with value: -0.738339 and parameters: {'learning_rate': 1.1602059496716995e-06, 'max_depth': 2, 'min_child_weight': 4, 'gamma': 1.009286533497027e-05, 'lambda': 0.3761864347411342, 'alpha': 5.579702466604832e-08}. Best is trial 4 with value: -0.738339.
[I 2024-01-12 22:00:59,462] Trial 5 finished with value: -0.842354 and parameters: {'learning_rate': 0.0007613766533660129, 'max_depth': 5, 'min_child_weight': 6, 'gamma': 0.05476412146004481, 'lambda': 3.6054169624403535e-06, 'alpha': 0.9950662619459371}. Best is trial 5 with value: -0.842354.
[I 2024-01-12 22:45:18,398] Trial 6 finished with value: -0.730264 and parameters: {'learning_rate': 1.5189999883464305e-07, 'max_depth': 4, 'min_child_weight': 7, 'gamma': 3.974080856352893e-06, 'lambda': 0.005691206149655128, 'alpha': 1.7317946761447866e-06}. Best is trial 5 with value: -0.842354.
[I 2024-01-12 23:12:49,759] Trial 7 finished with value: -0.748246 and parameters: {'learning_rate': 5.73851758959691e-06, 'max_depth': 3, 'min_child_weight': 2, 'gamma': 0.01915319102492204, 'lambda': 0.0014383131551506817, 'alpha': 0.00015602096885183398}. Best is trial 5 with value: -0.842354.
[I 2024-01-13 01:09:51,613] Trial 8 finished with value: -0.833373 and parameters: {'learning_rate': 7.09499223075866e-05, 'max_depth': 7, 'min_child_weight': 3, 'gamma': 9.270524822718154e-08, 'lambda': 0.0011704883770027373, 'alpha': 0.18238902778231766}. Best is trial 5 with value: -0.842354.
[I 2024-01-13 02:24:44,498] Trial 9 finished with value: -0.735682 and parameters: {'learning_rate': 1.74224301078589e-08, 'max_depth': 6, 'min_child_weight': 9, 'gamma': 0.8164798995985396, 'lambda': 2.142396302353898e-05, 'alpha': 2.0741938561895338e-08}. Best is trial 5 with value: -0.842354.
[I 2024-01-13 03:36:55,581] Trial 10 finished with value: -0.848027 and parameters: {'learning_rate': 0.005990170956410433, 'max_depth': 8, 'min_child_weight': 6, 'gamma': 0.0021331177976830562, 'lambda': 1.1002906550943494e-07, 'alpha': 0.6574957735337211}. Best is trial 10 with value: -0.848027.
[I 2024-01-13 05:39:31,206] Trial 11 finished with value: -0.843313 and parameters: {'learning_rate': 0.008349800249187727, 'max_depth': 8, 'min_child_weight': 6, 'gamma': 0.0023255733770747708, 'lambda': 1.1278181094466594e-07, 'alpha': 0.6982221740177943}. Best is trial 10 with value: -0.848027.
Number of finished trials:  12
Best trial:
  NDCG@50: 0.848027
  Params: 
    learning_rate: 0.005990170956410433
    max_depth: 8
    min_child_weight: 6
    gamma: 0.0021331177976830562
    lambda: 1.1002906550943494e-07
    alpha: 0.6574957735337211
