[I 2024-01-12 16:41:31,089] A new study created in memory with name: no-name-fc0e8bfb-acdd-482d-9435-76109b063540
[I 2024-01-12 16:50:12,932] Trial 0 finished with value: -0.501715 and parameters: {'learning_rate': 1.1028336618454108e-08, 'max_depth': 5, 'min_child_weight': 8, 'gamma': 0.6377862672784549, 'lambda': 0.0015629966931068255, 'alpha': 0.11859318697242209}. Best is trial 0 with value: -0.501715.
[I 2024-01-12 17:21:42,686] Trial 1 finished with value: -0.746233 and parameters: {'learning_rate': 4.131433680149706e-06, 'max_depth': 7, 'min_child_weight': 10, 'gamma': 1.7124531996209987e-07, 'lambda': 7.023859717859976e-07, 'alpha': 0.45640245018422576}. Best is trial 1 with value: -0.746233.
[I 2024-01-12 17:45:42,967] Trial 2 finished with value: -0.683918 and parameters: {'learning_rate': 1.8504002717866573e-07, 'max_depth': 4, 'min_child_weight': 7, 'gamma': 1.8729411600589231e-06, 'lambda': 4.0691395190961626e-07, 'alpha': 0.04173262104364587}. Best is trial 1 with value: -0.746233.
[I 2024-01-12 18:06:14,521] Trial 3 finished with value: -0.738227 and parameters: {'learning_rate': 1.3186436643330536e-05, 'max_depth': 6, 'min_child_weight': 7, 'gamma': 3.219365900423903e-05, 'lambda': 0.26372646023216684, 'alpha': 1.5806781796352598e-06}. Best is trial 1 with value: -0.746233.
[I 2024-01-12 18:44:31,516] Trial 4 finished with value: -0.665549 and parameters: {'learning_rate': 1.2614639185017484e-07, 'max_depth': 5, 'min_child_weight': 9, 'gamma': 6.864282056206798e-07, 'lambda': 4.220148862567343e-08, 'alpha': 0.001770609210467963}. Best is trial 1 with value: -0.746233.
[I 2024-01-12 19:18:33,678] Trial 5 finished with value: -0.732212 and parameters: {'learning_rate': 6.780735406244098e-05, 'max_depth': 5, 'min_child_weight': 2, 'gamma': 1.6867828288303728e-08, 'lambda': 0.011762920026003737, 'alpha': 0.092484306598798}. Best is trial 1 with value: -0.746233.
[I 2024-01-12 19:26:51,094] Trial 6 finished with value: -0.610375 and parameters: {'learning_rate': 0.00014809701304157932, 'max_depth': 1, 'min_child_weight': 3, 'gamma': 0.00012396567303009324, 'lambda': 0.0008867425955051198, 'alpha': 0.4349093807414391}. Best is trial 1 with value: -0.746233.
[I 2024-01-12 20:11:28,325] Trial 7 finished with value: -0.736706 and parameters: {'learning_rate': 3.0953613783786394e-07, 'max_depth': 8, 'min_child_weight': 7, 'gamma': 7.061243464997181e-05, 'lambda': 5.719639210904348e-08, 'alpha': 0.0007912230555979085}. Best is trial 1 with value: -0.746233.
[I 2024-01-12 20:26:06,698] Trial 8 finished with value: -0.677758 and parameters: {'learning_rate': 1.0913628643017078e-05, 'max_depth': 3, 'min_child_weight': 7, 'gamma': 5.875242163514349e-07, 'lambda': 1.9336186167239877e-05, 'alpha': 0.0005916061931987317}. Best is trial 1 with value: -0.746233.
[I 2024-01-12 21:08:20,765] Trial 9 finished with value: -0.645896 and parameters: {'learning_rate': 8.024052871159216e-08, 'max_depth': 5, 'min_child_weight': 4, 'gamma': 9.384153733914979e-06, 'lambda': 6.018730212319368e-06, 'alpha': 9.37613435739859e-08}. Best is trial 1 with value: -0.746233.
[I 2024-01-12 21:40:38,909] Trial 10 finished with value: -0.752752 and parameters: {'learning_rate': 0.0032305866695672256, 'max_depth': 8, 'min_child_weight': 10, 'gamma': 1.6303578542989878e-08, 'lambda': 2.8184001006534664e-06, 'alpha': 1.5168302185175042e-05}. Best is trial 10 with value: -0.752752.
[I 2024-01-12 22:09:17,332] Trial 11 finished with value: -0.753075 and parameters: {'learning_rate': 0.00658372594661319, 'max_depth': 8, 'min_child_weight': 10, 'gamma': 1.0144907066386605e-08, 'lambda': 4.285866443018629e-06, 'alpha': 1.723452824593179e-05}. Best is trial 11 with value: -0.753075.
[I 2024-01-12 22:33:00,638] Trial 12 finished with value: -0.752674 and parameters: {'learning_rate': 0.008273558320119223, 'max_depth': 8, 'min_child_weight': 10, 'gamma': 1.073002914763842e-08, 'lambda': 1.2328874496225137e-05, 'alpha': 1.1118580704699073e-05}. Best is trial 11 with value: -0.753075.
[I 2024-01-12 22:46:23,598] Trial 13 finished with value: -0.745433 and parameters: {'learning_rate': 0.009714330148828847, 'max_depth': 7, 'min_child_weight': 5, 'gamma': 1.0745842456510534e-08, 'lambda': 8.19193490126708e-05, 'alpha': 1.8413553763391324e-05}. Best is trial 11 with value: -0.753075.
[I 2024-01-12 23:11:34,332] Trial 14 finished with value: -0.747105 and parameters: {'learning_rate': 0.0012885269884142193, 'max_depth': 7, 'min_child_weight': 9, 'gamma': 9.700509954263224e-08, 'lambda': 6.742783843553282e-07, 'alpha': 1.6294540473303367e-08}. Best is trial 11 with value: -0.753075.
[I 2024-01-12 23:56:16,431] Trial 15 finished with value: -0.753093 and parameters: {'learning_rate': 0.0018900382250532273, 'max_depth': 8, 'min_child_weight': 10, 'gamma': 1.222386076576843e-07, 'lambda': 3.80826645591915e-06, 'alpha': 1.2773980599028932e-06}. Best is trial 15 with value: -0.753093.
[I 2024-01-13 00:06:32,648] Trial 16 finished with value: -0.67761 and parameters: {'learning_rate': 0.0005969612685053669, 'max_depth': 3, 'min_child_weight': 9, 'gamma': 1.3122326108132004e-07, 'lambda': 1.2188932610986127e-08, 'alpha': 6.913249461955741e-07}. Best is trial 15 with value: -0.753093.
[I 2024-01-13 00:23:49,306] Trial 17 finished with value: -0.739903 and parameters: {'learning_rate': 0.0008609118738757683, 'max_depth': 6, 'min_child_weight': 5, 'gamma': 1.0800668095876216e-07, 'lambda': 0.00018064494689052892, 'alpha': 1.3255384620531761e-06}. Best is trial 15 with value: -0.753093.
[I 2024-01-13 00:32:05,889] Trial 18 finished with value: -0.610375 and parameters: {'learning_rate': 0.002428313070297507, 'max_depth': 1, 'min_child_weight': 8, 'gamma': 7.864505674193646e-06, 'lambda': 3.9990028004069375e-05, 'alpha': 8.8322929176191e-05}. Best is trial 15 with value: -0.753093.
[I 2024-01-13 00:54:43,304] Trial 19 finished with value: -0.747114 and parameters: {'learning_rate': 0.00031595102114633146, 'max_depth': 7, 'min_child_weight': 8, 'gamma': 1.7722738827768909e-06, 'lambda': 3.317465698509018e-06, 'alpha': 2.2355144680949424e-07}. Best is trial 15 with value: -0.753093.
[I 2024-01-13 01:22:23,881] Trial 20 finished with value: -0.738308 and parameters: {'learning_rate': 0.0026234017825197704, 'max_depth': 6, 'min_child_weight': 6, 'gamma': 0.0004910953828911181, 'lambda': 2.0688108849651392e-07, 'alpha': 1.300185309777131e-08}. Best is trial 15 with value: -0.753093.
[I 2024-01-13 01:50:35,107] Trial 21 finished with value: -0.752443 and parameters: {'learning_rate': 0.0037876860050133155, 'max_depth': 8, 'min_child_weight': 10, 'gamma': 3.5701241707971e-08, 'lambda': 3.281178091992215e-06, 'alpha': 7.282903821486421e-06}. Best is trial 15 with value: -0.753093.
[I 2024-01-13 02:12:36,418] Trial 22 finished with value: -0.751792 and parameters: {'learning_rate': 0.009955993196604701, 'max_depth': 8, 'min_child_weight': 10, 'gamma': 5.4334856190444185e-08, 'lambda': 1.387221713151819e-06, 'alpha': 2.047107958388512e-05}. Best is trial 15 with value: -0.753093.
[I 2024-01-13 02:52:09,615] Trial 23 finished with value: -0.754408 and parameters: {'learning_rate': 0.0008167461672253133, 'max_depth': 8, 'min_child_weight': 9, 'gamma': 1.0295540897050324e-08, 'lambda': 4.572625037141653e-06, 'alpha': 3.967150696489526e-06}. Best is trial 23 with value: -0.754408.
[I 2024-01-13 03:27:38,354] Trial 24 finished with value: -0.747818 and parameters: {'learning_rate': 0.00042201700852686515, 'max_depth': 7, 'min_child_weight': 9, 'gamma': 2.655458587619919e-07, 'lambda': 1.4360483089531326e-05, 'alpha': 2.3717370455078976e-06}. Best is trial 23 with value: -0.754408.
[I 2024-01-13 03:43:56,353] Trial 25 finished with value: -0.753542 and parameters: {'learning_rate': 0.0012351565948607488, 'max_depth': 8, 'min_child_weight': 9, 'gamma': 3.823323395327019e-08, 'lambda': 1.3657939150324996e-05, 'alpha': 1.9669547359105906e-07}. Best is trial 23 with value: -0.754408.
[I 2024-01-13 04:03:11,513] Trial 26 finished with value: -0.738494 and parameters: {'learning_rate': 0.0015895421359164782, 'max_depth': 6, 'min_child_weight': 8, 'gamma': 4.971794435593529e-08, 'lambda': 3.78974304590814e-05, 'alpha': 1.1321685014005804e-07}. Best is trial 23 with value: -0.754408.
[I 2024-01-13 04:32:20,544] Trial 27 finished with value: -0.74623 and parameters: {'learning_rate': 0.00015049751563055874, 'max_depth': 7, 'min_child_weight': 9, 'gamma': 4.915492411645134e-07, 'lambda': 1.9052906481876388e-07, 'alpha': 3.960576407472197e-07}. Best is trial 23 with value: -0.754408.
[I 2024-01-13 04:43:26,735] Trial 28 finished with value: -0.675062 and parameters: {'learning_rate': 0.0009540276040153725, 'max_depth': 2, 'min_child_weight': 6, 'gamma': 7.859608618951431e-08, 'lambda': 0.00024296723003470132, 'alpha': 4.57931716174647e-08}. Best is trial 23 with value: -0.754408.
Number of finished trials:  29
Best trial:
  NDCG@10: 0.754408
  Params: 
    learning_rate: 0.0008167461672253133
    max_depth: 8
    min_child_weight: 9
    gamma: 1.0295540897050324e-08
    lambda: 4.572625037141653e-06
    alpha: 3.967150696489526e-06
