[I 2024-01-12 16:41:32,943] A new study created in memory with name: no-name-44b924e1-2908-4fe3-86f0-be051db2f9b9
[I 2024-01-12 16:54:12,746] Trial 0 finished with value: -0.611816 and parameters: {'learning_rate': 5.386608332065414e-08, 'max_depth': 3, 'min_child_weight': 5, 'gamma': 0.2502765512660669, 'lambda': 2.488765852051634e-06, 'alpha': 0.949522196123813}. Best is trial 0 with value: -0.611816.
[I 2024-01-12 17:50:27,309] Trial 1 finished with value: -0.752273 and parameters: {'learning_rate': 9.261598176286143e-07, 'max_depth': 8, 'min_child_weight': 10, 'gamma': 2.564535761391354e-06, 'lambda': 0.0016132666272872707, 'alpha': 2.160912927519094e-08}. Best is trial 1 with value: -0.752273.
[I 2024-01-12 18:51:08,210] Trial 2 finished with value: -0.654522 and parameters: {'learning_rate': 1.1242672042194435e-07, 'max_depth': 4, 'min_child_weight': 4, 'gamma': 0.00023895984633127054, 'lambda': 0.001262640230244893, 'alpha': 6.283531269455204e-07}. Best is trial 1 with value: -0.752273.
[I 2024-01-12 19:00:13,105] Trial 3 finished with value: -0.610375 and parameters: {'learning_rate': 1.2159213797699964e-06, 'max_depth': 1, 'min_child_weight': 4, 'gamma': 0.004518638833119671, 'lambda': 0.0019343304628400971, 'alpha': 0.08884925795176403}. Best is trial 1 with value: -0.752273.
[I 2024-01-12 19:51:05,877] Trial 4 finished with value: -0.75421 and parameters: {'learning_rate': 0.00015172371422938647, 'max_depth': 8, 'min_child_weight': 8, 'gamma': 2.269769544651315e-05, 'lambda': 0.013504035723320956, 'alpha': 4.81415031404741e-06}. Best is trial 4 with value: -0.75421.
[I 2024-01-12 20:00:08,740] Trial 5 finished with value: -0.610375 and parameters: {'learning_rate': 8.014024030282002e-07, 'max_depth': 1, 'min_child_weight': 8, 'gamma': 0.4428103734752156, 'lambda': 0.0001417187580773702, 'alpha': 2.3935928187224546e-05}. Best is trial 4 with value: -0.75421.
[I 2024-01-12 20:36:27,879] Trial 6 finished with value: -0.739323 and parameters: {'learning_rate': 0.00017397983848093168, 'max_depth': 6, 'min_child_weight': 9, 'gamma': 1.030154774236991e-06, 'lambda': 0.0009525487139274792, 'alpha': 0.00010361560162549957}. Best is trial 4 with value: -0.75421.
[I 2024-01-12 21:22:48,175] Trial 7 finished with value: -0.691626 and parameters: {'learning_rate': 3.022218920030651e-07, 'max_depth': 4, 'min_child_weight': 8, 'gamma': 5.719098305559068e-05, 'lambda': 9.995362349230766e-08, 'alpha': 5.6630861479233366e-08}. Best is trial 4 with value: -0.75421.
[I 2024-01-12 21:31:51,176] Trial 8 finished with value: -0.610375 and parameters: {'learning_rate': 0.0011457897057239352, 'max_depth': 1, 'min_child_weight': 8, 'gamma': 0.9560006338838946, 'lambda': 0.06590957672650889, 'alpha': 1.1364762194868994e-06}. Best is trial 4 with value: -0.75421.
[I 2024-01-12 22:20:23,523] Trial 9 finished with value: -0.740153 and parameters: {'learning_rate': 0.00042586834501042375, 'max_depth': 6, 'min_child_weight': 4, 'gamma': 5.9447167156810144e-05, 'lambda': 0.18395548275054974, 'alpha': 2.755652541261444e-05}. Best is trial 4 with value: -0.75421.
[I 2024-01-12 22:39:04,545] Trial 10 finished with value: -0.75279 and parameters: {'learning_rate': 0.008538547995187343, 'max_depth': 8, 'min_child_weight': 6, 'gamma': 1.9246104524928286e-08, 'lambda': 0.6039139023938515, 'alpha': 0.0015824585413884396}. Best is trial 4 with value: -0.75421.
[I 2024-01-12 23:01:21,389] Trial 11 finished with value: -0.751341 and parameters: {'learning_rate': 0.008134908239127627, 'max_depth': 8, 'min_child_weight': 2, 'gamma': 1.2067574489826604e-08, 'lambda': 0.6266263226557445, 'alpha': 0.0017336047072483794}. Best is trial 4 with value: -0.75421.
[I 2024-01-12 23:20:43,889] Trial 12 finished with value: -0.747271 and parameters: {'learning_rate': 2.297411181893361e-05, 'max_depth': 7, 'min_child_weight': 6, 'gamma': 2.868659561290414e-08, 'lambda': 0.028330314251269532, 'alpha': 0.0016517321724165352}. Best is trial 4 with value: -0.75421.
[I 2024-01-12 23:52:38,047] Trial 13 finished with value: -0.738553 and parameters: {'learning_rate': 0.006872122368809851, 'max_depth': 6, 'min_child_weight': 7, 'gamma': 3.196619744332092e-07, 'lambda': 0.69215109277624, 'alpha': 0.0007842257296819857}. Best is trial 4 with value: -0.75421.
[I 2024-01-13 00:20:15,288] Trial 14 finished with value: -0.752834 and parameters: {'learning_rate': 5.955125858697339e-05, 'max_depth': 8, 'min_child_weight': 6, 'gamma': 9.671530369137936e-08, 'lambda': 0.021168002919466303, 'alpha': 3.833589013679292e-06}. Best is trial 4 with value: -0.75421.
[I 2024-01-13 00:53:41,136] Trial 15 finished with value: -0.74623 and parameters: {'learning_rate': 2.449514926144951e-05, 'max_depth': 7, 'min_child_weight': 10, 'gamma': 6.150164771826623e-06, 'lambda': 0.018710250168612965, 'alpha': 1.4760971636626844e-06}. Best is trial 4 with value: -0.75421.
[I 2024-01-13 01:02:55,614] Trial 16 finished with value: -0.501715 and parameters: {'learning_rate': 1.1603492779085333e-08, 'max_depth': 7, 'min_child_weight': 7, 'gamma': 1.986142620670253e-07, 'lambda': 0.012374088298711618, 'alpha': 3.729057352613426e-06}. Best is trial 4 with value: -0.75421.
[I 2024-01-13 01:23:52,115] Trial 17 finished with value: -0.731062 and parameters: {'learning_rate': 7.02397424956864e-05, 'max_depth': 5, 'min_child_weight': 7, 'gamma': 1.3736232569845193e-07, 'lambda': 5.922016034797379e-05, 'alpha': 2.3489400158953918e-07}. Best is trial 4 with value: -0.75421.
[I 2024-01-13 01:41:12,176] Trial 18 finished with value: -0.678499 and parameters: {'learning_rate': 7.457588023887483e-06, 'max_depth': 3, 'min_child_weight': 2, 'gamma': 9.10586984688221e-06, 'lambda': 0.011305478662181893, 'alpha': 1.3061545791363803e-07}. Best is trial 4 with value: -0.75421.
[I 2024-01-13 02:09:21,387] Trial 19 finished with value: -0.754347 and parameters: {'learning_rate': 5.816195782060063e-06, 'max_depth': 8, 'min_child_weight': 5, 'gamma': 0.00043697946566044065, 'lambda': 0.06494850003361376, 'alpha': 1.5367147810713212e-08}. Best is trial 19 with value: -0.754347.
[I 2024-01-13 02:46:51,954] Trial 20 finished with value: -0.731858 and parameters: {'learning_rate': 3.971085897100811e-06, 'max_depth': 5, 'min_child_weight': 3, 'gamma': 0.0008351431545065164, 'lambda': 0.1103360643960644, 'alpha': 1.2061872627498713e-08}. Best is trial 19 with value: -0.754347.
[I 2024-01-13 03:24:16,992] Trial 21 finished with value: -0.754013 and parameters: {'learning_rate': 5.7789366946882485e-05, 'max_depth': 8, 'min_child_weight': 5, 'gamma': 2.3468153242897185e-05, 'lambda': 0.06893216105045802, 'alpha': 1.1444113820019721e-07}. Best is trial 19 with value: -0.754347.
[I 2024-01-13 03:45:02,401] Trial 22 finished with value: -0.746249 and parameters: {'learning_rate': 8.46907760922712e-06, 'max_depth': 7, 'min_child_weight': 5, 'gamma': 1.887913422208e-05, 'lambda': 0.12084965524383545, 'alpha': 6.388401829740461e-08}. Best is trial 19 with value: -0.754347.
[I 2024-01-13 04:17:36,619] Trial 23 finished with value: -0.754023 and parameters: {'learning_rate': 0.00020385206948820208, 'max_depth': 8, 'min_child_weight': 5, 'gamma': 0.00026407441015973364, 'lambda': 0.12990200091517337, 'alpha': 2.288100805960259e-07}. Best is trial 19 with value: -0.754347.
[I 2024-01-13 04:42:40,611] Trial 24 finished with value: -0.74669 and parameters: {'learning_rate': 0.0007427987886447277, 'max_depth': 7, 'min_child_weight': 3, 'gamma': 0.0003583852131780877, 'lambda': 0.9181748674639993, 'alpha': 1.0605633302811027e-08}. Best is trial 19 with value: -0.754347.
Number of finished trials:  25
Best trial:
  NDCG@10: 0.754347
  Params: 
    learning_rate: 5.816195782060063e-06
    max_depth: 8
    min_child_weight: 5
    gamma: 0.00043697946566044065
    lambda: 0.06494850003361376
    alpha: 1.5367147810713212e-08
