[I 2024-01-12 16:41:33,912] A new study created in memory with name: no-name-d625546e-3031-4a8d-9af4-132b691e95c6
[I 2024-01-12 17:13:26,301] Trial 0 finished with value: -0.726301 and parameters: {'learning_rate': 0.0016367782115412001, 'max_depth': 4, 'min_child_weight': 8, 'gamma': 0.6956293054105729, 'lambda': 0.008671485023336234, 'alpha': 1.8342955589087797e-05}. Best is trial 0 with value: -0.726301.
[I 2024-01-12 17:58:09,757] Trial 1 finished with value: -0.738631 and parameters: {'learning_rate': 0.00017287592662129894, 'max_depth': 6, 'min_child_weight': 5, 'gamma': 5.5187586066383135e-08, 'lambda': 1.0661863083271558e-06, 'alpha': 3.7523089048457355e-05}. Best is trial 1 with value: -0.738631.
[I 2024-01-12 18:47:31,065] Trial 2 finished with value: -0.733752 and parameters: {'learning_rate': 4.138112836213064e-05, 'max_depth': 5, 'min_child_weight': 7, 'gamma': 0.03314053375333984, 'lambda': 0.5933197447673492, 'alpha': 4.1174187047190715e-06}. Best is trial 1 with value: -0.738631.
[I 2024-01-12 19:28:40,833] Trial 3 finished with value: -0.746819 and parameters: {'learning_rate': 0.0002621742487661151, 'max_depth': 7, 'min_child_weight': 6, 'gamma': 0.384253152023197, 'lambda': 0.0022683860499674922, 'alpha': 0.014929030235499952}. Best is trial 3 with value: -0.746819.
[I 2024-01-12 20:10:54,374] Trial 4 finished with value: -0.660037 and parameters: {'learning_rate': 1.2109620464485747e-07, 'max_depth': 5, 'min_child_weight': 4, 'gamma': 0.00011042416946385206, 'lambda': 3.8224801666641716e-08, 'alpha': 0.0038842107513741937}. Best is trial 3 with value: -0.746819.
[I 2024-01-12 20:25:38,194] Trial 5 finished with value: -0.678016 and parameters: {'learning_rate': 0.0051282373263597265, 'max_depth': 3, 'min_child_weight': 7, 'gamma': 0.0033492347888152024, 'lambda': 2.8440424396468433e-05, 'alpha': 5.885278185799235e-08}. Best is trial 3 with value: -0.746819.
[I 2024-01-12 20:43:33,704] Trial 6 finished with value: -0.731105 and parameters: {'learning_rate': 0.002421776476600806, 'max_depth': 5, 'min_child_weight': 3, 'gamma': 1.8068741382527338e-07, 'lambda': 0.040006885269866586, 'alpha': 3.626231536906608e-05}. Best is trial 3 with value: -0.746819.
[I 2024-01-12 21:00:51,229] Trial 7 finished with value: -0.674714 and parameters: {'learning_rate': 0.00013322028127412967, 'max_depth': 2, 'min_child_weight': 5, 'gamma': 7.228434312925544e-05, 'lambda': 6.075451098250529e-08, 'alpha': 4.84889940059118e-07}. Best is trial 3 with value: -0.746819.
[I 2024-01-12 21:10:02,486] Trial 8 finished with value: -0.501715 and parameters: {'learning_rate': 1.0762815965283178e-08, 'max_depth': 6, 'min_child_weight': 6, 'gamma': 0.0012417129849515952, 'lambda': 0.4990332149136356, 'alpha': 0.00035397409159714904}. Best is trial 3 with value: -0.746819.
[I 2024-01-12 21:19:09,978] Trial 9 finished with value: -0.501715 and parameters: {'learning_rate': 1.0272559915720327e-08, 'max_depth': 4, 'min_child_weight': 7, 'gamma': 0.001805953234585589, 'lambda': 0.00012015460903075899, 'alpha': 0.01249377340496493}. Best is trial 3 with value: -0.746819.
[I 2024-01-12 22:05:05,173] Trial 10 finished with value: -0.753284 and parameters: {'learning_rate': 3.434615845916844e-06, 'max_depth': 8, 'min_child_weight': 10, 'gamma': 0.39797230925005594, 'lambda': 0.0006083720525803238, 'alpha': 0.8894727244009272}. Best is trial 10 with value: -0.753284.
[I 2024-01-12 22:32:47,642] Trial 11 finished with value: -0.75331 and parameters: {'learning_rate': 2.8940906951435604e-06, 'max_depth': 8, 'min_child_weight': 10, 'gamma': 0.8484843433724188, 'lambda': 0.0009156973863707916, 'alpha': 0.7441714550373227}. Best is trial 11 with value: -0.75331.
[I 2024-01-12 23:13:51,280] Trial 12 finished with value: -0.752815 and parameters: {'learning_rate': 3.559513861109844e-06, 'max_depth': 8, 'min_child_weight': 10, 'gamma': 0.9709075037295728, 'lambda': 0.00046721715011609736, 'alpha': 0.7376594075037384}. Best is trial 11 with value: -0.75331.
[I 2024-01-12 23:54:00,701] Trial 13 finished with value: -0.754171 and parameters: {'learning_rate': 3.0011703372071665e-06, 'max_depth': 8, 'min_child_weight': 10, 'gamma': 0.06511673022306333, 'lambda': 2.6389693004718167e-05, 'alpha': 0.8055234530501937}. Best is trial 13 with value: -0.754171.
[I 2024-01-13 00:56:21,066] Trial 14 finished with value: -0.744737 and parameters: {'learning_rate': 6.219254426395853e-07, 'max_depth': 7, 'min_child_weight': 9, 'gamma': 0.03799020745505133, 'lambda': 1.981481592791043e-05, 'alpha': 0.17492874250684268}. Best is trial 13 with value: -0.754171.
[I 2024-01-13 01:47:15,935] Trial 15 finished with value: -0.754271 and parameters: {'learning_rate': 1.3525474757284965e-05, 'max_depth': 8, 'min_child_weight': 9, 'gamma': 0.02812696358644253, 'lambda': 4.854203426170202e-06, 'alpha': 0.08986856304855434}. Best is trial 15 with value: -0.754271.
[I 2024-01-13 01:56:21,487] Trial 16 finished with value: -0.610375 and parameters: {'learning_rate': 1.60531470188533e-05, 'max_depth': 1, 'min_child_weight': 9, 'gamma': 0.023999343013903014, 'lambda': 7.045539800072278e-06, 'alpha': 0.07939810347101241}. Best is trial 15 with value: -0.754271.
[I 2024-01-13 02:24:08,619] Trial 17 finished with value: -0.746023 and parameters: {'learning_rate': 1.7745454315621602e-05, 'max_depth': 7, 'min_child_weight': 9, 'gamma': 0.031105410407831276, 'lambda': 1.0677988420286803e-06, 'alpha': 0.0009452579235643395}. Best is trial 15 with value: -0.754271.
[I 2024-01-13 03:11:58,454] Trial 18 finished with value: -0.736508 and parameters: {'learning_rate': 8.773098935678277e-07, 'max_depth': 6, 'min_child_weight': 8, 'gamma': 0.00012430864383331083, 'lambda': 2.3917784985402417e-06, 'alpha': 0.0610310619506583}. Best is trial 15 with value: -0.754271.
[I 2024-01-13 03:54:48,346] Trial 19 finished with value: -0.75408 and parameters: {'learning_rate': 5.2172263079473626e-05, 'max_depth': 8, 'min_child_weight': 8, 'gamma': 0.07206247774600426, 'lambda': 6.941536800741818e-05, 'alpha': 0.001281391208189646}. Best is trial 15 with value: -0.754271.
[I 2024-01-13 04:29:17,933] Trial 20 finished with value: -0.747038 and parameters: {'learning_rate': 8.705197674030413e-06, 'max_depth': 7, 'min_child_weight': 2, 'gamma': 0.005701409249162434, 'lambda': 4.027177422530685e-07, 'alpha': 0.01738832658127029}. Best is trial 15 with value: -0.754271.
[I 2024-01-13 04:51:10,306] Trial 21 finished with value: -0.753531 and parameters: {'learning_rate': 5.3770062875372764e-05, 'max_depth': 8, 'min_child_weight': 8, 'gamma': 0.1165262237296532, 'lambda': 5.519197048834988e-05, 'alpha': 0.0023531586838298393}. Best is trial 15 with value: -0.754271.
Number of finished trials:  22
Best trial:
  NDCG@10: 0.754271
  Params: 
    learning_rate: 1.3525474757284965e-05
    max_depth: 8
    min_child_weight: 9
    gamma: 0.02812696358644253
    lambda: 4.854203426170202e-06
    alpha: 0.08986856304855434
