[I 2024-01-12 16:41:40,219] A new study created in memory with name: no-name-540ccde2-2692-4e39-90be-d3d31398f036
[I 2024-01-12 17:58:04,219] Trial 0 finished with value: 0.7711237646441464 and parameters: {'n_layers': 3, 'n_units_l0': 12, 'n_units_l1': 62, 'n_units_l2': 59, 'optimizer': 'SGD', 'lr': 0.0009663553562681982, 'batch_size': 256}. Best is trial 0 with value: 0.7711237646441464.
[I 2024-01-12 18:28:24,783] Trial 1 finished with value: 0.7581120138127457 and parameters: {'n_layers': 3, 'n_units_l0': 101, 'n_units_l1': 104, 'n_units_l2': 99, 'optimizer': 'Adam', 'lr': 0.009816062700506558, 'batch_size': 256}. Best is trial 0 with value: 0.7711237646441464.
[I 2024-01-12 19:17:37,421] Trial 2 finished with value: 0.7753519946203257 and parameters: {'n_layers': 1, 'n_units_l0': 103, 'optimizer': 'SGD', 'lr': 0.0031838497262487646, 'batch_size': 256}. Best is trial 2 with value: 0.7753519946203257.
[I 2024-01-12 19:33:57,633] Trial 3 finished with value: 0.7046453454832634 and parameters: {'n_layers': 3, 'n_units_l0': 124, 'n_units_l1': 12, 'n_units_l2': 93, 'optimizer': 'SGD', 'lr': 0.05291065289708967, 'batch_size': 64}. Best is trial 2 with value: 0.7753519946203257.
[I 2024-01-12 21:40:30,029] Trial 4 finished with value: 0.7738053441038384 and parameters: {'n_layers': 2, 'n_units_l0': 36, 'n_units_l1': 58, 'optimizer': 'Adam', 'lr': 0.0002329937336171861, 'batch_size': 256}. Best is trial 2 with value: 0.7753519946203257.
[I 2024-01-12 21:57:09,557] Trial 5 finished with value: 0.7350049982844876 and parameters: {'n_layers': 3, 'n_units_l0': 47, 'n_units_l1': 68, 'n_units_l2': 113, 'optimizer': 'Adam', 'lr': 0.02132275500592153, 'batch_size': 64}. Best is trial 2 with value: 0.7753519946203257.
[I 2024-01-12 22:18:59,283] Trial 6 finished with value: 0.7416565066830123 and parameters: {'n_layers': 4, 'n_units_l0': 7, 'n_units_l1': 48, 'n_units_l2': 42, 'n_units_l3': 80, 'optimizer': 'Adam', 'lr': 0.0663672035269252, 'batch_size': 256}. Best is trial 2 with value: 0.7753519946203257.
[I 2024-01-12 22:37:51,668] Trial 7 finished with value: 0.7561338201311354 and parameters: {'n_layers': 2, 'n_units_l0': 123, 'n_units_l1': 112, 'optimizer': 'SGD', 'lr': 0.012189698436847031, 'batch_size': 64}. Best is trial 2 with value: 0.7753519946203257.
[I 2024-01-13 00:33:30,866] Trial 8 finished with value: 0.777037034423512 and parameters: {'n_layers': 4, 'n_units_l0': 111, 'n_units_l1': 66, 'n_units_l2': 118, 'n_units_l3': 52, 'optimizer': 'Adam', 'lr': 0.0005767087803536434, 'batch_size': 128}. Best is trial 8 with value: 0.777037034423512.
[I 2024-01-13 01:54:18,090] Trial 9 finished with value: 0.7759187235786983 and parameters: {'n_layers': 3, 'n_units_l0': 40, 'n_units_l1': 45, 'n_units_l2': 58, 'optimizer': 'Adam', 'lr': 0.000726580947257564, 'batch_size': 64}. Best is trial 8 with value: 0.777037034423512.
[I 2024-01-13 04:17:53,196] Trial 10 finished with value: 0.7722249035038272 and parameters: {'n_layers': 4, 'n_units_l0': 83, 'n_units_l1': 8, 'n_units_l2': 10, 'n_units_l3': 11, 'optimizer': 'Adam', 'lr': 0.00013469815738704368, 'batch_size': 128}. Best is trial 8 with value: 0.777037034423512.
[I 2024-01-13 06:01:48,053] Trial 11 finished with value: 0.7781651685013062 and parameters: {'n_layers': 4, 'n_units_l0': 61, 'n_units_l1': 34, 'n_units_l2': 72, 'n_units_l3': 38, 'optimizer': 'Adam', 'lr': 0.0006798978674117826, 'batch_size': 128}. Best is trial 11 with value: 0.7781651685013062.
Number of finished trials:  12
Best trial:
  NDCG@10: 0.7781651685013062
  Params: 
    n_layers: 4
    n_units_l0: 61
    n_units_l1: 34
    n_units_l2: 72
    n_units_l3: 38
    optimizer: Adam
    lr: 0.0006798978674117826
    batch_size: 128
