[I 2024-01-08 22:49:54,511] A new study created in memory with name: no-name-b5846af6-d8dd-481c-8503-e2f293859503
[I 2024-01-08 23:50:52,545] Trial 0 finished with value: -0.296973 and parameters: {'learning_rate': 5.646900514426004e-06, 'max_depth': 3, 'min_child_weight': 5, 'gamma': 0.5641854586668003, 'lambda': 0.9892108686295422, 'alpha': 0.01713127956184992}. Best is trial 0 with value: -0.296973.
[I 2024-01-09 00:43:38,246] Trial 1 finished with value: -0.275309 and parameters: {'learning_rate': 3.078099829170625e-05, 'max_depth': 2, 'min_child_weight': 5, 'gamma': 3.473016949321988e-08, 'lambda': 3.6113155073714626e-06, 'alpha': 6.22804735944304e-06}. Best is trial 0 with value: -0.296973.
[I 2024-01-09 01:34:44,820] Trial 2 finished with value: -0.01201 and parameters: {'learning_rate': 1.2129910971594272e-08, 'max_depth': 1, 'min_child_weight': 3, 'gamma': 3.7220195798391783e-07, 'lambda': 0.0016353565987525893, 'alpha': 0.3574490120718853}. Best is trial 0 with value: -0.296973.
[I 2024-01-09 03:27:33,927] Trial 3 finished with value: -0.359855 and parameters: {'learning_rate': 0.0005614722393229037, 'max_depth': 4, 'min_child_weight': 3, 'gamma': 9.724911953647484e-07, 'lambda': 7.58689237836976e-07, 'alpha': 0.01758694561922574}. Best is trial 3 with value: -0.359855.
[I 2024-01-09 05:30:05,574] Trial 4 finished with value: -0.420568 and parameters: {'learning_rate': 1.80579007871856e-05, 'max_depth': 6, 'min_child_weight': 5, 'gamma': 0.016867715982503292, 'lambda': 0.8157306158285142, 'alpha': 1.5445540210391206e-06}. Best is trial 4 with value: -0.420568.
[I 2024-01-09 06:21:15,285] Trial 5 finished with value: -0.01201 and parameters: {'learning_rate': 6.286439754059496e-07, 'max_depth': 2, 'min_child_weight': 2, 'gamma': 0.00022995942622993528, 'lambda': 0.0025068966471460583, 'alpha': 0.0003500454044002782}. Best is trial 4 with value: -0.420568.
[I 2024-01-09 07:12:18,705] Trial 6 finished with value: -0.01201 and parameters: {'learning_rate': 8.297472877901016e-08, 'max_depth': 1, 'min_child_weight': 3, 'gamma': 5.574717961147754e-07, 'lambda': 0.24624499496419422, 'alpha': 1.6624788339089448e-05}. Best is trial 4 with value: -0.420568.
[I 2024-01-09 08:03:35,496] Trial 7 finished with value: -0.01201 and parameters: {'learning_rate': 1.5077711785093637e-07, 'max_depth': 6, 'min_child_weight': 7, 'gamma': 0.009628267560791966, 'lambda': 0.0014140817665060942, 'alpha': 0.002201966980934092}. Best is trial 4 with value: -0.420568.
[I 2024-01-09 11:37:21,354] Trial 8 finished with value: -0.367347 and parameters: {'learning_rate': 2.025656494761731e-06, 'max_depth': 7, 'min_child_weight': 6, 'gamma': 2.5635570836856297e-05, 'lambda': 1.1636737217821791e-05, 'alpha': 1.3738410205577849e-05}. Best is trial 4 with value: -0.420568.
Number of finished trials:  9
Best trial:
  NDCG@5: 0.420568
  Params: 
    learning_rate: 1.80579007871856e-05
    max_depth: 6
    min_child_weight: 5
    gamma: 0.016867715982503292
    lambda: 0.8157306158285142
    alpha: 1.5445540210391206e-06
