[I 2024-01-12 17:00:12,185] A new study created in memory with name: no-name-0f0ba8c0-7e4f-4e00-8d74-6e6d2eece656
[I 2024-01-12 17:22:20,515] Trial 0 finished with value: -0.819258 and parameters: {'learning_rate': 1.2984730750052234e-06, 'max_depth': 2, 'min_child_weight': 8, 'gamma': 0.0012359799951437726, 'lambda': 0.0028321882991868136, 'alpha': 9.816191609037663e-06}. Best is trial 0 with value: -0.819258.
[I 2024-01-12 18:05:39,226] Trial 1 finished with value: -0.861971 and parameters: {'learning_rate': 3.095739658181448e-05, 'max_depth': 7, 'min_child_weight': 9, 'gamma': 8.114871239350794e-07, 'lambda': 1.502163065942841e-06, 'alpha': 3.487011320657644e-05}. Best is trial 1 with value: -0.861971.
[I 2024-01-12 18:29:30,920] Trial 2 finished with value: -0.784627 and parameters: {'learning_rate': 0.0002735047575831254, 'max_depth': 1, 'min_child_weight': 6, 'gamma': 0.09486186413941208, 'lambda': 0.009176861812217862, 'alpha': 0.01605755244383328}. Best is trial 1 with value: -0.861971.
[I 2024-01-12 18:57:43,154] Trial 3 finished with value: -0.864243 and parameters: {'learning_rate': 0.0018245589390444728, 'max_depth': 8, 'min_child_weight': 8, 'gamma': 0.016123164327334558, 'lambda': 0.0006537380704201157, 'alpha': 0.006910072449623657}. Best is trial 3 with value: -0.864243.
[I 2024-01-12 19:04:41,800] Trial 4 finished with value: -0.70434 and parameters: {'learning_rate': 1.1150567814806521e-08, 'max_depth': 1, 'min_child_weight': 6, 'gamma': 0.0005643998306490343, 'lambda': 1.2136772166515165e-07, 'alpha': 0.0003014777454093357}. Best is trial 3 with value: -0.864243.
[I 2024-01-12 19:35:45,040] Trial 5 finished with value: -0.81391 and parameters: {'learning_rate': 1.4922544643560378e-07, 'max_depth': 4, 'min_child_weight': 9, 'gamma': 1.2359258696417342e-05, 'lambda': 0.00022016236150771069, 'alpha': 3.704521407351328e-05}. Best is trial 3 with value: -0.864243.
[I 2024-01-12 20:00:43,623] Trial 6 finished with value: -0.858532 and parameters: {'learning_rate': 2.820801746945076e-06, 'max_depth': 6, 'min_child_weight': 2, 'gamma': 1.2667162139791042e-05, 'lambda': 1.9001494107708653e-05, 'alpha': 0.0003838985352922951}. Best is trial 3 with value: -0.864243.
[I 2024-01-12 20:35:45,605] Trial 7 finished with value: -0.861607 and parameters: {'learning_rate': 0.0001784303797448092, 'max_depth': 7, 'min_child_weight': 3, 'gamma': 3.949350431485783e-05, 'lambda': 0.24536030272275178, 'alpha': 2.5568159001718675e-06}. Best is trial 3 with value: -0.864243.
[I 2024-01-12 21:01:06,491] Trial 8 finished with value: -0.858939 and parameters: {'learning_rate': 0.003961830930671912, 'max_depth': 6, 'min_child_weight': 8, 'gamma': 9.121009359012709e-08, 'lambda': 1.2426230413968777e-08, 'alpha': 0.000284427560047803}. Best is trial 3 with value: -0.864243.
[I 2024-01-12 21:24:08,596] Trial 9 finished with value: -0.823794 and parameters: {'learning_rate': 0.008570393161439963, 'max_depth': 3, 'min_child_weight': 10, 'gamma': 0.01369765349420314, 'lambda': 0.0003324158347878052, 'alpha': 0.9456351842041326}. Best is trial 3 with value: -0.864243.
[I 2024-01-12 21:51:39,816] Trial 10 finished with value: -0.863893 and parameters: {'learning_rate': 0.0011081985945926589, 'max_depth': 8, 'min_child_weight': 4, 'gamma': 0.3491315208303624, 'lambda': 1.2258051643593529e-05, 'alpha': 3.540406029694278e-08}. Best is trial 3 with value: -0.864243.
[I 2024-01-12 22:18:09,142] Trial 11 finished with value: -0.863065 and parameters: {'learning_rate': 0.0012079568792268082, 'max_depth': 8, 'min_child_weight': 4, 'gamma': 0.23211968334384836, 'lambda': 1.1499890571991382e-05, 'alpha': 1.521556180888679e-08}. Best is trial 3 with value: -0.864243.
[I 2024-01-12 23:11:27,113] Trial 12 finished with value: -0.864187 and parameters: {'learning_rate': 0.0006177641361040821, 'max_depth': 8, 'min_child_weight': 5, 'gamma': 0.3463632492384844, 'lambda': 1.1967458158324815e-06, 'alpha': 6.182060323207938e-08}. Best is trial 3 with value: -0.864243.
[I 2024-01-12 23:35:20,648] Trial 13 finished with value: -0.856021 and parameters: {'learning_rate': 6.2007421951894e-05, 'max_depth': 5, 'min_child_weight': 6, 'gamma': 0.012804644729997023, 'lambda': 4.13040044891703e-07, 'alpha': 3.651073047985688e-07}. Best is trial 3 with value: -0.864243.
[I 2024-01-13 00:10:24,707] Trial 14 finished with value: -0.863575 and parameters: {'learning_rate': 0.000540146954417377, 'max_depth': 8, 'min_child_weight': 7, 'gamma': 0.7937849576057256, 'lambda': 0.0015278468061334345, 'alpha': 3.8121072884086613e-07}. Best is trial 3 with value: -0.864243.
[I 2024-01-13 00:37:06,115] Trial 15 finished with value: -0.858373 and parameters: {'learning_rate': 0.009957342316793422, 'max_depth': 6, 'min_child_weight': 5, 'gamma': 0.017725247451810717, 'lambda': 2.6182963645053385e-06, 'alpha': 0.0038957376352464694}. Best is trial 3 with value: -0.864243.
[I 2024-01-13 01:01:35,376] Trial 16 finished with value: -0.860924 and parameters: {'learning_rate': 9.062666441488107e-05, 'max_depth': 7, 'min_child_weight': 7, 'gamma': 0.0014812180999824011, 'lambda': 6.968469421490333e-05, 'alpha': 1.0433216480643697e-08}. Best is trial 3 with value: -0.864243.
[I 2024-01-13 01:23:24,059] Trial 17 finished with value: -0.856466 and parameters: {'learning_rate': 0.0015078621461491807, 'max_depth': 5, 'min_child_weight': 5, 'gamma': 0.05027070922226408, 'lambda': 0.03329488819160188, 'alpha': 1.652761122755326e-06}. Best is trial 3 with value: -0.864243.
[I 2024-01-13 01:36:27,299] Trial 18 finished with value: -0.849354 and parameters: {'learning_rate': 1.4813092621384045e-05, 'max_depth': 4, 'min_child_weight': 10, 'gamma': 0.9291726722552853, 'lambda': 0.9772063202230518, 'alpha': 8.768392918448567e-08}. Best is trial 3 with value: -0.864243.
[I 2024-01-13 02:03:47,733] Trial 19 finished with value: -0.862867 and parameters: {'learning_rate': 0.00022060529244240278, 'max_depth': 8, 'min_child_weight': 7, 'gamma': 0.004751410230180179, 'lambda': 0.00043662334766398747, 'alpha': 1.751372763295283e-07}. Best is trial 3 with value: -0.864243.
[I 2024-01-13 02:28:38,584] Trial 20 finished with value: -0.861337 and parameters: {'learning_rate': 0.0006325217035354484, 'max_depth': 7, 'min_child_weight': 5, 'gamma': 0.06646041995069502, 'lambda': 2.4159936959712907e-05, 'alpha': 3.0480395559085147e-06}. Best is trial 3 with value: -0.864243.
[I 2024-01-13 03:18:26,947] Trial 21 finished with value: -0.863896 and parameters: {'learning_rate': 0.002264736761126623, 'max_depth': 8, 'min_child_weight': 4, 'gamma': 0.2551369755688587, 'lambda': 4.2571238745555616e-06, 'alpha': 6.435564538062899e-08}. Best is trial 3 with value: -0.864243.
[I 2024-01-13 03:55:32,666] Trial 22 finished with value: -0.8647 and parameters: {'learning_rate': 0.0037073550916545623, 'max_depth': 8, 'min_child_weight': 3, 'gamma': 0.12387026507832793, 'lambda': 9.189583460279216e-05, 'alpha': 5.238417272415981e-08}. Best is trial 22 with value: -0.8647.
[I 2024-01-13 04:32:58,025] Trial 23 finished with value: -0.861429 and parameters: {'learning_rate': 0.0037494334781711957, 'max_depth': 7, 'min_child_weight': 2, 'gamma': 0.03530277416431369, 'lambda': 6.817286892223672e-05, 'alpha': 5.770064259128458e-07}. Best is trial 22 with value: -0.8647.
[I 2024-01-13 04:59:59,988] Trial 24 finished with value: -0.858641 and parameters: {'learning_rate': 0.0005129768428798379, 'max_depth': 6, 'min_child_weight': 2, 'gamma': 0.15876218271539008, 'lambda': 0.0014264277930424295, 'alpha': 5.6537516856716834e-08}. Best is trial 22 with value: -0.8647.
[I 2024-01-13 05:44:40,959] Trial 25 finished with value: -0.863865 and parameters: {'learning_rate': 0.0028469598365159143, 'max_depth': 8, 'min_child_weight': 3, 'gamma': 0.9991700930116229, 'lambda': 8.664616779057632e-05, 'alpha': 1.2256858976562201e-08}. Best is trial 22 with value: -0.8647.
Number of finished trials:  26
Best trial:
  NDCG@100: 0.8647
  Params: 
    learning_rate: 0.0037073550916545623
    max_depth: 8
    min_child_weight: 3
    gamma: 0.12387026507832793
    lambda: 9.189583460279216e-05
    alpha: 5.238417272415981e-08
