[I 2024-01-12 16:59:38,665] A new study created in memory with name: no-name-ab646f62-76b8-441d-aeca-fad04f0ba616
[I 2024-01-12 17:24:44,259] Trial 0 finished with value: -0.792832 and parameters: {'learning_rate': 0.000585535674127804, 'max_depth': 4, 'min_child_weight': 7, 'gamma': 1.2491967907948407e-08, 'lambda': 0.04593890810415781, 'alpha': 0.00019915503692564786}. Best is trial 0 with value: -0.792832.
[I 2024-01-12 17:39:00,725] Trial 1 finished with value: -0.743775 and parameters: {'learning_rate': 0.00572588028411524, 'max_depth': 3, 'min_child_weight': 9, 'gamma': 0.02007339910700266, 'lambda': 2.8808671996784565e-08, 'alpha': 0.01897273555240098}. Best is trial 0 with value: -0.792832.
[I 2024-01-12 17:57:17,256] Trial 2 finished with value: -0.801082 and parameters: {'learning_rate': 0.0036273130041049773, 'max_depth': 6, 'min_child_weight': 9, 'gamma': 6.766396636742766e-08, 'lambda': 2.023599354660923e-08, 'alpha': 0.010215479643354774}. Best is trial 2 with value: -0.801082.
[I 2024-01-12 18:50:45,067] Trial 3 finished with value: -0.786456 and parameters: {'learning_rate': 4.654007345963632e-07, 'max_depth': 5, 'min_child_weight': 8, 'gamma': 1.084628375747042e-08, 'lambda': 7.774172579948725e-06, 'alpha': 0.1282911756828633}. Best is trial 2 with value: -0.801082.
[I 2024-01-12 19:25:38,830] Trial 4 finished with value: -0.798139 and parameters: {'learning_rate': 0.006596423480112075, 'max_depth': 5, 'min_child_weight': 4, 'gamma': 0.00010904708347483989, 'lambda': 0.004139188252776468, 'alpha': 0.0001450174417143054}. Best is trial 2 with value: -0.801082.
[I 2024-01-12 19:33:54,001] Trial 5 finished with value: -0.695033 and parameters: {'learning_rate': 5.4144821019726794e-08, 'max_depth': 2, 'min_child_weight': 5, 'gamma': 0.00010186481096049781, 'lambda': 1.0275306242133364e-07, 'alpha': 1.1576847216941989e-06}. Best is trial 2 with value: -0.801082.
[I 2024-01-12 20:07:21,820] Trial 6 finished with value: -0.745204 and parameters: {'learning_rate': 8.159339966500799e-05, 'max_depth': 3, 'min_child_weight': 8, 'gamma': 0.0003290925275567892, 'lambda': 7.234642079690612e-05, 'alpha': 0.45201353208889083}. Best is trial 2 with value: -0.801082.
[I 2024-01-12 20:50:04,064] Trial 7 finished with value: -0.811902 and parameters: {'learning_rate': 8.829208593245575e-06, 'max_depth': 8, 'min_child_weight': 7, 'gamma': 0.01173097863614465, 'lambda': 7.156315240252287e-08, 'alpha': 6.509093896969668e-05}. Best is trial 7 with value: -0.811902.
[I 2024-01-12 21:23:26,617] Trial 8 finished with value: -0.812506 and parameters: {'learning_rate': 0.0005580910116891313, 'max_depth': 8, 'min_child_weight': 5, 'gamma': 3.8104271645803514e-08, 'lambda': 0.0023273442025524044, 'alpha': 2.6505162808088417e-07}. Best is trial 8 with value: -0.812506.
[I 2024-01-12 22:07:31,130] Trial 9 finished with value: -0.769934 and parameters: {'learning_rate': 1.821235505619052e-07, 'max_depth': 6, 'min_child_weight': 2, 'gamma': 1.707526275661026e-06, 'lambda': 1.3116374170259925e-08, 'alpha': 2.239019289672638e-08}. Best is trial 8 with value: -0.812506.
[I 2024-01-12 22:33:32,740] Trial 10 finished with value: -0.812187 and parameters: {'learning_rate': 2.9760245877607777e-05, 'max_depth': 8, 'min_child_weight': 3, 'gamma': 0.9772583971952425, 'lambda': 0.7555432092139958, 'alpha': 1.2028295511141367e-08}. Best is trial 8 with value: -0.812506.
[I 2024-01-12 23:15:34,297] Trial 11 finished with value: -0.812968 and parameters: {'learning_rate': 5.182192953929126e-05, 'max_depth': 8, 'min_child_weight': 3, 'gamma': 0.10353343573458024, 'lambda': 0.7085465013544519, 'alpha': 1.4678160021348513e-08}. Best is trial 11 with value: -0.812968.
[I 2024-01-12 23:45:10,109] Trial 12 finished with value: -0.807075 and parameters: {'learning_rate': 0.00022146914008856894, 'max_depth': 7, 'min_child_weight': 5, 'gamma': 1.6314106117306424e-06, 'lambda': 0.8684632849392147, 'alpha': 2.663686975116693e-07}. Best is trial 11 with value: -0.812968.
[I 2024-01-13 00:18:13,805] Trial 13 finished with value: -0.812762 and parameters: {'learning_rate': 5.625193512459952e-06, 'max_depth': 8, 'min_child_weight': 2, 'gamma': 1.1938615112447592e-06, 'lambda': 0.007661356549823523, 'alpha': 2.7781252615871923e-07}. Best is trial 11 with value: -0.812968.
[I 2024-01-13 00:43:10,405] Trial 14 finished with value: -0.806176 and parameters: {'learning_rate': 3.557747038897149e-06, 'max_depth': 7, 'min_child_weight': 2, 'gamma': 1.4101943405282193e-05, 'lambda': 0.0711870042101415, 'alpha': 1.0641129027758809e-08}. Best is trial 11 with value: -0.812968.
[I 2024-01-13 00:51:25,035] Trial 15 finished with value: -0.695033 and parameters: {'learning_rate': 4.576671603306012e-06, 'max_depth': 1, 'min_child_weight': 3, 'gamma': 0.8315100431161444, 'lambda': 0.018610121487713197, 'alpha': 2.2583489306433667e-06}. Best is trial 11 with value: -0.812968.
[I 2024-01-13 01:31:23,095] Trial 16 finished with value: -0.807571 and parameters: {'learning_rate': 2.9512458943967595e-05, 'max_depth': 7, 'min_child_weight': 3, 'gamma': 0.0023620616764780077, 'lambda': 0.0008904266758648267, 'alpha': 8.914063697980591e-08}. Best is trial 11 with value: -0.812968.
[I 2024-01-13 01:50:50,607] Trial 17 finished with value: -0.801072 and parameters: {'learning_rate': 1.139523886735439e-06, 'max_depth': 6, 'min_child_weight': 2, 'gamma': 4.988151105439896e-06, 'lambda': 0.17683931393579538, 'alpha': 3.6795932732797554e-06}. Best is trial 11 with value: -0.812968.
[I 2024-01-13 03:08:20,317] Trial 18 finished with value: -0.717892 and parameters: {'learning_rate': 2.4876522792638875e-08, 'max_depth': 8, 'min_child_weight': 4, 'gamma': 2.441055126939247e-07, 'lambda': 0.013347559911410924, 'alpha': 5.0129503424149495e-08}. Best is trial 11 with value: -0.812968.
[I 2024-01-13 03:52:09,565] Trial 19 finished with value: -0.807708 and parameters: {'learning_rate': 1.0350034229909292e-06, 'max_depth': 7, 'min_child_weight': 4, 'gamma': 1.8084050942736247e-05, 'lambda': 0.17989694115685098, 'alpha': 1.3661805567013875e-07}. Best is trial 11 with value: -0.812968.
[I 2024-01-13 04:17:26,369] Trial 20 finished with value: -0.789258 and parameters: {'learning_rate': 2.6398444310485414e-05, 'max_depth': 4, 'min_child_weight': 6, 'gamma': 4.044094891731494e-07, 'lambda': 0.000592075032607887, 'alpha': 1.0726730718145951e-05}. Best is trial 11 with value: -0.812968.
[I 2024-01-13 04:39:57,493] Trial 21 finished with value: -0.811863 and parameters: {'learning_rate': 0.000623871270847233, 'max_depth': 8, 'min_child_weight': 5, 'gamma': 9.650780237598686e-08, 'lambda': 0.006458928067903819, 'alpha': 1.795923329701648e-07}. Best is trial 11 with value: -0.812968.
[I 2024-01-13 05:17:56,022] Trial 22 finished with value: -0.812839 and parameters: {'learning_rate': 0.00010254670413525606, 'max_depth': 8, 'min_child_weight': 3, 'gamma': 6.382890740136626e-07, 'lambda': 0.0011547183829251526, 'alpha': 7.635106654350375e-07}. Best is trial 11 with value: -0.812968.
Number of finished trials:  23
Best trial:
  NDCG@25: 0.812968
  Params: 
    learning_rate: 5.182192953929126e-05
    max_depth: 8
    min_child_weight: 3
    gamma: 0.10353343573458024
    lambda: 0.7085465013544519
    alpha: 1.4678160021348513e-08
