[I 2024-01-12 16:59:38,848] A new study created in memory with name: no-name-aa8570bf-0171-4afc-a63f-ca3b13eac142
[I 2024-01-12 18:14:13,953] Trial 0 finished with value: -0.704518 and parameters: {'learning_rate': 2.411509118889088e-08, 'max_depth': 7, 'min_child_weight': 10, 'gamma': 0.004226575887712929, 'lambda': 7.141166630162888e-06, 'alpha': 0.0032019125059574373}. Best is trial 0 with value: -0.704518.
[I 2024-01-12 18:39:23,264] Trial 1 finished with value: -0.803421 and parameters: {'learning_rate': 0.0020445074537677227, 'max_depth': 6, 'min_child_weight': 3, 'gamma': 0.3964096105538493, 'lambda': 0.003005883726598854, 'alpha': 0.013741411232895923}. Best is trial 1 with value: -0.803421.
[I 2024-01-12 19:09:19,643] Trial 2 finished with value: -0.745313 and parameters: {'learning_rate': 0.0053473628411818816, 'max_depth': 3, 'min_child_weight': 9, 'gamma': 3.007116394642288e-08, 'lambda': 0.13733922663141873, 'alpha': 1.2748737312288181e-08}. Best is trial 1 with value: -0.803421.
[I 2024-01-12 19:40:03,875] Trial 3 finished with value: -0.80211 and parameters: {'learning_rate': 0.0006306186891378065, 'max_depth': 6, 'min_child_weight': 8, 'gamma': 0.8047573538376749, 'lambda': 0.0012005876368777922, 'alpha': 7.565639591255702e-07}. Best is trial 1 with value: -0.803421.
[I 2024-01-12 20:19:43,358] Trial 4 finished with value: -0.79252 and parameters: {'learning_rate': 0.0003204705399418888, 'max_depth': 4, 'min_child_weight': 2, 'gamma': 4.706097033872206e-06, 'lambda': 8.923146398835094e-06, 'alpha': 3.0741549909272755e-06}. Best is trial 1 with value: -0.803421.
[I 2024-01-12 21:06:28,030] Trial 5 finished with value: -0.745633 and parameters: {'learning_rate': 1.5506223292373297e-05, 'max_depth': 3, 'min_child_weight': 8, 'gamma': 5.914974137228385e-06, 'lambda': 0.7592478165415527, 'alpha': 3.7924201943274846e-08}. Best is trial 1 with value: -0.803421.
[I 2024-01-12 21:44:59,533] Trial 6 finished with value: -0.793276 and parameters: {'learning_rate': 0.00028751451493750046, 'max_depth': 4, 'min_child_weight': 5, 'gamma': 0.05564112132955337, 'lambda': 6.3470609994615705e-06, 'alpha': 0.8847454835918717}. Best is trial 1 with value: -0.803421.
[I 2024-01-12 21:52:38,943] Trial 7 finished with value: -0.611664 and parameters: {'learning_rate': 1.4264007506230919e-08, 'max_depth': 3, 'min_child_weight': 7, 'gamma': 0.001091676651885367, 'lambda': 0.11716705915147062, 'alpha': 4.35992205325478e-05}. Best is trial 1 with value: -0.803421.
[I 2024-01-12 22:30:13,303] Trial 8 finished with value: -0.796623 and parameters: {'learning_rate': 4.9171756268298745e-05, 'max_depth': 5, 'min_child_weight': 9, 'gamma': 1.1921691287464192e-08, 'lambda': 6.842267919363954e-05, 'alpha': 7.091284098696463e-06}. Best is trial 1 with value: -0.803421.
[I 2024-01-12 22:41:09,748] Trial 9 finished with value: -0.741205 and parameters: {'learning_rate': 5.72611458973395e-05, 'max_depth': 2, 'min_child_weight': 5, 'gamma': 3.765499557921297e-08, 'lambda': 3.775066126565499e-05, 'alpha': 6.31273944918511e-07}. Best is trial 1 with value: -0.803421.
[I 2024-01-12 23:01:11,608] Trial 10 finished with value: -0.81199 and parameters: {'learning_rate': 0.0063252389482156045, 'max_depth': 8, 'min_child_weight': 2, 'gamma': 0.43078782044419883, 'lambda': 0.0027537114461216603, 'alpha': 0.0016769384014264752}. Best is trial 10 with value: -0.81199.
[I 2024-01-12 23:32:59,126] Trial 11 finished with value: -0.812981 and parameters: {'learning_rate': 0.008491342185047504, 'max_depth': 8, 'min_child_weight': 2, 'gamma': 0.8500822410693509, 'lambda': 0.0021518505506219515, 'alpha': 0.0015182364127216004}. Best is trial 11 with value: -0.812981.
[I 2024-01-13 00:00:33,864] Trial 12 finished with value: -0.811933 and parameters: {'learning_rate': 0.007685776763066361, 'max_depth': 8, 'min_child_weight': 3, 'gamma': 0.04236076200215158, 'lambda': 1.1461897761405262e-08, 'alpha': 0.00033898683985766957}. Best is trial 11 with value: -0.812981.
[I 2024-01-13 00:24:44,471] Trial 13 finished with value: -0.812157 and parameters: {'learning_rate': 0.007604706280247175, 'max_depth': 8, 'min_child_weight': 2, 'gamma': 0.6845520504397568, 'lambda': 0.002097245700994528, 'alpha': 0.0008765378107002025}. Best is trial 11 with value: -0.812981.
[I 2024-01-13 00:55:45,188] Trial 14 finished with value: -0.807598 and parameters: {'learning_rate': 0.0010972001859690093, 'max_depth': 7, 'min_child_weight': 4, 'gamma': 0.010094766997352424, 'lambda': 0.014494786551434975, 'alpha': 0.000149995974167918}. Best is trial 11 with value: -0.812981.
[I 2024-01-13 01:25:35,630] Trial 15 finished with value: -0.811919 and parameters: {'learning_rate': 0.008130207927806481, 'max_depth': 8, 'min_child_weight': 4, 'gamma': 0.9456944978289316, 'lambda': 0.0003884683226100705, 'alpha': 0.042535071643152456}. Best is trial 11 with value: -0.812981.
[I 2024-01-13 01:33:14,731] Trial 16 finished with value: -0.695415 and parameters: {'learning_rate': 2.352472400658209e-06, 'max_depth': 1, 'min_child_weight': 2, 'gamma': 0.0006558226980924525, 'lambda': 0.012946472364859902, 'alpha': 0.0005926696954408213}. Best is trial 11 with value: -0.812981.
[I 2024-01-13 02:16:55,537] Trial 17 finished with value: -0.807736 and parameters: {'learning_rate': 0.0015217971478932025, 'max_depth': 7, 'min_child_weight': 6, 'gamma': 0.06642756046167034, 'lambda': 0.00021659299576812658, 'alpha': 3.525267438514465e-05}. Best is trial 11 with value: -0.812981.
[I 2024-01-13 02:40:38,101] Trial 18 finished with value: -0.801164 and parameters: {'learning_rate': 0.00018422699456409764, 'max_depth': 6, 'min_child_weight': 3, 'gamma': 0.10856394793634878, 'lambda': 0.01868286320490954, 'alpha': 0.010880267461451524}. Best is trial 11 with value: -0.812981.
[I 2024-01-13 03:23:00,550] Trial 19 finished with value: -0.79777 and parameters: {'learning_rate': 0.001818012622242044, 'max_depth': 5, 'min_child_weight': 4, 'gamma': 0.010002985385342278, 'lambda': 0.0011723523536394233, 'alpha': 0.0009180831780281199}. Best is trial 11 with value: -0.812981.
[I 2024-01-13 03:51:46,404] Trial 20 finished with value: -0.805858 and parameters: {'learning_rate': 0.00886256967296376, 'max_depth': 7, 'min_child_weight': 6, 'gamma': 0.10410804917498588, 'lambda': 0.00029575387349119593, 'alpha': 8.116227105238581e-05}. Best is trial 11 with value: -0.812981.
[I 2024-01-13 04:29:10,627] Trial 21 finished with value: -0.811808 and parameters: {'learning_rate': 0.009382802928875921, 'max_depth': 8, 'min_child_weight': 2, 'gamma': 0.6137168047763704, 'lambda': 0.003379538565465674, 'alpha': 0.0014124282170472652}. Best is trial 11 with value: -0.812981.
[I 2024-01-13 05:05:51,635] Trial 22 finished with value: -0.812073 and parameters: {'learning_rate': 0.0029019359111207223, 'max_depth': 8, 'min_child_weight': 2, 'gamma': 0.18411294166365708, 'lambda': 0.005348895393139088, 'alpha': 0.0015698406193615508}. Best is trial 11 with value: -0.812981.
Number of finished trials:  23
Best trial:
  NDCG@25: 0.812981
  Params: 
    learning_rate: 0.008491342185047504
    max_depth: 8
    min_child_weight: 2
    gamma: 0.8500822410693509
    lambda: 0.0021518505506219515
    alpha: 0.0015182364127216004
