[I 2024-01-10 21:27:37,961] A new study created in memory with name: no-name-46fc51df-e58a-4137-b784-01de53e85822
[I 2024-01-10 22:23:21,119] Trial 0 finished with value: 0.7460901205299397 and parameters: {'n_layers': 3, 'n_units_l0': 92, 'n_units_l1': 80, 'n_units_l2': 9, 'optimizer': 'SGD', 'lr': 0.0016587750276642061, 'batch_size': 128}. Best is trial 0 with value: 0.7460901205299397.
[I 2024-01-10 23:25:13,487] Trial 1 finished with value: 0.7465787794278744 and parameters: {'n_layers': 1, 'n_units_l0': 61, 'optimizer': 'Adam', 'lr': 0.0008535744795689016, 'batch_size': 64}. Best is trial 1 with value: 0.7465787794278744.
[I 2024-01-10 23:59:50,199] Trial 2 finished with value: 0.7435475528113586 and parameters: {'n_layers': 2, 'n_units_l0': 59, 'n_units_l1': 105, 'optimizer': 'SGD', 'lr': 0.002038381944581005, 'batch_size': 128}. Best is trial 1 with value: 0.7465787794278744.
[I 2024-01-11 01:55:02,235] Trial 3 finished with value: 0.7491384261228672 and parameters: {'n_layers': 1, 'n_units_l0': 96, 'optimizer': 'SGD', 'lr': 0.000748563817445988, 'batch_size': 512}. Best is trial 3 with value: 0.7491384261228672.
[I 2024-01-11 02:32:29,216] Trial 4 finished with value: 0.7211839338731657 and parameters: {'n_layers': 2, 'n_units_l0': 43, 'n_units_l1': 97, 'optimizer': 'Adam', 'lr': 0.02706282532087941, 'batch_size': 128}. Best is trial 3 with value: 0.7491384261228672.
[I 2024-01-11 03:28:46,613] Trial 5 finished with value: 0.7475725424146934 and parameters: {'n_layers': 1, 'n_units_l0': 100, 'optimizer': 'SGD', 'lr': 0.0033186676241719975, 'batch_size': 256}. Best is trial 3 with value: 0.7491384261228672.
[I 2024-01-11 03:54:26,858] Trial 6 finished with value: 0.7279446074023439 and parameters: {'n_layers': 3, 'n_units_l0': 4, 'n_units_l1': 19, 'n_units_l2': 42, 'optimizer': 'Adam', 'lr': 0.018855835167431736, 'batch_size': 256}. Best is trial 3 with value: 0.7491384261228672.
[I 2024-01-11 04:24:43,421] Trial 7 finished with value: 0.312377970350572 and parameters: {'n_layers': 3, 'n_units_l0': 117, 'n_units_l1': 8, 'n_units_l2': 57, 'optimizer': 'SGD', 'lr': 0.022940274741759477, 'batch_size': 512}. Best is trial 3 with value: 0.7491384261228672.
[I 2024-01-11 05:03:11,299] Trial 8 finished with value: 0.7328094761679469 and parameters: {'n_layers': 4, 'n_units_l0': 11, 'n_units_l1': 43, 'n_units_l2': 57, 'n_units_l3': 71, 'optimizer': 'SGD', 'lr': 0.0037878326237623405, 'batch_size': 64}. Best is trial 3 with value: 0.7491384261228672.
[I 2024-01-11 06:31:19,616] Trial 9 finished with value: 0.7404220663654355 and parameters: {'n_layers': 4, 'n_units_l0': 8, 'n_units_l1': 108, 'n_units_l2': 50, 'n_units_l3': 103, 'optimizer': 'SGD', 'lr': 0.0003057143613687447, 'batch_size': 64}. Best is trial 3 with value: 0.7491384261228672.
[I 2024-01-11 08:54:24,783] Trial 10 finished with value: 0.7266952325776863 and parameters: {'n_layers': 1, 'n_units_l0': 87, 'optimizer': 'Adam', 'lr': 0.0001675623120238574, 'batch_size': 512}. Best is trial 3 with value: 0.7491384261228672.
[I 2024-01-11 09:35:21,013] Trial 11 finished with value: 0.7465246128929452 and parameters: {'n_layers': 1, 'n_units_l0': 127, 'optimizer': 'SGD', 'lr': 0.004855151613129108, 'batch_size': 256}. Best is trial 3 with value: 0.7491384261228672.
Number of finished trials:  12
Best trial:
  NDCG@5: 0.7491384261228672
  Params: 
    n_layers: 1
    n_units_l0: 96
    optimizer: SGD
    lr: 0.000748563817445988
    batch_size: 512
