[I 2024-01-10 17:35:31,746] A new study created in memory with name: no-name-2c511c22-cf9d-4822-a718-8e1f63174bc5
[I 2024-01-10 17:48:38,613] Trial 0 finished with value: -0.694771 and parameters: {'learning_rate': 4.378688606742114e-05, 'max_depth': 6, 'min_child_weight': 4, 'gamma': 0.4658027787420049, 'lambda': 0.0010827241110756213, 'alpha': 6.16646119660512e-05}. Best is trial 0 with value: -0.694771.
[I 2024-01-10 18:56:44,041] Trial 1 finished with value: -0.647208 and parameters: {'learning_rate': 1.4979049436958346e-07, 'max_depth': 6, 'min_child_weight': 9, 'gamma': 1.6346917921270456e-07, 'lambda': 4.476673318932742e-07, 'alpha': 0.08186380322031725}. Best is trial 0 with value: -0.694771.
[I 2024-01-10 19:48:17,116] Trial 2 finished with value: -0.708187 and parameters: {'learning_rate': 0.00011314927208137641, 'max_depth': 7, 'min_child_weight': 3, 'gamma': 0.0066498755404396795, 'lambda': 0.0004287200161600531, 'alpha': 3.3201974404882596e-05}. Best is trial 2 with value: -0.708187.
[I 2024-01-10 19:56:03,230] Trial 3 finished with value: -0.557526 and parameters: {'learning_rate': 0.0017159954620846595, 'max_depth': 1, 'min_child_weight': 7, 'gamma': 0.016951103480359126, 'lambda': 0.03482581093173931, 'alpha': 4.7306637200634665e-06}. Best is trial 2 with value: -0.708187.
[I 2024-01-10 20:19:39,722] Trial 4 finished with value: -0.697003 and parameters: {'learning_rate': 0.00255095820288475, 'max_depth': 6, 'min_child_weight': 7, 'gamma': 0.00020083401467467556, 'lambda': 5.199955313133772e-06, 'alpha': 2.482542444483245e-05}. Best is trial 2 with value: -0.708187.
[I 2024-01-10 20:35:41,289] Trial 5 finished with value: -0.706624 and parameters: {'learning_rate': 5.39805730120506e-06, 'max_depth': 7, 'min_child_weight': 4, 'gamma': 0.00498655764948794, 'lambda': 6.370099880862353e-05, 'alpha': 1.001793607183008e-05}. Best is trial 2 with value: -0.708187.
[I 2024-01-10 20:54:50,088] Trial 6 finished with value: -0.631559 and parameters: {'learning_rate': 4.797642585850022e-07, 'max_depth': 3, 'min_child_weight': 4, 'gamma': 0.00042793605571498337, 'lambda': 0.9012709756983589, 'alpha': 2.0955093577882404e-05}. Best is trial 2 with value: -0.708187.
[I 2024-01-10 21:08:31,931] Trial 7 finished with value: -0.623784 and parameters: {'learning_rate': 0.0002557527131475738, 'max_depth': 2, 'min_child_weight': 2, 'gamma': 0.0004660410834037858, 'lambda': 3.6564650446704276e-08, 'alpha': 0.1434799693351287}. Best is trial 2 with value: -0.708187.
[I 2024-01-10 21:27:52,634] Trial 8 finished with value: -0.686906 and parameters: {'learning_rate': 6.028806174397163e-07, 'max_depth': 5, 'min_child_weight': 8, 'gamma': 7.424305115387308e-08, 'lambda': 4.0437605379982447e-07, 'alpha': 7.891612926326163e-07}. Best is trial 2 with value: -0.708187.
[I 2024-01-10 21:36:34,975] Trial 9 finished with value: -0.631919 and parameters: {'learning_rate': 0.0002540791715737672, 'max_depth': 3, 'min_child_weight': 3, 'gamma': 2.800838731174979e-06, 'lambda': 3.207883217528899e-07, 'alpha': 0.0002624577998143706}. Best is trial 2 with value: -0.708187.
[I 2024-01-10 22:58:27,705] Trial 10 finished with value: -0.509065 and parameters: {'learning_rate': 1.9489204733475375e-08, 'max_depth': 8, 'min_child_weight': 10, 'gamma': 7.887217151650153e-06, 'lambda': 0.0004579645718490681, 'alpha': 2.487890318148389e-08}. Best is trial 2 with value: -0.708187.
[I 2024-01-10 23:24:26,753] Trial 11 finished with value: -0.714462 and parameters: {'learning_rate': 6.696251029443027e-06, 'max_depth': 8, 'min_child_weight': 5, 'gamma': 0.012269988027511893, 'lambda': 3.5742390067530235e-05, 'alpha': 0.000871612972306322}. Best is trial 11 with value: -0.714462.
[I 2024-01-10 23:41:53,984] Trial 12 finished with value: -0.716448 and parameters: {'learning_rate': 1.3029225763136091e-05, 'max_depth': 8, 'min_child_weight': 5, 'gamma': 0.1298791530250199, 'lambda': 3.3497562086738e-05, 'alpha': 0.002138207509384099}. Best is trial 12 with value: -0.716448.
[I 2024-01-11 00:00:38,159] Trial 13 finished with value: -0.711498 and parameters: {'learning_rate': 9.83267864618585e-06, 'max_depth': 8, 'min_child_weight': 6, 'gamma': 0.19504367256117308, 'lambda': 4.704556290586805e-05, 'alpha': 0.002741025323487166}. Best is trial 12 with value: -0.716448.
[I 2024-01-11 00:27:28,803] Trial 14 finished with value: -0.715946 and parameters: {'learning_rate': 4.350975694333009e-06, 'max_depth': 8, 'min_child_weight': 6, 'gamma': 0.7740833234978208, 'lambda': 8.34178296164095e-06, 'alpha': 0.004460216329663935}. Best is trial 12 with value: -0.716448.
[I 2024-01-11 00:38:39,508] Trial 15 finished with value: -0.668413 and parameters: {'learning_rate': 2.3196942214775327e-06, 'max_depth': 4, 'min_child_weight': 6, 'gamma': 0.8408230596315218, 'lambda': 9.275869448192663e-06, 'alpha': 0.00918178376205595}. Best is trial 12 with value: -0.716448.
[I 2024-01-11 01:03:05,296] Trial 16 finished with value: -0.706911 and parameters: {'learning_rate': 4.060323604404007e-05, 'max_depth': 7, 'min_child_weight': 6, 'gamma': 0.08167171601254969, 'lambda': 4.185367361877965e-06, 'alpha': 0.018223519605305345}. Best is trial 12 with value: -0.716448.
[I 2024-01-11 01:19:17,657] Trial 17 finished with value: -0.689973 and parameters: {'learning_rate': 2.1474049478022277e-06, 'max_depth': 5, 'min_child_weight': 5, 'gamma': 0.9445810208668939, 'lambda': 1.2444571740023843e-08, 'alpha': 0.001016603399983025}. Best is trial 12 with value: -0.716448.
[I 2024-01-11 01:29:55,758] Trial 18 finished with value: -0.713887 and parameters: {'learning_rate': 0.00936840421927839, 'max_depth': 8, 'min_child_weight': 8, 'gamma': 0.058156229607899644, 'lambda': 0.0015760266264595974, 'alpha': 0.9266006158536851}. Best is trial 12 with value: -0.716448.
[I 2024-01-11 01:43:48,999] Trial 19 finished with value: -0.707851 and parameters: {'learning_rate': 2.1114463996209145e-05, 'max_depth': 7, 'min_child_weight': 5, 'gamma': 0.08336400890242, 'lambda': 1.2630898591027938e-06, 'alpha': 0.0002528061292056674}. Best is trial 12 with value: -0.716448.
[I 2024-01-11 02:17:48,425] Trial 20 finished with value: -0.671459 and parameters: {'learning_rate': 1.7001471756177863e-05, 'max_depth': 4, 'min_child_weight': 7, 'gamma': 0.002082807620346857, 'lambda': 1.4075427371413422e-05, 'alpha': 0.008737810150358448}. Best is trial 12 with value: -0.716448.
[I 2024-01-11 02:48:04,194] Trial 21 finished with value: -0.714297 and parameters: {'learning_rate': 4.856126682694967e-06, 'max_depth': 8, 'min_child_weight': 5, 'gamma': 0.02542938366117484, 'lambda': 7.97759599897417e-05, 'alpha': 0.0012277100344265548}. Best is trial 12 with value: -0.716448.
[I 2024-01-11 03:09:20,610] Trial 22 finished with value: -0.715051 and parameters: {'learning_rate': 1.2971777326440427e-06, 'max_depth': 8, 'min_child_weight': 5, 'gamma': 0.186135264290969, 'lambda': 1.626462286738698e-05, 'alpha': 0.0005311293005574647}. Best is trial 12 with value: -0.716448.
[I 2024-01-11 03:32:04,161] Trial 23 finished with value: -0.709899 and parameters: {'learning_rate': 1.1545603326504817e-06, 'max_depth': 7, 'min_child_weight': 4, 'gamma': 0.20380617226411002, 'lambda': 2.3698509156536624e-06, 'alpha': 0.00021940541095380272}. Best is trial 12 with value: -0.716448.
[I 2024-01-11 04:31:48,494] Trial 24 finished with value: -0.67406 and parameters: {'learning_rate': 2.4540113023129895e-07, 'max_depth': 6, 'min_child_weight': 6, 'gamma': 0.2151288447640185, 'lambda': 1.7531278211764535e-05, 'alpha': 0.004089391838938024}. Best is trial 12 with value: -0.716448.
[I 2024-01-11 04:49:41,696] Trial 25 finished with value: -0.714488 and parameters: {'learning_rate': 1.8069870365343446e-06, 'max_depth': 8, 'min_child_weight': 3, 'gamma': 0.03572732118103341, 'lambda': 0.0001606212232683769, 'alpha': 0.024479551098452318}. Best is trial 12 with value: -0.716448.
[I 2024-01-11 05:41:46,812] Trial 26 finished with value: -0.642503 and parameters: {'learning_rate': 1.1851811624581619e-07, 'max_depth': 7, 'min_child_weight': 5, 'gamma': 0.8732858428174661, 'lambda': 9.860294712172967e-06, 'alpha': 0.0018545487757443814}. Best is trial 12 with value: -0.716448.
Number of finished trials:  27
Best trial:
  NDCG@5: 0.716448
  Params: 
    learning_rate: 1.3029225763136091e-05
    max_depth: 8
    min_child_weight: 5
    gamma: 0.1298791530250199
    lambda: 3.3497562086738e-05
    alpha: 0.002138207509384099
