[I 2024-01-10 17:35:31,195] A new study created in memory with name: no-name-dff5f9a2-c893-4555-bed5-9d1368fc13e4
[I 2024-01-10 17:47:51,876] Trial 0 finished with value: -0.697968 and parameters: {'learning_rate': 4.3898401400433134e-05, 'max_depth': 6, 'min_child_weight': 9, 'gamma': 0.3035963005518674, 'lambda': 5.842541864956353e-08, 'alpha': 0.1148449223480997}. Best is trial 0 with value: -0.697968.
[I 2024-01-10 18:01:03,886] Trial 1 finished with value: -0.669685 and parameters: {'learning_rate': 2.2663672000245824e-05, 'max_depth': 4, 'min_child_weight': 7, 'gamma': 1.1932732501341309e-08, 'lambda': 1.691090574919404e-07, 'alpha': 3.535649337836112e-08}. Best is trial 0 with value: -0.697968.
[I 2024-01-10 18:33:26,250] Trial 2 finished with value: -0.666719 and parameters: {'learning_rate': 1.872522277481872e-05, 'max_depth': 4, 'min_child_weight': 9, 'gamma': 3.029267311160567e-07, 'lambda': 0.962637450442412, 'alpha': 5.3084413565821666e-05}. Best is trial 0 with value: -0.697968.
[I 2024-01-10 18:41:18,446] Trial 3 finished with value: -0.62379 and parameters: {'learning_rate': 1.463801074788953e-05, 'max_depth': 2, 'min_child_weight': 9, 'gamma': 0.00011814863200168676, 'lambda': 4.985488871150309e-06, 'alpha': 0.9413571711563591}. Best is trial 0 with value: -0.697968.
[I 2024-01-10 18:59:07,562] Trial 4 finished with value: -0.688992 and parameters: {'learning_rate': 0.00019016710081184643, 'max_depth': 5, 'min_child_weight': 2, 'gamma': 8.789013681113561e-07, 'lambda': 2.0817421194719745e-05, 'alpha': 3.607940672147218e-07}. Best is trial 0 with value: -0.697968.
[I 2024-01-10 19:15:02,886] Trial 5 finished with value: -0.688709 and parameters: {'learning_rate': 0.00011402917055708033, 'max_depth': 5, 'min_child_weight': 8, 'gamma': 5.0774887893219985e-05, 'lambda': 1.8557132025566295e-06, 'alpha': 0.5128644984684179}. Best is trial 0 with value: -0.697968.
[I 2024-01-10 19:33:59,540] Trial 6 finished with value: -0.691025 and parameters: {'learning_rate': 0.008469765309481982, 'max_depth': 5, 'min_child_weight': 7, 'gamma': 1.8310610018340155e-05, 'lambda': 0.00201605711626408, 'alpha': 0.00013599970673918905}. Best is trial 0 with value: -0.697968.
[I 2024-01-10 19:43:44,673] Trial 7 finished with value: -0.623784 and parameters: {'learning_rate': 0.00048145587994696446, 'max_depth': 2, 'min_child_weight': 6, 'gamma': 2.1521783521630482e-07, 'lambda': 0.00020633563969243467, 'alpha': 3.775944063440064e-07}. Best is trial 0 with value: -0.697968.
[I 2024-01-10 20:30:39,994] Trial 8 finished with value: -0.706904 and parameters: {'learning_rate': 3.52623580527648e-05, 'max_depth': 7, 'min_child_weight': 7, 'gamma': 1.1315791345351518e-06, 'lambda': 0.22321151613047732, 'alpha': 2.6677070024092367e-08}. Best is trial 8 with value: -0.706904.
[I 2024-01-10 20:39:53,206] Trial 9 finished with value: -0.623784 and parameters: {'learning_rate': 1.1412411014696817e-05, 'max_depth': 2, 'min_child_weight': 6, 'gamma': 0.7181846207964566, 'lambda': 1.5956483741933884e-06, 'alpha': 0.007901843003948306}. Best is trial 8 with value: -0.706904.
[I 2024-01-10 22:03:59,791] Trial 10 finished with value: -0.68518 and parameters: {'learning_rate': 1.8885219799931693e-07, 'max_depth': 8, 'min_child_weight': 4, 'gamma': 0.0032382346215160855, 'lambda': 0.6858210248391353, 'alpha': 2.4943183486064582e-08}. Best is trial 8 with value: -0.706904.
[I 2024-01-10 22:26:04,425] Trial 11 finished with value: -0.711709 and parameters: {'learning_rate': 7.393843728758533e-07, 'max_depth': 8, 'min_child_weight': 10, 'gamma': 0.7340965960733787, 'lambda': 1.3113056116130868e-08, 'alpha': 2.367873719307434e-05}. Best is trial 11 with value: -0.711709.
[I 2024-01-10 22:42:28,966] Trial 12 finished with value: -0.704074 and parameters: {'learning_rate': 5.354624306854172e-07, 'max_depth': 8, 'min_child_weight': 10, 'gamma': 0.013810948512510038, 'lambda': 1.750797698225348e-08, 'alpha': 5.9315614613129464e-06}. Best is trial 11 with value: -0.711709.
[I 2024-01-10 23:54:30,087] Trial 13 finished with value: -0.421972 and parameters: {'learning_rate': 1.2107929150302425e-08, 'max_depth': 7, 'min_child_weight': 4, 'gamma': 0.00161832807202768, 'lambda': 0.007018544244592211, 'alpha': 1.0852473261014991e-08}. Best is trial 11 with value: -0.711709.
[I 2024-01-11 00:49:34,557] Trial 14 finished with value: -0.707927 and parameters: {'learning_rate': 7.618429054399396e-07, 'max_depth': 7, 'min_child_weight': 10, 'gamma': 0.04222409285497885, 'lambda': 1.4879149537397851e-08, 'alpha': 2.296054856934867e-06}. Best is trial 11 with value: -0.711709.
[I 2024-01-11 01:09:11,252] Trial 15 finished with value: -0.708313 and parameters: {'learning_rate': 1.1741248835957503e-06, 'max_depth': 7, 'min_child_weight': 10, 'gamma': 0.06692803008740504, 'lambda': 1.022234172379823e-08, 'alpha': 2.1010876187685035e-05}. Best is trial 11 with value: -0.711709.
[I 2024-01-11 01:29:53,856] Trial 16 finished with value: -0.713097 and parameters: {'learning_rate': 1.9088324482603942e-06, 'max_depth': 8, 'min_child_weight': 10, 'gamma': 0.9548168807350983, 'lambda': 2.4567119144615357e-07, 'alpha': 0.00014665260060704713}. Best is trial 16 with value: -0.713097.
[I 2024-01-11 01:45:52,288] Trial 17 finished with value: -0.712954 and parameters: {'learning_rate': 1.9355052905373546e-06, 'max_depth': 8, 'min_child_weight': 8, 'gamma': 0.6951052676564224, 'lambda': 2.853052887973839e-07, 'alpha': 0.00017533069088336909}. Best is trial 16 with value: -0.713097.
[I 2024-01-11 02:00:43,982] Trial 18 finished with value: -0.696555 and parameters: {'learning_rate': 3.219533621997892e-06, 'max_depth': 6, 'min_child_weight': 8, 'gamma': 0.12418823295508893, 'lambda': 2.93703718422332e-07, 'alpha': 0.0010915992734452826}. Best is trial 16 with value: -0.713097.
[I 2024-01-11 02:09:29,910] Trial 19 finished with value: -0.557526 and parameters: {'learning_rate': 3.438386335270967e-06, 'max_depth': 1, 'min_child_weight': 8, 'gamma': 0.6809515029926806, 'lambda': 4.434316778448342e-07, 'alpha': 0.0006869572334498317}. Best is trial 16 with value: -0.713097.
[I 2024-01-11 02:46:45,589] Trial 20 finished with value: -0.644489 and parameters: {'learning_rate': 1.4755909296346522e-07, 'max_depth': 6, 'min_child_weight': 5, 'gamma': 0.010696219842970757, 'lambda': 1.9844278298226673e-05, 'alpha': 0.0005150225043791264}. Best is trial 16 with value: -0.713097.
[I 2024-01-11 03:08:19,800] Trial 21 finished with value: -0.714304 and parameters: {'learning_rate': 5.159595602481539e-06, 'max_depth': 8, 'min_child_weight': 10, 'gamma': 0.8322192701680394, 'lambda': 8.091439093740512e-08, 'alpha': 9.891378902615914e-05}. Best is trial 21 with value: -0.714304.
[I 2024-01-11 04:07:29,959] Trial 22 finished with value: -0.716543 and parameters: {'learning_rate': 3.6419491132218557e-06, 'max_depth': 8, 'min_child_weight': 9, 'gamma': 0.16569993963105514, 'lambda': 9.261349738749203e-08, 'alpha': 0.00023916992026238606}. Best is trial 22 with value: -0.716543.
[I 2024-01-11 04:25:14,117] Trial 23 finished with value: -0.714978 and parameters: {'learning_rate': 6.324709193296454e-06, 'max_depth': 8, 'min_child_weight': 9, 'gamma': 0.1206078634711024, 'lambda': 6.580362097331118e-08, 'alpha': 0.005675745663384411}. Best is trial 22 with value: -0.716543.
[I 2024-01-11 04:58:33,044] Trial 24 finished with value: -0.707346 and parameters: {'learning_rate': 8.624807620416541e-06, 'max_depth': 7, 'min_child_weight': 9, 'gamma': 0.10085274255052533, 'lambda': 6.742560533265589e-08, 'alpha': 0.004800414010918155}. Best is trial 22 with value: -0.716543.
[I 2024-01-11 05:17:59,888] Trial 25 finished with value: -0.714298 and parameters: {'learning_rate': 4.898025524121451e-06, 'max_depth': 8, 'min_child_weight': 9, 'gamma': 0.11864720878300697, 'lambda': 6.439484590074e-08, 'alpha': 0.0036697048819638385}. Best is trial 22 with value: -0.716543.
[I 2024-01-11 05:36:40,352] Trial 26 finished with value: -0.697095 and parameters: {'learning_rate': 6.103692174740675e-06, 'max_depth': 6, 'min_child_weight': 9, 'gamma': 0.03943177569431321, 'lambda': 1.4232026782055115e-06, 'alpha': 0.023477968421433563}. Best is trial 22 with value: -0.716543.
Number of finished trials:  27
Best trial:
  NDCG@5: 0.716543
  Params: 
    learning_rate: 3.6419491132218557e-06
    max_depth: 8
    min_child_weight: 9
    gamma: 0.16569993963105514
    lambda: 9.261349738749203e-08
    alpha: 0.00023916992026238606
