[I 2024-01-10 17:35:30,954] A new study created in memory with name: no-name-eb714688-90a4-40b2-bc1b-e1e9a3c3784b
[I 2024-01-10 17:44:02,991] Trial 0 finished with value: -0.557526 and parameters: {'learning_rate': 2.706891421167155e-05, 'max_depth': 1, 'min_child_weight': 2, 'gamma': 0.02284426018275529, 'lambda': 0.00038330180370072897, 'alpha': 1.3985748293083178e-06}. Best is trial 0 with value: -0.557526.
[I 2024-01-10 17:51:47,652] Trial 1 finished with value: -0.631919 and parameters: {'learning_rate': 0.00029443045985498215, 'max_depth': 3, 'min_child_weight': 6, 'gamma': 2.131295492863731e-06, 'lambda': 9.832267394243234e-05, 'alpha': 2.040100839834933e-07}. Best is trial 1 with value: -0.631919.
[I 2024-01-10 18:10:55,401] Trial 2 finished with value: -0.669962 and parameters: {'learning_rate': 9.208879108747166e-05, 'max_depth': 4, 'min_child_weight': 10, 'gamma': 3.992607631106223e-05, 'lambda': 2.6108619144709876e-06, 'alpha': 0.00015577709460038887}. Best is trial 2 with value: -0.669962.
[I 2024-01-10 18:18:36,366] Trial 3 finished with value: -0.557526 and parameters: {'learning_rate': 2.0059957381825658e-05, 'max_depth': 1, 'min_child_weight': 2, 'gamma': 0.006842486694816948, 'lambda': 1.802226910927901e-08, 'alpha': 0.00045656801676650287}. Best is trial 2 with value: -0.669962.
[I 2024-01-10 18:34:44,078] Trial 4 finished with value: -0.62775 and parameters: {'learning_rate': 0.00020440862771628013, 'max_depth': 2, 'min_child_weight': 10, 'gamma': 0.0004009083194343583, 'lambda': 2.827154601522925e-07, 'alpha': 3.304082071240106e-08}. Best is trial 2 with value: -0.669962.
[I 2024-01-10 18:50:16,266] Trial 5 finished with value: -0.691563 and parameters: {'learning_rate': 2.131577460891471e-06, 'max_depth': 5, 'min_child_weight': 7, 'gamma': 3.9669317789097577e-07, 'lambda': 1.558678420251399e-08, 'alpha': 7.334590403527368e-05}. Best is trial 5 with value: -0.691563.
[I 2024-01-10 19:44:32,252] Trial 6 finished with value: -0.680195 and parameters: {'learning_rate': 2.657865819292507e-07, 'max_depth': 7, 'min_child_weight': 6, 'gamma': 0.5366501881678709, 'lambda': 5.7696590986633564e-05, 'alpha': 6.513151317753147e-08}. Best is trial 5 with value: -0.691563.
[I 2024-01-10 20:07:06,846] Trial 7 finished with value: -0.696408 and parameters: {'learning_rate': 3.847548767392576e-05, 'max_depth': 6, 'min_child_weight': 6, 'gamma': 9.737263696778214e-05, 'lambda': 5.2752851009230715e-05, 'alpha': 0.0025367555564689255}. Best is trial 7 with value: -0.696408.
[I 2024-01-10 20:47:56,313] Trial 8 finished with value: -0.69024 and parameters: {'learning_rate': 2.7462214150522458e-06, 'max_depth': 5, 'min_child_weight': 4, 'gamma': 0.002748383928617939, 'lambda': 0.03801783600883938, 'alpha': 0.00017244001786412977}. Best is trial 7 with value: -0.696408.
[I 2024-01-10 20:56:30,571] Trial 9 finished with value: -0.55926 and parameters: {'learning_rate': 7.181716557900138e-08, 'max_depth': 3, 'min_child_weight': 8, 'gamma': 8.742112146338185e-05, 'lambda': 0.00014183158851075917, 'alpha': 0.005739611183488141}. Best is trial 7 with value: -0.696408.
[I 2024-01-10 21:07:29,506] Trial 10 finished with value: -0.709752 and parameters: {'learning_rate': 0.00584052510521343, 'max_depth': 8, 'min_child_weight': 4, 'gamma': 6.183356082020354e-08, 'lambda': 0.8116941257976478, 'alpha': 0.5624245372812922}. Best is trial 10 with value: -0.709752.
[I 2024-01-10 21:18:47,785] Trial 11 finished with value: -0.713104 and parameters: {'learning_rate': 0.0018218596519377537, 'max_depth': 8, 'min_child_weight': 4, 'gamma': 1.0703132003122852e-08, 'lambda': 0.27498500702120143, 'alpha': 0.96412056420713}. Best is trial 11 with value: -0.713104.
[I 2024-01-10 21:42:46,826] Trial 12 finished with value: -0.712903 and parameters: {'learning_rate': 0.008009989060401578, 'max_depth': 8, 'min_child_weight': 4, 'gamma': 1.3873705153319835e-08, 'lambda': 0.5688737470283787, 'alpha': 0.8027272851480128}. Best is trial 11 with value: -0.713104.
[I 2024-01-10 21:59:09,797] Trial 13 finished with value: -0.712201 and parameters: {'learning_rate': 0.009851150244768623, 'max_depth': 8, 'min_child_weight': 4, 'gamma': 1.0669237406557956e-08, 'lambda': 0.6813900756445767, 'alpha': 0.9600236152924221}. Best is trial 11 with value: -0.713104.
[I 2024-01-10 22:16:32,922] Trial 14 finished with value: -0.706877 and parameters: {'learning_rate': 0.001527016250476627, 'max_depth': 7, 'min_child_weight': 3, 'gamma': 1.0063432295334446e-08, 'lambda': 0.024452147854629902, 'alpha': 0.0873362434928204}. Best is trial 11 with value: -0.713104.
[I 2024-01-10 22:30:18,620] Trial 15 finished with value: -0.707339 and parameters: {'learning_rate': 0.0013607705548579578, 'max_depth': 7, 'min_child_weight': 5, 'gamma': 5.029507094645346e-07, 'lambda': 0.04232678165990569, 'alpha': 0.05942847229235589}. Best is trial 11 with value: -0.713104.
[I 2024-01-10 22:48:25,665] Trial 16 finished with value: -0.716249 and parameters: {'learning_rate': 0.001382935688483947, 'max_depth': 8, 'min_child_weight': 3, 'gamma': 3.2740838743862727e-06, 'lambda': 0.004140490517801545, 'alpha': 0.07808799970956824}. Best is trial 16 with value: -0.716249.
[I 2024-01-10 23:05:47,171] Trial 17 finished with value: -0.693759 and parameters: {'learning_rate': 0.0006683859203913695, 'max_depth': 6, 'min_child_weight': 3, 'gamma': 7.321588924663238e-06, 'lambda': 0.0017956794991840904, 'alpha': 0.05059304169773131}. Best is trial 16 with value: -0.716249.
[I 2024-01-10 23:30:34,098] Trial 18 finished with value: -0.696707 and parameters: {'learning_rate': 0.0015234692806926741, 'max_depth': 6, 'min_child_weight': 3, 'gamma': 1.9503008123199096e-07, 'lambda': 0.004024462629115996, 'alpha': 0.012984592397627882}. Best is trial 16 with value: -0.716249.
[I 2024-01-11 00:00:28,153] Trial 19 finished with value: -0.713668 and parameters: {'learning_rate': 0.00013922288081876983, 'max_depth': 8, 'min_child_weight': 5, 'gamma': 3.990863537300533e-06, 'lambda': 0.07643368858984356, 'alpha': 0.14438135284415224}. Best is trial 16 with value: -0.716249.
[I 2024-01-11 00:21:15,761] Trial 20 finished with value: -0.707864 and parameters: {'learning_rate': 0.00012915373104652257, 'max_depth': 7, 'min_child_weight': 5, 'gamma': 5.712728883909768e-06, 'lambda': 0.006106663472471724, 'alpha': 0.1161013900083594}. Best is trial 16 with value: -0.716249.
[I 2024-01-11 00:38:57,777] Trial 21 finished with value: -0.71439 and parameters: {'learning_rate': 0.00047018089434043185, 'max_depth': 8, 'min_child_weight': 5, 'gamma': 1.1764967329751131e-07, 'lambda': 0.12670484550399613, 'alpha': 0.2269902314600255}. Best is trial 16 with value: -0.716249.
[I 2024-01-11 00:52:51,015] Trial 22 finished with value: -0.714457 and parameters: {'learning_rate': 0.0003618211307956926, 'max_depth': 8, 'min_child_weight': 7, 'gamma': 1.8185953547594175e-06, 'lambda': 0.12365354642477913, 'alpha': 0.017321589442943867}. Best is trial 16 with value: -0.716249.
[I 2024-01-11 01:31:04,431] Trial 23 finished with value: -0.707368 and parameters: {'learning_rate': 0.00040413219056884984, 'max_depth': 7, 'min_child_weight': 8, 'gamma': 1.0502316223005079e-06, 'lambda': 0.13913633752135435, 'alpha': 0.00838479865437756}. Best is trial 16 with value: -0.716249.
[I 2024-01-11 02:05:18,167] Trial 24 finished with value: -0.695188 and parameters: {'learning_rate': 0.00044324515983491255, 'max_depth': 6, 'min_child_weight': 8, 'gamma': 1.1691152410952725e-07, 'lambda': 0.010118886122050502, 'alpha': 0.019885748097289806}. Best is trial 16 with value: -0.716249.
[I 2024-01-11 02:45:15,884] Trial 25 finished with value: -0.714526 and parameters: {'learning_rate': 5.495289787558852e-05, 'max_depth': 8, 'min_child_weight': 7, 'gamma': 2.0256152094032803e-05, 'lambda': 0.12274918149588862, 'alpha': 0.0015220626764479025}. Best is trial 16 with value: -0.716249.
[I 2024-01-11 03:10:38,331] Trial 26 finished with value: -0.706464 and parameters: {'learning_rate': 4.850147889297805e-05, 'max_depth': 7, 'min_child_weight': 7, 'gamma': 2.4888088774553873e-05, 'lambda': 0.022166704395063287, 'alpha': 0.0016165346044168696}. Best is trial 16 with value: -0.716249.
[I 2024-01-11 03:22:08,196] Trial 27 finished with value: -0.689206 and parameters: {'learning_rate': 1.1069513973988087e-05, 'max_depth': 5, 'min_child_weight': 9, 'gamma': 9.172620866272725e-07, 'lambda': 0.0013746648735491675, 'alpha': 0.0018470784211596489}. Best is trial 16 with value: -0.716249.
[I 2024-01-11 03:41:29,881] Trial 28 finished with value: -0.713912 and parameters: {'learning_rate': 5.566948591511975e-05, 'max_depth': 8, 'min_child_weight': 7, 'gamma': 1.4656311687038523e-05, 'lambda': 0.26408201288761535, 'alpha': 0.024412884584329102}. Best is trial 16 with value: -0.716249.
[I 2024-01-11 04:32:15,039] Trial 29 finished with value: -0.672471 and parameters: {'learning_rate': 2.598906545051273e-05, 'max_depth': 4, 'min_child_weight': 9, 'gamma': 2.2517694535651783e-06, 'lambda': 0.010798411739042531, 'alpha': 1.588118415080228e-05}. Best is trial 16 with value: -0.716249.
[I 2024-01-11 05:18:04,340] Trial 30 finished with value: -0.696432 and parameters: {'learning_rate': 0.00011434950930426264, 'max_depth': 6, 'min_child_weight': 7, 'gamma': 0.0002714209397398666, 'lambda': 0.0009503230885858076, 'alpha': 0.00471622647901421}. Best is trial 16 with value: -0.716249.
[I 2024-01-11 05:32:49,053] Trial 31 finished with value: -0.711945 and parameters: {'learning_rate': 0.0006955707908284232, 'max_depth': 8, 'min_child_weight': 2, 'gamma': 1.0591719597619357e-05, 'lambda': 0.11391958232714818, 'alpha': 0.15902711395924593}. Best is trial 16 with value: -0.716249.
[I 2024-01-11 05:43:45,023] Trial 32 finished with value: -0.71374 and parameters: {'learning_rate': 0.0029126432340430513, 'max_depth': 8, 'min_child_weight': 6, 'gamma': 2.0731709184731247e-06, 'lambda': 0.10027409544568754, 'alpha': 0.024377861450261686}. Best is trial 16 with value: -0.716249.
Number of finished trials:  33
Best trial:
  NDCG@5: 0.716249
  Params: 
    learning_rate: 0.001382935688483947
    max_depth: 8
    min_child_weight: 3
    gamma: 3.2740838743862727e-06
    lambda: 0.004140490517801545
    alpha: 0.07808799970956824
