[I 2024-01-08 10:55:56,037] A new study created in memory with name: no-name-a313570d-3ec8-4f2c-97d4-217e4ced5435
[I 2024-01-08 11:03:19,354] Trial 0 finished with value: -0.411796 and parameters: {'learning_rate': 1.5288553407329113e-08, 'max_depth': 5, 'min_child_weight': 3, 'gamma': 0.0003405476480365895, 'lambda': 1.1224225020904596e-07, 'alpha': 0.0314163774976484}. Best is trial 0 with value: -0.411796.
[I 2024-01-08 11:32:35,880] Trial 1 finished with value: -0.627797 and parameters: {'learning_rate': 4.6477913174755826e-05, 'max_depth': 2, 'min_child_weight': 7, 'gamma': 4.0745183567170695e-08, 'lambda': 5.534121226836834e-05, 'alpha': 0.005562169550410195}. Best is trial 1 with value: -0.627797.
[I 2024-01-08 11:47:36,380] Trial 2 finished with value: -0.649055 and parameters: {'learning_rate': 3.516823985023967e-06, 'max_depth': 3, 'min_child_weight': 3, 'gamma': 0.00017797649882322808, 'lambda': 0.0008833554097827916, 'alpha': 0.007999248589290776}. Best is trial 2 with value: -0.649055.
[I 2024-01-08 12:00:46,307] Trial 3 finished with value: -0.688737 and parameters: {'learning_rate': 0.00015793457793075415, 'max_depth': 6, 'min_child_weight': 3, 'gamma': 0.023604866381563516, 'lambda': 2.864027905208926e-07, 'alpha': 0.0002583229869517785}. Best is trial 3 with value: -0.688737.
[I 2024-01-08 12:22:03,249] Trial 4 finished with value: -0.673993 and parameters: {'learning_rate': 7.035586721040663e-06, 'max_depth': 5, 'min_child_weight': 9, 'gamma': 0.00014624552050009174, 'lambda': 4.1467454782438104e-06, 'alpha': 0.00286248053921425}. Best is trial 3 with value: -0.688737.
[I 2024-01-08 12:34:58,098] Trial 5 finished with value: -0.627637 and parameters: {'learning_rate': 0.0037001353592333963, 'max_depth': 2, 'min_child_weight': 7, 'gamma': 3.0215060125480028e-06, 'lambda': 0.14492879984506504, 'alpha': 0.04135611946030565}. Best is trial 3 with value: -0.688737.
[I 2024-01-08 12:44:53,550] Trial 6 finished with value: -0.623946 and parameters: {'learning_rate': 7.40900686404362e-07, 'max_depth': 2, 'min_child_weight': 3, 'gamma': 4.7579129948301715e-08, 'lambda': 0.28780656689728285, 'alpha': 0.0030281954206091994}. Best is trial 3 with value: -0.688737.
[I 2024-01-08 12:59:31,118] Trial 7 finished with value: -0.628873 and parameters: {'learning_rate': 0.0023884697510063897, 'max_depth': 2, 'min_child_weight': 7, 'gamma': 1.1603011977413633e-08, 'lambda': 0.000110206231105409, 'alpha': 8.500194968562233e-05}. Best is trial 3 with value: -0.688737.
[I 2024-01-08 13:12:33,213] Trial 8 finished with value: -0.65463 and parameters: {'learning_rate': 1.674912350850303e-06, 'max_depth': 4, 'min_child_weight': 5, 'gamma': 1.7193567918845736e-05, 'lambda': 1.1219700510059186e-07, 'alpha': 1.9491591147165438e-07}. Best is trial 3 with value: -0.688737.
[I 2024-01-08 13:50:20,985] Trial 9 finished with value: -0.700994 and parameters: {'learning_rate': 0.0005654698261334272, 'max_depth': 7, 'min_child_weight': 4, 'gamma': 0.0030145403859833, 'lambda': 0.020868274203368342, 'alpha': 0.024381843919245583}. Best is trial 9 with value: -0.700994.
[I 2024-01-08 14:12:39,317] Trial 10 finished with value: -0.701496 and parameters: {'learning_rate': 0.0004907078676241432, 'max_depth': 8, 'min_child_weight': 5, 'gamma': 0.8977914816178098, 'lambda': 0.013524369471841593, 'alpha': 0.46259776905082206}. Best is trial 10 with value: -0.701496.
[I 2024-01-08 14:28:02,769] Trial 11 finished with value: -0.699319 and parameters: {'learning_rate': 0.000503319851353868, 'max_depth': 8, 'min_child_weight': 5, 'gamma': 0.979778131960915, 'lambda': 0.00899604607880441, 'alpha': 0.9150118474779884}. Best is trial 10 with value: -0.701496.
[I 2024-01-08 14:39:00,126] Trial 12 finished with value: -0.701965 and parameters: {'learning_rate': 0.008789734617904828, 'max_depth': 8, 'min_child_weight': 5, 'gamma': 0.2003094874835848, 'lambda': 0.006100540128774431, 'alpha': 0.8127495335075805}. Best is trial 12 with value: -0.701965.
[I 2024-01-08 14:50:52,438] Trial 13 finished with value: -0.701022 and parameters: {'learning_rate': 0.00975110916400693, 'max_depth': 8, 'min_child_weight': 10, 'gamma': 0.8162551179382816, 'lambda': 0.008787597905067453, 'alpha': 0.4473136461005328}. Best is trial 12 with value: -0.701965.
[I 2024-01-08 15:29:02,869] Trial 14 finished with value: -0.700163 and parameters: {'learning_rate': 0.0015015192246364403, 'max_depth': 7, 'min_child_weight': 5, 'gamma': 0.07904135943201222, 'lambda': 0.4603643386604262, 'alpha': 0.5928354509578853}. Best is trial 12 with value: -0.701965.
[I 2024-01-08 16:03:08,793] Trial 15 finished with value: -0.699319 and parameters: {'learning_rate': 0.0073182902230600035, 'max_depth': 7, 'min_child_weight': 6, 'gamma': 0.04357631729769812, 'lambda': 0.001540813336767121, 'alpha': 0.1527366592313709}. Best is trial 12 with value: -0.701965.
[I 2024-01-08 16:22:09,546] Trial 16 finished with value: -0.704398 and parameters: {'learning_rate': 6.792767824846996e-05, 'max_depth': 8, 'min_child_weight': 2, 'gamma': 0.003768106704296017, 'lambda': 0.05973646015626445, 'alpha': 0.8767868453294907}. Best is trial 16 with value: -0.704398.
[I 2024-01-08 16:39:20,337] Trial 17 finished with value: -0.690325 and parameters: {'learning_rate': 1.7957023600273046e-05, 'max_depth': 6, 'min_child_weight': 2, 'gamma': 0.003022977171887092, 'lambda': 0.9356413788003811, 'alpha': 0.10595894474577772}. Best is trial 16 with value: -0.704398.
[I 2024-01-08 17:00:35,635] Trial 18 finished with value: -0.689103 and parameters: {'learning_rate': 0.00010612789857638792, 'max_depth': 6, 'min_child_weight': 2, 'gamma': 0.011275176415301492, 'lambda': 0.06348993474150302, 'alpha': 0.9825126611836713}. Best is trial 16 with value: -0.704398.
[I 2024-01-08 17:22:58,511] Trial 19 finished with value: -0.670566 and parameters: {'learning_rate': 2.9707321848155147e-05, 'max_depth': 4, 'min_child_weight': 9, 'gamma': 0.1419682003171591, 'lambda': 0.08636067814503935, 'alpha': 0.0003674930241301546}. Best is trial 16 with value: -0.704398.
[I 2024-01-08 17:43:41,179] Trial 20 finished with value: -0.700472 and parameters: {'learning_rate': 0.001534863634444114, 'max_depth': 7, 'min_child_weight': 4, 'gamma': 0.0026198569484229073, 'lambda': 0.0015830077574560497, 'alpha': 0.05991878745415461}. Best is trial 16 with value: -0.704398.
[I 2024-01-08 18:43:42,350] Trial 21 finished with value: -0.70502 and parameters: {'learning_rate': 0.00045331556742876785, 'max_depth': 8, 'min_child_weight': 6, 'gamma': 0.26154702476022185, 'lambda': 0.019761889253048826, 'alpha': 0.2569455567133437}. Best is trial 21 with value: -0.70502.
[I 2024-01-08 19:02:44,611] Trial 22 finished with value: -0.702196 and parameters: {'learning_rate': 0.0001600185143267895, 'max_depth': 8, 'min_child_weight': 6, 'gamma': 0.13074730967569245, 'lambda': 0.038779284883792065, 'alpha': 0.19414252970969934}. Best is trial 21 with value: -0.70502.
[I 2024-01-08 19:18:41,871] Trial 23 finished with value: -0.703313 and parameters: {'learning_rate': 0.00011777835129075004, 'max_depth': 8, 'min_child_weight': 8, 'gamma': 0.026344006070233905, 'lambda': 0.0919542419136962, 'alpha': 0.13062724733622436}. Best is trial 21 with value: -0.70502.
[I 2024-01-08 19:31:17,807] Trial 24 finished with value: -0.700942 and parameters: {'learning_rate': 7.795305603975068e-05, 'max_depth': 7, 'min_child_weight': 8, 'gamma': 0.016655244489577146, 'lambda': 0.1851161272736931, 'alpha': 0.1300536438903194}. Best is trial 21 with value: -0.70502.
[I 2024-01-08 19:39:07,445] Trial 25 finished with value: -0.561035 and parameters: {'learning_rate': 1.6282503280812188e-05, 'max_depth': 1, 'min_child_weight': 8, 'gamma': 0.007780006647300776, 'lambda': 0.8248750301699076, 'alpha': 0.01571473689463112}. Best is trial 21 with value: -0.70502.
[I 2024-01-08 20:04:42,994] Trial 26 finished with value: -0.689086 and parameters: {'learning_rate': 0.0003053604520987417, 'max_depth': 6, 'min_child_weight': 10, 'gamma': 0.0006561372608793522, 'lambda': 0.049755146145441714, 'alpha': 0.09334692628873899}. Best is trial 21 with value: -0.70502.
[I 2024-01-08 20:39:47,374] Trial 27 finished with value: -0.704276 and parameters: {'learning_rate': 5.792625514212289e-05, 'max_depth': 8, 'min_child_weight': 8, 'gamma': 0.045085123180834664, 'lambda': 0.18505652615552892, 'alpha': 0.17474600977026358}. Best is trial 21 with value: -0.70502.
[I 2024-01-08 20:52:43,968] Trial 28 finished with value: -0.698808 and parameters: {'learning_rate': 3.921366587806781e-05, 'max_depth': 7, 'min_child_weight': 9, 'gamma': 0.1624327354375707, 'lambda': 0.27374891207510227, 'alpha': 0.014662030410612861}. Best is trial 21 with value: -0.70502.
[I 2024-01-08 21:28:10,512] Trial 29 finished with value: -0.67576 and parameters: {'learning_rate': 8.517516997832054e-06, 'max_depth': 5, 'min_child_weight': 4, 'gamma': 0.0008325804638248868, 'lambda': 0.02046081905295015, 'alpha': 0.04167335406453171}. Best is trial 21 with value: -0.70502.
[I 2024-01-08 21:46:37,179] Trial 30 finished with value: -0.687901 and parameters: {'learning_rate': 0.0010415458943498102, 'max_depth': 6, 'min_child_weight': 6, 'gamma': 0.05125531138893423, 'lambda': 0.8902447700562398, 'alpha': 0.269986011562308}. Best is trial 21 with value: -0.70502.
[I 2024-01-08 22:15:48,619] Trial 31 finished with value: -0.705128 and parameters: {'learning_rate': 0.00015241519529699102, 'max_depth': 8, 'min_child_weight': 8, 'gamma': 0.006167815521831995, 'lambda': 0.1097801777362563, 'alpha': 0.23422011711162605}. Best is trial 31 with value: -0.705128.
[I 2024-01-08 22:51:27,998] Trial 32 finished with value: -0.70428 and parameters: {'learning_rate': 4.3267204830665956e-05, 'max_depth': 8, 'min_child_weight': 7, 'gamma': 0.006961441755823749, 'lambda': 0.20626276410351926, 'alpha': 0.20672713393675493}. Best is trial 31 with value: -0.705128.
[I 2024-01-08 23:38:49,571] Trial 33 finished with value: -0.698458 and parameters: {'learning_rate': 0.0003061426629224474, 'max_depth': 7, 'min_child_weight': 7, 'gamma': 0.006453333495035346, 'lambda': 0.056165960212990786, 'alpha': 0.02890454724585522}. Best is trial 31 with value: -0.705128.
Number of finished trials:  34
Best trial:
  NDCG@5: 0.705128
  Params: 
    learning_rate: 0.00015241519529699102
    max_depth: 8
    min_child_weight: 8
    gamma: 0.006167815521831995
    lambda: 0.1097801777362563
    alpha: 0.23422011711162605
