[I 2024-01-08 10:55:56,021] A new study created in memory with name: no-name-584f0534-5928-4ddd-a063-32f93d60ff30
[I 2024-01-08 11:09:07,147] Trial 0 finished with value: -0.606197 and parameters: {'learning_rate': 4.109128543759252e-07, 'max_depth': 3, 'min_child_weight': 9, 'gamma': 0.096668254893633, 'lambda': 4.283807087754805e-06, 'alpha': 0.0005043607645818616}. Best is trial 0 with value: -0.606197.
[I 2024-01-08 11:35:49,320] Trial 1 finished with value: -0.691516 and parameters: {'learning_rate': 0.0024158155895174197, 'max_depth': 6, 'min_child_weight': 6, 'gamma': 2.9223486021445526e-07, 'lambda': 3.5903095990541702e-06, 'alpha': 2.928963121679694e-07}. Best is trial 1 with value: -0.691516.
[I 2024-01-08 11:46:28,198] Trial 2 finished with value: -0.560763 and parameters: {'learning_rate': 0.00046308961933145144, 'max_depth': 1, 'min_child_weight': 9, 'gamma': 1.0339169720930126e-06, 'lambda': 0.0002917582387064211, 'alpha': 2.7883280676548224e-06}. Best is trial 1 with value: -0.691516.
[I 2024-01-08 12:24:30,983] Trial 3 finished with value: -0.700152 and parameters: {'learning_rate': 2.0273953533862693e-06, 'max_depth': 8, 'min_child_weight': 8, 'gamma': 2.109708868986912e-08, 'lambda': 3.625327520042914e-08, 'alpha': 1.0735831262565042e-08}. Best is trial 3 with value: -0.700152.
[I 2024-01-08 12:37:50,196] Trial 4 finished with value: -0.646734 and parameters: {'learning_rate': 2.136634459280564e-05, 'max_depth': 3, 'min_child_weight': 8, 'gamma': 2.3749191687419287e-05, 'lambda': 0.00038860279462137135, 'alpha': 2.549262724972669e-05}. Best is trial 3 with value: -0.700152.
[I 2024-01-08 12:50:50,919] Trial 5 finished with value: -0.57484 and parameters: {'learning_rate': 0.001302280149421357, 'max_depth': 1, 'min_child_weight': 7, 'gamma': 0.05712949546866663, 'lambda': 0.0025895355663751235, 'alpha': 3.09578453622761e-08}. Best is trial 3 with value: -0.700152.
[I 2024-01-08 13:01:30,306] Trial 6 finished with value: -0.522578 and parameters: {'learning_rate': 1.4225034071408388e-07, 'max_depth': 3, 'min_child_weight': 9, 'gamma': 1.644566462856325e-05, 'lambda': 2.5148534014612586e-07, 'alpha': 0.6988765375646803}. Best is trial 3 with value: -0.700152.
[I 2024-01-08 13:31:21,851] Trial 7 finished with value: -0.649155 and parameters: {'learning_rate': 8.826521902709957e-07, 'max_depth': 5, 'min_child_weight': 6, 'gamma': 0.019101719145089915, 'lambda': 0.38743030557165703, 'alpha': 4.2821022245804505e-05}. Best is trial 3 with value: -0.700152.
[I 2024-01-08 13:38:26,094] Trial 8 finished with value: -0.411796 and parameters: {'learning_rate': 2.6680187922047722e-08, 'max_depth': 6, 'min_child_weight': 9, 'gamma': 0.01837743353347781, 'lambda': 0.04778154522439962, 'alpha': 0.0002068088802841405}. Best is trial 3 with value: -0.700152.
[I 2024-01-08 13:52:52,844] Trial 9 finished with value: -0.673857 and parameters: {'learning_rate': 0.005210373871040942, 'max_depth': 5, 'min_child_weight': 10, 'gamma': 0.00014239440073147316, 'lambda': 0.9574000947541111, 'alpha': 3.034842536964097e-06}. Best is trial 3 with value: -0.700152.
[I 2024-01-08 14:23:05,992] Trial 10 finished with value: -0.704491 and parameters: {'learning_rate': 1.0546454338599949e-05, 'max_depth': 8, 'min_child_weight': 3, 'gamma': 1.536534117160253e-08, 'lambda': 2.2370933385386e-08, 'alpha': 1.140902406347016e-08}. Best is trial 10 with value: -0.704491.
[I 2024-01-08 14:52:54,464] Trial 11 finished with value: -0.703013 and parameters: {'learning_rate': 1.171369765527392e-05, 'max_depth': 8, 'min_child_weight': 3, 'gamma': 1.7960916087752578e-08, 'lambda': 1.0719985395241739e-08, 'alpha': 1.2056941596098675e-08}. Best is trial 10 with value: -0.704491.
[I 2024-01-08 15:13:22,499] Trial 12 finished with value: -0.702004 and parameters: {'learning_rate': 1.853766904629267e-05, 'max_depth': 8, 'min_child_weight': 3, 'gamma': 1.6202105360181877e-08, 'lambda': 1.2895167964208513e-08, 'alpha': 1.1216736747345606e-08}. Best is trial 10 with value: -0.704491.
[I 2024-01-08 15:53:00,667] Trial 13 finished with value: -0.700367 and parameters: {'learning_rate': 9.108662775868453e-05, 'max_depth': 7, 'min_child_weight': 2, 'gamma': 1.721974271801021e-08, 'lambda': 1.1215520224893227e-08, 'alpha': 1.6648572302790307e-07}. Best is trial 10 with value: -0.704491.
[I 2024-01-08 16:19:47,538] Trial 14 finished with value: -0.695446 and parameters: {'learning_rate': 4.8450020595747535e-06, 'max_depth': 7, 'min_child_weight': 4, 'gamma': 6.00742626032723e-07, 'lambda': 2.93842990703552e-07, 'alpha': 1.3156812255657677e-07}. Best is trial 10 with value: -0.704491.
[I 2024-01-08 16:54:27,218] Trial 15 finished with value: -0.705083 and parameters: {'learning_rate': 3.058762692933464e-05, 'max_depth': 8, 'min_child_weight': 4, 'gamma': 1.4479582721694732e-07, 'lambda': 7.721288315935814e-06, 'alpha': 6.173385262809803e-07}. Best is trial 15 with value: -0.705083.
[I 2024-01-08 17:12:33,510] Trial 16 finished with value: -0.697499 and parameters: {'learning_rate': 0.00011107308770278924, 'max_depth': 7, 'min_child_weight': 5, 'gamma': 2.047613808994393e-07, 'lambda': 1.1327344060491486e-05, 'alpha': 3.5097909101846275e-07}. Best is trial 15 with value: -0.705083.
[I 2024-01-08 17:44:29,537] Trial 17 finished with value: -0.690147 and parameters: {'learning_rate': 8.499530652886953e-05, 'max_depth': 6, 'min_child_weight': 2, 'gamma': 1.5009354987659506e-07, 'lambda': 2.865930298278732e-05, 'alpha': 1.570485699080151e-06}. Best is trial 15 with value: -0.705083.
[I 2024-01-08 18:04:35,905] Trial 18 finished with value: -0.670512 and parameters: {'learning_rate': 3.6675524200487442e-06, 'max_depth': 4, 'min_child_weight': 4, 'gamma': 2.0401816936800602e-06, 'lambda': 5.796040903475166e-07, 'alpha': 5.609770815389924e-08}. Best is trial 15 with value: -0.705083.
[I 2024-01-08 18:19:50,429] Trial 19 finished with value: -0.703925 and parameters: {'learning_rate': 0.0002574514299516409, 'max_depth': 8, 'min_child_weight': 4, 'gamma': 9.144606128636299e-08, 'lambda': 1.5955322384289797e-06, 'alpha': 5.792432391752111e-07}. Best is trial 15 with value: -0.705083.
[I 2024-01-08 18:39:29,870] Trial 20 finished with value: -0.696433 and parameters: {'learning_rate': 2.3507876820600556e-05, 'max_depth': 7, 'min_child_weight': 5, 'gamma': 7.286311886148252e-08, 'lambda': 1.0784937608624008e-07, 'alpha': 6.31028412158813e-08}. Best is trial 15 with value: -0.705083.
[I 2024-01-08 19:08:55,608] Trial 21 finished with value: -0.703638 and parameters: {'learning_rate': 0.0003327709291005125, 'max_depth': 8, 'min_child_weight': 4, 'gamma': 1.020947064640507e-08, 'lambda': 1.1199008228929585e-06, 'alpha': 7.713253111865651e-07}. Best is trial 15 with value: -0.705083.
[I 2024-01-08 19:40:06,812] Trial 22 finished with value: -0.703055 and parameters: {'learning_rate': 0.008507556979709011, 'max_depth': 8, 'min_child_weight': 3, 'gamma': 7.156822604411744e-08, 'lambda': 8.170450271577509e-08, 'alpha': 1.12628650299612e-05}. Best is trial 15 with value: -0.705083.
[I 2024-01-08 20:05:01,725] Trial 23 finished with value: -0.698215 and parameters: {'learning_rate': 5.470269877928124e-05, 'max_depth': 7, 'min_child_weight': 5, 'gamma': 2.3965914172515685e-06, 'lambda': 1.6737583079602559e-06, 'alpha': 6.706521523168521e-07}. Best is trial 15 with value: -0.705083.
[I 2024-01-08 20:22:16,831] Trial 24 finished with value: -0.691347 and parameters: {'learning_rate': 0.0003462997081425152, 'max_depth': 6, 'min_child_weight': 3, 'gamma': 7.269667670948298e-08, 'lambda': 1.803587892574027e-05, 'alpha': 7.258349888561373e-08}. Best is trial 15 with value: -0.705083.
[I 2024-01-08 20:55:56,069] Trial 25 finished with value: -0.70426 and parameters: {'learning_rate': 7.2451691773049395e-06, 'max_depth': 8, 'min_child_weight': 2, 'gamma': 5.048851749223075e-07, 'lambda': 4.5693292071040056e-07, 'alpha': 5.776079937040023e-06}. Best is trial 15 with value: -0.705083.
[I 2024-01-08 21:18:28,604] Trial 26 finished with value: -0.698449 and parameters: {'learning_rate': 6.746870013748586e-06, 'max_depth': 7, 'min_child_weight': 2, 'gamma': 5.522843793544567e-07, 'lambda': 1.0929290607158587e-07, 'alpha': 6.370056677298972e-06}. Best is trial 15 with value: -0.705083.
[I 2024-01-08 21:44:26,190] Trial 27 finished with value: -0.701322 and parameters: {'learning_rate': 2.3400632959653645e-06, 'max_depth': 8, 'min_child_weight': 2, 'gamma': 3.97787348214907e-06, 'lambda': 3.447423552092458e-07, 'alpha': 2.1474763526854233e-06}. Best is trial 15 with value: -0.705083.
[I 2024-01-08 22:12:59,815] Trial 28 finished with value: -0.680457 and parameters: {'learning_rate': 1.0709120438652514e-05, 'max_depth': 5, 'min_child_weight': 3, 'gamma': 4.007857081324706e-07, 'lambda': 5.921604184468005e-06, 'alpha': 1.755988504611818e-07}. Best is trial 15 with value: -0.705083.
[I 2024-01-08 22:27:39,196] Trial 29 finished with value: -0.631064 and parameters: {'learning_rate': 9.694261144769226e-07, 'max_depth': 2, 'min_child_weight': 2, 'gamma': 7.4737636616134565e-06, 'lambda': 4.252015213485339e-05, 'alpha': 1.459233828063655e-05}. Best is trial 15 with value: -0.705083.
[I 2024-01-08 23:00:05,591] Trial 30 finished with value: -0.671758 and parameters: {'learning_rate': 3.8307036725906676e-05, 'max_depth': 4, 'min_child_weight': 5, 'gamma': 4.321420608216882e-08, 'lambda': 4.871077001460561e-06, 'alpha': 0.0015806366886250923}. Best is trial 15 with value: -0.705083.
Number of finished trials:  31
Best trial:
  NDCG@5: 0.705083
  Params: 
    learning_rate: 3.058762692933464e-05
    max_depth: 8
    min_child_weight: 4
    gamma: 1.4479582721694732e-07
    lambda: 7.721288315935814e-06
    alpha: 6.173385262809803e-07
