[I 2024-01-07 10:44:39,189] A new study created in memory with name: no-name-62168efb-302e-4783-b539-250af00762c0
[I 2024-01-07 11:02:58,117] Trial 0 finished with value: -0.456161 and parameters: {'learning_rate': 2.0418458617539765e-05, 'max_depth': 4, 'min_child_weight': 2, 'gamma': 0.04036106233372451, 'lambda': 5.05574283561386e-07, 'alpha': 0.06714578442995056}. Best is trial 0 with value: -0.456161.
[I 2024-01-07 11:48:03,846] Trial 1 finished with value: -0.44399 and parameters: {'learning_rate': 4.4376399088465864e-05, 'max_depth': 6, 'min_child_weight': 9, 'gamma': 5.368089529105175e-08, 'lambda': 3.0837214815993116e-07, 'alpha': 5.9931968171152826e-05}. Best is trial 0 with value: -0.456161.
[I 2024-01-07 12:26:38,845] Trial 2 finished with value: -0.444198 and parameters: {'learning_rate': 4.943011797798193e-06, 'max_depth': 6, 'min_child_weight': 5, 'gamma': 0.011985602769340851, 'lambda': 0.018364640861564842, 'alpha': 1.943725540719536e-06}. Best is trial 0 with value: -0.456161.
[I 2024-01-07 12:41:32,960] Trial 3 finished with value: -0.438192 and parameters: {'learning_rate': 0.0002927374868444633, 'max_depth': 5, 'min_child_weight': 7, 'gamma': 1.0502497424631779e-05, 'lambda': 8.506412633313505e-08, 'alpha': 3.814472436085825e-08}. Best is trial 0 with value: -0.456161.
[I 2024-01-07 14:39:15,118] Trial 4 finished with value: -0.702046 and parameters: {'learning_rate': 0.0020865254506443093, 'max_depth': 5, 'min_child_weight': 7, 'gamma': 0.028572499745467366, 'lambda': 5.016267380938417e-07, 'alpha': 4.5613723726472665e-08}. Best is trial 4 with value: -0.702046.
[I 2024-01-07 14:57:38,525] Trial 5 finished with value: -0.441509 and parameters: {'learning_rate': 4.3146267934917656e-06, 'max_depth': 5, 'min_child_weight': 4, 'gamma': 0.00024052720172200968, 'lambda': 0.00034583245986046635, 'alpha': 0.03425683603844825}. Best is trial 4 with value: -0.702046.
[I 2024-01-07 15:29:53,706] Trial 6 finished with value: -0.446696 and parameters: {'learning_rate': 3.05453674749711e-07, 'max_depth': 3, 'min_child_weight': 9, 'gamma': 7.962537846912686e-07, 'lambda': 2.865796702625269e-07, 'alpha': 1.874199764738779e-05}. Best is trial 4 with value: -0.702046.
[I 2024-01-07 17:27:30,909] Trial 7 finished with value: -0.712755 and parameters: {'learning_rate': 0.006855041157154821, 'max_depth': 5, 'min_child_weight': 6, 'gamma': 5.357834076323954e-07, 'lambda': 5.455609662294241e-05, 'alpha': 0.6918963410241943}. Best is trial 7 with value: -0.712755.
[I 2024-01-07 17:51:06,320] Trial 8 finished with value: -0.441727 and parameters: {'learning_rate': 5.704067426967638e-05, 'max_depth': 7, 'min_child_weight': 7, 'gamma': 7.247189395836419e-08, 'lambda': 0.0010968830458917126, 'alpha': 8.320659912605581e-08}. Best is trial 7 with value: -0.712755.
[I 2024-01-07 18:09:15,451] Trial 9 finished with value: -0.44095 and parameters: {'learning_rate': 2.2016128134622505e-05, 'max_depth': 4, 'min_child_weight': 7, 'gamma': 0.0007909641230555476, 'lambda': 0.0002233653305621752, 'alpha': 0.09601113066553019}. Best is trial 7 with value: -0.712755.
[I 2024-01-07 20:04:31,920] Trial 10 finished with value: -0.680316 and parameters: {'learning_rate': 0.0017374352350359816, 'max_depth': 1, 'min_child_weight': 2, 'gamma': 9.220644419304348e-06, 'lambda': 0.8413115187692398, 'alpha': 0.9949093968587412}. Best is trial 7 with value: -0.712755.
[I 2024-01-07 21:53:14,818] Trial 11 finished with value: -0.729509 and parameters: {'learning_rate': 0.00805788334534931, 'max_depth': 8, 'min_child_weight': 5, 'gamma': 0.31883144856095125, 'lambda': 6.271395343367749e-06, 'alpha': 0.003962158466385753}. Best is trial 11 with value: -0.729509.
[I 2024-01-07 23:44:24,857] Trial 12 finished with value: -0.723596 and parameters: {'learning_rate': 0.0068341200267101904, 'max_depth': 8, 'min_child_weight': 4, 'gamma': 0.1810936829533626, 'lambda': 9.521068642961789e-06, 'alpha': 0.0020612528822272313}. Best is trial 11 with value: -0.729509.
Number of finished trials:  13
Best trial:
  NDCG@5: 0.729509
  Params: 
    learning_rate: 0.00805788334534931
    max_depth: 8
    min_child_weight: 5
    gamma: 0.31883144856095125
    lambda: 6.271395343367749e-06
    alpha: 0.003962158466385753
