[I 2024-01-07 10:44:39,275] A new study created in memory with name: no-name-63088499-f591-46c7-80c3-53fc58f7315f
[I 2024-01-07 12:43:37,805] Trial 0 finished with value: -0.701701 and parameters: {'learning_rate': 0.004002192251387448, 'max_depth': 5, 'min_child_weight': 2, 'gamma': 5.016932611118117e-05, 'lambda': 3.5750671231325345e-05, 'alpha': 0.05040520427356205}. Best is trial 0 with value: -0.701701.
[I 2024-01-07 12:56:39,030] Trial 1 finished with value: -0.432474 and parameters: {'learning_rate': 3.282065203903285e-08, 'max_depth': 2, 'min_child_weight': 9, 'gamma': 0.0015126702899069056, 'lambda': 0.0010424823669304291, 'alpha': 1.8619399636577862e-08}. Best is trial 0 with value: -0.701701.
[I 2024-01-07 13:20:49,592] Trial 2 finished with value: -0.445942 and parameters: {'learning_rate': 3.3334976020872058e-06, 'max_depth': 2, 'min_child_weight': 6, 'gamma': 1.0665485234664218e-07, 'lambda': 0.01437111259605365, 'alpha': 2.545158703320068e-06}. Best is trial 0 with value: -0.701701.
[I 2024-01-07 13:59:33,618] Trial 3 finished with value: -0.445264 and parameters: {'learning_rate': 4.93816546298092e-08, 'max_depth': 2, 'min_child_weight': 7, 'gamma': 1.9129532843501826e-06, 'lambda': 0.006407422995622588, 'alpha': 0.3353277037458442}. Best is trial 0 with value: -0.701701.
[I 2024-01-07 14:18:18,994] Trial 4 finished with value: -0.441334 and parameters: {'learning_rate': 0.00013065885747295136, 'max_depth': 1, 'min_child_weight': 5, 'gamma': 2.5807885304823194e-08, 'lambda': 0.009001285707600736, 'alpha': 0.18384569335537004}. Best is trial 0 with value: -0.701701.
[I 2024-01-07 14:31:14,574] Trial 5 finished with value: -0.441412 and parameters: {'learning_rate': 5.296604831484283e-06, 'max_depth': 2, 'min_child_weight': 4, 'gamma': 2.551792954939812e-06, 'lambda': 0.21370121321658395, 'alpha': 0.004757733103346905}. Best is trial 0 with value: -0.701701.
[I 2024-01-07 14:48:17,662] Trial 6 finished with value: -0.443935 and parameters: {'learning_rate': 1.1494841853927299e-06, 'max_depth': 8, 'min_child_weight': 2, 'gamma': 7.99368608589341e-08, 'lambda': 2.182662142146305e-07, 'alpha': 1.3978766964472764e-08}. Best is trial 0 with value: -0.701701.
[I 2024-01-07 16:45:19,655] Trial 7 finished with value: -0.721367 and parameters: {'learning_rate': 0.005495107568056125, 'max_depth': 8, 'min_child_weight': 4, 'gamma': 0.0019983433302659497, 'lambda': 5.765514875690398e-08, 'alpha': 4.8256873100418465e-08}. Best is trial 7 with value: -0.721367.
[I 2024-01-07 17:19:01,595] Trial 8 finished with value: -0.442492 and parameters: {'learning_rate': 5.273899312108182e-05, 'max_depth': 2, 'min_child_weight': 5, 'gamma': 7.465033183239955e-06, 'lambda': 0.0019110669702771903, 'alpha': 0.03604204836004493}. Best is trial 7 with value: -0.721367.
[I 2024-01-07 17:39:51,788] Trial 9 finished with value: -0.441688 and parameters: {'learning_rate': 8.621008389098968e-07, 'max_depth': 7, 'min_child_weight': 5, 'gamma': 1.202256500991941e-06, 'lambda': 0.00014469872164866673, 'alpha': 0.6797601516176822}. Best is trial 7 with value: -0.721367.
[I 2024-01-07 19:35:32,419] Trial 10 finished with value: -0.70915 and parameters: {'learning_rate': 0.004134093510705351, 'max_depth': 5, 'min_child_weight': 10, 'gamma': 0.45816512057672915, 'lambda': 3.120606290109294e-08, 'alpha': 1.2632511990710987e-05}. Best is trial 7 with value: -0.721367.
[I 2024-01-07 19:47:37,890] Trial 11 finished with value: -0.411796 and parameters: {'learning_rate': 0.00991431975751029, 'max_depth': 5, 'min_child_weight': 10, 'gamma': 0.7365551726176729, 'lambda': 1.0170222179108181e-08, 'alpha': 1.1169061163328658e-05}. Best is trial 7 with value: -0.721367.
[I 2024-01-07 21:43:40,127] Trial 12 finished with value: -0.705229 and parameters: {'learning_rate': 0.0018258531423606533, 'max_depth': 7, 'min_child_weight': 9, 'gamma': 0.034004816171545146, 'lambda': 4.820908992029772e-07, 'alpha': 4.4138309863142115e-07}. Best is trial 7 with value: -0.721367.
[I 2024-01-07 23:38:23,111] Trial 13 finished with value: -0.6967 and parameters: {'learning_rate': 0.000785458424447232, 'max_depth': 4, 'min_child_weight': 7, 'gamma': 0.0021007117259925056, 'lambda': 1.4249933195019923e-08, 'alpha': 0.0003260706315634175}. Best is trial 7 with value: -0.721367.
Number of finished trials:  14
Best trial:
  NDCG@5: 0.721367
  Params: 
    learning_rate: 0.005495107568056125
    max_depth: 8
    min_child_weight: 4
    gamma: 0.0019983433302659497
    lambda: 5.765514875690398e-08
    alpha: 4.8256873100418465e-08
