[I 2024-01-06 18:33:56,235] A new study created in memory with name: no-name-4e4d4cd0-95c6-481d-836e-9b6c530ec974
[I 2024-01-06 20:17:01,863] Trial 0 finished with value: -0.705101 and parameters: {'learning_rate': 0.0033251598106450054, 'max_depth': 6, 'min_child_weight': 3, 'gamma': 2.333082591568907e-06, 'lambda': 1.4508126827608591e-08, 'alpha': 0.0028499881027547495}. Best is trial 0 with value: -0.705101.
[I 2024-01-06 20:45:48,443] Trial 1 finished with value: -0.442095 and parameters: {'learning_rate': 1.1685510579550216e-05, 'max_depth': 1, 'min_child_weight': 6, 'gamma': 0.5897408768498119, 'lambda': 0.002189052625108128, 'alpha': 1.1400909654058497e-07}. Best is trial 0 with value: -0.705101.
[I 2024-01-06 21:15:40,980] Trial 2 finished with value: -0.438921 and parameters: {'learning_rate': 1.712135570353309e-08, 'max_depth': 2, 'min_child_weight': 2, 'gamma': 0.12629672869387865, 'lambda': 0.0008775484216835163, 'alpha': 0.024561539975962707}. Best is trial 0 with value: -0.705101.
[I 2024-01-06 21:26:27,326] Trial 3 finished with value: -0.411796 and parameters: {'learning_rate': 2.1653035825442048e-08, 'max_depth': 1, 'min_child_weight': 10, 'gamma': 6.464643659005451e-08, 'lambda': 7.546779314145019e-08, 'alpha': 0.6830059536735124}. Best is trial 0 with value: -0.705101.
[I 2024-01-06 21:47:00,471] Trial 4 finished with value: -0.441971 and parameters: {'learning_rate': 1.7472863648642687e-08, 'max_depth': 8, 'min_child_weight': 5, 'gamma': 0.0018174774172650904, 'lambda': 0.0001663817173657333, 'alpha': 1.2009667187632786e-07}. Best is trial 0 with value: -0.705101.
[I 2024-01-06 22:12:15,331] Trial 5 finished with value: -0.448058 and parameters: {'learning_rate': 6.849019158394081e-05, 'max_depth': 3, 'min_child_weight': 6, 'gamma': 5.949176356812049e-06, 'lambda': 0.021646444794493125, 'alpha': 2.147637121648793e-05}. Best is trial 0 with value: -0.705101.
[I 2024-01-06 22:50:49,547] Trial 6 finished with value: -0.444384 and parameters: {'learning_rate': 2.460050695872127e-05, 'max_depth': 2, 'min_child_weight': 6, 'gamma': 3.358009640144196e-05, 'lambda': 2.8395960869515586e-08, 'alpha': 2.587706427961802e-07}. Best is trial 0 with value: -0.705101.
[I 2024-01-06 23:21:13,427] Trial 7 finished with value: -0.44463 and parameters: {'learning_rate': 2.9275091229780785e-06, 'max_depth': 4, 'min_child_weight': 2, 'gamma': 0.00333445851069973, 'lambda': 0.002357986741049514, 'alpha': 0.021069590980198304}. Best is trial 0 with value: -0.705101.
[I 2024-01-06 23:31:59,860] Trial 8 finished with value: -0.411796 and parameters: {'learning_rate': 8.645698641360604e-07, 'max_depth': 4, 'min_child_weight': 10, 'gamma': 2.7577936246803593e-08, 'lambda': 1.922604674496288e-08, 'alpha': 0.0027780254616340543}. Best is trial 0 with value: -0.705101.
[I 2024-01-06 23:56:38,958] Trial 9 finished with value: -0.442023 and parameters: {'learning_rate': 3.8571709463856203e-07, 'max_depth': 8, 'min_child_weight': 7, 'gamma': 2.9466797435585157e-05, 'lambda': 0.0009418996042029599, 'alpha': 0.0007534209773136721}. Best is trial 0 with value: -0.705101.
[I 2024-01-07 01:28:07,482] Trial 10 finished with value: -0.719401 and parameters: {'learning_rate': 0.007392688563856259, 'max_depth': 7, 'min_child_weight': 3, 'gamma': 9.719220821219361e-07, 'lambda': 1.487616142415675e-06, 'alpha': 2.2118011232087625e-05}. Best is trial 10 with value: -0.719401.
[I 2024-01-07 02:51:22,022] Trial 11 finished with value: -0.715117 and parameters: {'learning_rate': 0.004616366962728461, 'max_depth': 6, 'min_child_weight': 4, 'gamma': 7.435269527398311e-07, 'lambda': 1.2006565710152912e-06, 'alpha': 2.866211296833199e-05}. Best is trial 10 with value: -0.719401.
[I 2024-01-07 04:14:21,674] Trial 12 finished with value: -0.717028 and parameters: {'learning_rate': 0.005268002218876918, 'max_depth': 6, 'min_child_weight': 4, 'gamma': 7.099097173865366e-07, 'lambda': 2.6557596344527624e-06, 'alpha': 2.091331523473752e-05}. Best is trial 10 with value: -0.719401.
[I 2024-01-07 05:37:34,794] Trial 13 finished with value: -0.699709 and parameters: {'learning_rate': 0.0007136318563944734, 'max_depth': 6, 'min_child_weight': 4, 'gamma': 2.269707323167455e-07, 'lambda': 6.333050845429356e-06, 'alpha': 8.13112222009435e-06}. Best is trial 10 with value: -0.719401.
[I 2024-01-07 07:00:46,193] Trial 14 finished with value: -0.69821 and parameters: {'learning_rate': 0.00035805735561125263, 'max_depth': 7, 'min_child_weight': 4, 'gamma': 1.4562750520921243e-08, 'lambda': 7.679853512834965e-06, 'alpha': 2.2380763656537565e-06}. Best is trial 10 with value: -0.719401.
Number of finished trials:  15
Best trial:
Traceback (most recent call last):
  File "/home/jkang1/plrank3_XGBoost_hyper.py", line 348, in <module>
    print("  NDCG@{}: {}".format(int(sys.argv[1])), -trial.value)
IndexError: Replacement index 1 out of range for positional args tuple
