[I 2024-01-06 18:34:02,995] A new study created in memory with name: no-name-ceae76f8-ca19-4628-b4bd-376c93715f60
[I 2024-01-06 18:51:04,607] Trial 0 finished with value: -0.44324 and parameters: {'learning_rate': 2.504648268570849e-06, 'max_depth': 7, 'min_child_weight': 3, 'gamma': 4.4952617757875415e-06, 'lambda': 2.840760294511e-05, 'alpha': 0.03776531929852024}. Best is trial 0 with value: -0.44324.
[I 2024-01-06 19:07:18,111] Trial 1 finished with value: -0.439251 and parameters: {'learning_rate': 6.148221213028816e-08, 'max_depth': 6, 'min_child_weight': 2, 'gamma': 0.00018944888904685433, 'lambda': 4.669090706105463e-08, 'alpha': 0.062315167524248094}. Best is trial 0 with value: -0.44324.
[I 2024-01-06 19:31:40,808] Trial 2 finished with value: -0.448039 and parameters: {'learning_rate': 0.00010243459573608902, 'max_depth': 6, 'min_child_weight': 7, 'gamma': 1.9621076733957635e-05, 'lambda': 0.0002776420206825759, 'alpha': 3.8618233147060274e-05}. Best is trial 2 with value: -0.448039.
[I 2024-01-06 19:50:17,010] Trial 3 finished with value: -0.44463 and parameters: {'learning_rate': 0.00020191475314098301, 'max_depth': 8, 'min_child_weight': 4, 'gamma': 0.00010497488922073264, 'lambda': 4.7247734917407864e-07, 'alpha': 0.0032587268313896615}. Best is trial 2 with value: -0.448039.
[I 2024-01-06 20:05:36,690] Trial 4 finished with value: -0.443497 and parameters: {'learning_rate': 2.781713457554395e-05, 'max_depth': 6, 'min_child_weight': 3, 'gamma': 0.002674868005554055, 'lambda': 1.3020542527554892e-07, 'alpha': 0.09509243049001966}. Best is trial 2 with value: -0.448039.
[I 2024-01-06 20:18:56,694] Trial 5 finished with value: -0.411796 and parameters: {'learning_rate': 6.961520581446576e-07, 'max_depth': 2, 'min_child_weight': 10, 'gamma': 0.0033475377339885295, 'lambda': 0.005883353764578728, 'alpha': 1.202812603339474e-06}. Best is trial 2 with value: -0.448039.
[I 2024-01-06 20:41:10,032] Trial 6 finished with value: -0.438302 and parameters: {'learning_rate': 0.00010305235740117838, 'max_depth': 3, 'min_child_weight': 9, 'gamma': 0.03215672134642622, 'lambda': 1.0820779118596907e-05, 'alpha': 0.12871200569201593}. Best is trial 2 with value: -0.448039.
[I 2024-01-06 21:11:58,491] Trial 7 finished with value: -0.440419 and parameters: {'learning_rate': 2.5914923200691612e-08, 'max_depth': 3, 'min_child_weight': 3, 'gamma': 0.0006365541848326661, 'lambda': 4.470383864396096e-06, 'alpha': 5.552477746932339e-07}. Best is trial 2 with value: -0.448039.
[I 2024-01-06 21:47:09,215] Trial 8 finished with value: -0.438486 and parameters: {'learning_rate': 4.1646499569951515e-05, 'max_depth': 7, 'min_child_weight': 5, 'gamma': 8.704819871748664e-07, 'lambda': 0.0003517162457852991, 'alpha': 0.03164341127443955}. Best is trial 2 with value: -0.448039.
[I 2024-01-06 23:45:18,059] Trial 9 finished with value: -0.70676 and parameters: {'learning_rate': 0.00144165933637917, 'max_depth': 8, 'min_child_weight': 7, 'gamma': 2.37151833159739e-08, 'lambda': 2.8042047954431716e-05, 'alpha': 1.7953718903283065e-07}. Best is trial 9 with value: -0.70676.
[I 2024-01-07 01:39:00,819] Trial 10 finished with value: -0.710605 and parameters: {'learning_rate': 0.006620380619599751, 'max_depth': 4, 'min_child_weight': 7, 'gamma': 1.0031077656332749e-08, 'lambda': 0.9964441883680178, 'alpha': 1.2623776765830963e-08}. Best is trial 10 with value: -0.710605.
[I 2024-01-07 03:29:55,938] Trial 11 finished with value: -0.714243 and parameters: {'learning_rate': 0.00981790239238189, 'max_depth': 4, 'min_child_weight': 7, 'gamma': 1.0774634903611601e-08, 'lambda': 0.9702081771429418, 'alpha': 1.8576352450029634e-08}. Best is trial 11 with value: -0.714243.
[I 2024-01-07 05:18:31,260] Trial 12 finished with value: -0.71075 and parameters: {'learning_rate': 0.009428241135279736, 'max_depth': 4, 'min_child_weight': 8, 'gamma': 1.0587500010839967e-08, 'lambda': 0.17061780885790692, 'alpha': 1.436932821914199e-08}. Best is trial 11 with value: -0.714243.
[I 2024-01-07 07:04:54,370] Trial 13 finished with value: -0.6844 and parameters: {'learning_rate': 0.009347660998483574, 'max_depth': 1, 'min_child_weight': 9, 'gamma': 1.8685537856501802e-07, 'lambda': 0.4144893978787833, 'alpha': 1.2753227795342141e-08}. Best is trial 11 with value: -0.714243.
Number of finished trials:  14
Best trial:
Traceback (most recent call last):
  File "/home/jkang1/plrank3_XGBoost_hyper.py", line 348, in <module>
    print("  NDCG@{}: {}".format(int(sys.argv[1])), -trial.value)
IndexError: Replacement index 1 out of range for positional args tuple
