[I 2024-01-06 18:34:02,919] A new study created in memory with name: no-name-315b48e2-3fd7-4f70-98b0-c43ef5c89c25
[I 2024-01-06 18:51:17,937] Trial 0 finished with value: -0.441546 and parameters: {'learning_rate': 9.185461895329616e-07, 'max_depth': 5, 'min_child_weight': 9, 'gamma': 1.6402304725535862e-07, 'lambda': 0.0007172214683981937, 'alpha': 2.4309081323519614e-08}. Best is trial 0 with value: -0.441546.
[I 2024-01-06 19:17:52,669] Trial 1 finished with value: -0.440209 and parameters: {'learning_rate': 2.3207224665626977e-08, 'max_depth': 1, 'min_child_weight': 10, 'gamma': 0.03875399783365751, 'lambda': 1.0939352707753632e-05, 'alpha': 6.389286824710412e-06}. Best is trial 0 with value: -0.441546.
[I 2024-01-06 19:33:47,487] Trial 2 finished with value: -0.439909 and parameters: {'learning_rate': 1.539779262042012e-08, 'max_depth': 2, 'min_child_weight': 10, 'gamma': 0.0028913164821684077, 'lambda': 0.011063079295576565, 'alpha': 0.07645102660822328}. Best is trial 0 with value: -0.441546.
[I 2024-01-06 20:02:17,603] Trial 3 finished with value: -0.441502 and parameters: {'learning_rate': 7.262979586975767e-07, 'max_depth': 8, 'min_child_weight': 7, 'gamma': 2.5565204927107398e-05, 'lambda': 2.0568694699018227e-06, 'alpha': 0.35779760265723987}. Best is trial 0 with value: -0.441546.
[I 2024-01-06 20:21:58,043] Trial 4 finished with value: -0.441493 and parameters: {'learning_rate': 0.0006204523692663312, 'max_depth': 6, 'min_child_weight': 10, 'gamma': 2.3838262228899278e-08, 'lambda': 0.022594850458626536, 'alpha': 1.2844994651829473e-05}. Best is trial 0 with value: -0.441546.
[I 2024-01-06 20:58:36,113] Trial 5 finished with value: -0.4394 and parameters: {'learning_rate': 2.655486569773465e-08, 'max_depth': 1, 'min_child_weight': 9, 'gamma': 9.369250214270125e-05, 'lambda': 2.610203732222782e-07, 'alpha': 0.002892130986208804}. Best is trial 0 with value: -0.441546.
[I 2024-01-06 21:23:15,037] Trial 6 finished with value: -0.438581 and parameters: {'learning_rate': 2.726227357109133e-08, 'max_depth': 2, 'min_child_weight': 8, 'gamma': 0.0013961734292494696, 'lambda': 0.0003588988766276751, 'alpha': 3.839172619832741e-06}. Best is trial 0 with value: -0.441546.
[I 2024-01-06 21:42:19,628] Trial 7 finished with value: -0.43926 and parameters: {'learning_rate': 2.888174023835685e-05, 'max_depth': 2, 'min_child_weight': 2, 'gamma': 0.00043144000483220804, 'lambda': 9.929846687330569e-05, 'alpha': 0.003716602014035672}. Best is trial 0 with value: -0.441546.
[I 2024-01-06 22:16:16,874] Trial 8 finished with value: -0.457636 and parameters: {'learning_rate': 1.372156008823758e-07, 'max_depth': 2, 'min_child_weight': 7, 'gamma': 0.10130426519282709, 'lambda': 0.013234446329747187, 'alpha': 5.659156421799613e-07}. Best is trial 8 with value: -0.457636.
[I 2024-01-06 22:33:43,160] Trial 9 finished with value: -0.441241 and parameters: {'learning_rate': 1.3333671029074341e-06, 'max_depth': 4, 'min_child_weight': 4, 'gamma': 2.2874926158815482e-08, 'lambda': 1.417821374946909e-08, 'alpha': 6.22439226659207e-08}. Best is trial 8 with value: -0.457636.
[I 2024-01-06 22:46:43,617] Trial 10 finished with value: -0.411796 and parameters: {'learning_rate': 0.009622229712650298, 'max_depth': 4, 'min_child_weight': 5, 'gamma': 0.9025199648174114, 'lambda': 0.5810206605888454, 'alpha': 7.506879917291908e-07}. Best is trial 8 with value: -0.457636.
[I 2024-01-06 23:06:35,632] Trial 11 finished with value: -0.438828 and parameters: {'learning_rate': 8.564656421530436e-07, 'max_depth': 6, 'min_child_weight': 7, 'gamma': 2.7343497405916362e-06, 'lambda': 0.0038879564432325662, 'alpha': 1.2655932817155115e-08}. Best is trial 8 with value: -0.457636.
[I 2024-01-06 23:30:55,930] Trial 12 finished with value: -0.445026 and parameters: {'learning_rate': 2.3242756080807725e-07, 'max_depth': 5, 'min_child_weight': 6, 'gamma': 1.1703547599349414e-06, 'lambda': 0.0003419949835950956, 'alpha': 2.047666539098101e-07}. Best is trial 8 with value: -0.457636.
[I 2024-01-07 00:04:36,274] Trial 13 finished with value: -0.443116 and parameters: {'learning_rate': 8.198822055083636e-08, 'max_depth': 3, 'min_child_weight': 5, 'gamma': 2.449108151749333e-06, 'lambda': 0.15643471241299473, 'alpha': 3.3703058944519164e-07}. Best is trial 8 with value: -0.457636.
[I 2024-01-07 00:22:40,791] Trial 14 finished with value: -0.445506 and parameters: {'learning_rate': 1.936469436398808e-07, 'max_depth': 8, 'min_child_weight': 6, 'gamma': 0.936977950697051, 'lambda': 0.06838350931415581, 'alpha': 2.9574613342386396e-07}. Best is trial 8 with value: -0.457636.
[I 2024-01-07 00:39:19,312] Trial 15 finished with value: -0.442125 and parameters: {'learning_rate': 5.410833489260604e-06, 'max_depth': 8, 'min_child_weight': 4, 'gamma': 0.5922397860104043, 'lambda': 0.08791548904806464, 'alpha': 5.740895933999912e-05}. Best is trial 8 with value: -0.457636.
[I 2024-01-07 00:55:04,316] Trial 16 finished with value: -0.437501 and parameters: {'learning_rate': 1.4549891671223119e-07, 'max_depth': 7, 'min_child_weight': 7, 'gamma': 0.0453482071330543, 'lambda': 0.9351182508519427, 'alpha': 9.501557206108582e-07}. Best is trial 8 with value: -0.457636.
[I 2024-01-07 01:09:28,401] Trial 17 finished with value: -0.444528 and parameters: {'learning_rate': 1.3340723876397873e-07, 'max_depth': 3, 'min_child_weight': 2, 'gamma': 0.05439850872316346, 'lambda': 0.006783600593784594, 'alpha': 1.0202164116603574e-07}. Best is trial 8 with value: -0.457636.
[I 2024-01-07 01:22:54,871] Trial 18 finished with value: -0.440426 and parameters: {'learning_rate': 1.0382672345687618e-08, 'max_depth': 7, 'min_child_weight': 6, 'gamma': 0.9423874923305833, 'lambda': 0.06153482705061586, 'alpha': 1.0601797194686724e-08}. Best is trial 8 with value: -0.457636.
[I 2024-01-07 01:58:36,487] Trial 19 finished with value: -0.442021 and parameters: {'learning_rate': 7.013753640558484e-06, 'max_depth': 3, 'min_child_weight': 8, 'gamma': 0.005752066304247871, 'lambda': 0.0020292806260480915, 'alpha': 1.3721510213680871e-06}. Best is trial 8 with value: -0.457636.
[I 2024-01-07 02:14:04,704] Trial 20 finished with value: -0.444284 and parameters: {'learning_rate': 2.9072796150467665e-07, 'max_depth': 6, 'min_child_weight': 4, 'gamma': 0.12720005038513033, 'lambda': 0.019273230537869546, 'alpha': 2.802372766945054e-05}. Best is trial 8 with value: -0.457636.
[I 2024-01-07 02:40:38,908] Trial 21 finished with value: -0.449295 and parameters: {'learning_rate': 6.55625367850644e-08, 'max_depth': 5, 'min_child_weight': 6, 'gamma': 0.018657292893933627, 'lambda': 0.00015921153427099542, 'alpha': 2.0709237366867916e-07}. Best is trial 8 with value: -0.457636.
[I 2024-01-07 03:15:48,933] Trial 22 finished with value: -0.441245 and parameters: {'learning_rate': 6.925175761862929e-08, 'max_depth': 7, 'min_child_weight': 5, 'gamma': 0.010163906001342295, 'lambda': 0.00221170878614231, 'alpha': 7.736082641527343e-08}. Best is trial 8 with value: -0.457636.
[I 2024-01-07 03:42:30,829] Trial 23 finished with value: -0.445187 and parameters: {'learning_rate': 6.801055644918892e-08, 'max_depth': 5, 'min_child_weight': 6, 'gamma': 0.1857930938820484, 'lambda': 0.11263964862338821, 'alpha': 2.5331878531639293e-06}. Best is trial 8 with value: -0.457636.
[I 2024-01-07 03:54:11,163] Trial 24 finished with value: -0.440684 and parameters: {'learning_rate': 2.951514201890286e-07, 'max_depth': 4, 'min_child_weight': 8, 'gamma': 0.02107190397336446, 'lambda': 0.00013383029013398437, 'alpha': 3.3177156588136237e-07}. Best is trial 8 with value: -0.457636.
[I 2024-01-07 04:05:22,475] Trial 25 finished with value: -0.440544 and parameters: {'learning_rate': 4.0865805745677326e-08, 'max_depth': 8, 'min_child_weight': 7, 'gamma': 0.23037259922673228, 'lambda': 0.023500744606296496, 'alpha': 5.572078777925754e-08}. Best is trial 8 with value: -0.457636.
[I 2024-01-07 04:18:39,591] Trial 26 finished with value: -0.432734 and parameters: {'learning_rate': 2.5010496974371834e-06, 'max_depth': 6, 'min_child_weight': 5, 'gamma': 0.010094254125063791, 'lambda': 0.0018572262846776608, 'alpha': 4.2968119570399297e-07}. Best is trial 8 with value: -0.457636.
[I 2024-01-07 04:48:25,563] Trial 27 finished with value: -0.442924 and parameters: {'learning_rate': 1.1342254649654784e-08, 'max_depth': 3, 'min_child_weight': 6, 'gamma': 0.16217325621301468, 'lambda': 4.397887798152002e-05, 'alpha': 2.589931447846876e-06}. Best is trial 8 with value: -0.457636.
[I 2024-01-07 05:33:46,408] Trial 28 finished with value: -0.458713 and parameters: {'learning_rate': 4.0029225996399193e-07, 'max_depth': 7, 'min_child_weight': 3, 'gamma': 0.01951197516334036, 'lambda': 0.0008442573368648349, 'alpha': 8.62343635031313e-06}. Best is trial 28 with value: -0.458713.
[I 2024-01-07 06:04:35,513] Trial 29 finished with value: -0.463694 and parameters: {'learning_rate': 4.959139464160688e-07, 'max_depth': 5, 'min_child_weight': 3, 'gamma': 0.0013580239444309743, 'lambda': 0.0007947799742477348, 'alpha': 1.1365857500278282e-05}. Best is trial 29 with value: -0.463694.
[I 2024-01-07 06:37:01,595] Trial 30 finished with value: -0.447625 and parameters: {'learning_rate': 4.4448012101349444e-07, 'max_depth': 7, 'min_child_weight': 3, 'gamma': 0.0013288756755580732, 'lambda': 0.0008094678295538345, 'alpha': 0.00016261705555810376}. Best is trial 29 with value: -0.463694.
Number of finished trials:  31
Best trial:
Traceback (most recent call last):
  File "/home/jkang1/plrank3_XGBoost_hyper.py", line 348, in <module>
    print("  NDCG@{}: {}".format(int(sys.argv[1])), -trial.value)
IndexError: Replacement index 1 out of range for positional args tuple
