[I 2024-01-07 10:44:39,285] A new study created in memory with name: no-name-1920bc63-f75a-492b-8d7e-4a64acdb7b87
[I 2024-01-07 11:04:46,082] Trial 0 finished with value: -0.441636 and parameters: {'learning_rate': 1.1920857349471263e-07, 'max_depth': 5, 'min_child_weight': 7, 'gamma': 1.688962509552998e-07, 'lambda': 0.0001709357270690133, 'alpha': 0.27255606303394986}. Best is trial 0 with value: -0.441636.
[I 2024-01-07 13:01:33,597] Trial 1 finished with value: -0.693532 and parameters: {'learning_rate': 0.00331209326111529, 'max_depth': 2, 'min_child_weight': 9, 'gamma': 4.505828365884522e-08, 'lambda': 2.1039986774230475e-06, 'alpha': 2.6575945105712214e-07}. Best is trial 1 with value: -0.693532.
[I 2024-01-07 14:56:51,191] Trial 2 finished with value: -0.700876 and parameters: {'learning_rate': 0.0007153434758742847, 'max_depth': 6, 'min_child_weight': 7, 'gamma': 0.489450442502168, 'lambda': 0.16895434334079187, 'alpha': 0.0004603034244470933}. Best is trial 2 with value: -0.700876.
[I 2024-01-07 15:16:48,099] Trial 3 finished with value: -0.440165 and parameters: {'learning_rate': 4.421095774770602e-06, 'max_depth': 1, 'min_child_weight': 8, 'gamma': 5.406055495144831e-08, 'lambda': 0.00023887232135454933, 'alpha': 0.011827081888812355}. Best is trial 2 with value: -0.700876.
[I 2024-01-07 15:38:03,033] Trial 4 finished with value: -0.446973 and parameters: {'learning_rate': 6.551515386666099e-08, 'max_depth': 2, 'min_child_weight': 2, 'gamma': 3.8153407653299525e-06, 'lambda': 2.9050226486661127e-08, 'alpha': 0.0006495277831496851}. Best is trial 2 with value: -0.700876.
[I 2024-01-07 15:50:02,580] Trial 5 finished with value: -0.411796 and parameters: {'learning_rate': 9.79904206649802e-08, 'max_depth': 2, 'min_child_weight': 9, 'gamma': 0.009644245030346934, 'lambda': 1.441342666181344e-07, 'alpha': 8.714902260545634e-06}. Best is trial 2 with value: -0.700876.
[I 2024-01-07 16:04:07,941] Trial 6 finished with value: -0.440473 and parameters: {'learning_rate': 0.00021472083759142634, 'max_depth': 3, 'min_child_weight': 5, 'gamma': 1.4694148534460019e-06, 'lambda': 6.165326845619765e-07, 'alpha': 8.986001665825229e-05}. Best is trial 2 with value: -0.700876.
[I 2024-01-07 16:33:18,957] Trial 7 finished with value: -0.453211 and parameters: {'learning_rate': 7.01965837837224e-07, 'max_depth': 6, 'min_child_weight': 7, 'gamma': 0.0678420365557359, 'lambda': 4.5866065619086415e-08, 'alpha': 3.633019075866696e-07}. Best is trial 2 with value: -0.700876.
[I 2024-01-07 18:27:05,654] Trial 8 finished with value: -0.697074 and parameters: {'learning_rate': 0.002356360382328475, 'max_depth': 3, 'min_child_weight': 5, 'gamma': 0.0001344048785207922, 'lambda': 5.476928375946773e-08, 'alpha': 9.118801168143979e-05}. Best is trial 2 with value: -0.700876.
[I 2024-01-07 18:39:04,996] Trial 9 finished with value: -0.437444 and parameters: {'learning_rate': 5.3661602671426226e-05, 'max_depth': 8, 'min_child_weight': 2, 'gamma': 6.31388210444558e-08, 'lambda': 1.8051498708229238e-07, 'alpha': 6.200153054147944e-06}. Best is trial 2 with value: -0.700876.
[I 2024-01-07 20:33:05,539] Trial 10 finished with value: -0.699298 and parameters: {'learning_rate': 0.00027396016631588675, 'max_depth': 8, 'min_child_weight': 4, 'gamma': 0.3308491664579899, 'lambda': 0.9089164711180168, 'alpha': 1.7452370527852088e-08}. Best is trial 2 with value: -0.700876.
[I 2024-01-07 20:53:04,398] Trial 11 finished with value: -0.441021 and parameters: {'learning_rate': 0.0002875690794326676, 'max_depth': 8, 'min_child_weight': 4, 'gamma': 0.7776273189819713, 'lambda': 0.6674332271900039, 'alpha': 1.7721305566171994e-08}. Best is trial 2 with value: -0.700876.
[I 2024-01-07 22:46:37,195] Trial 12 finished with value: -0.719019 and parameters: {'learning_rate': 0.008384670414735654, 'max_depth': 6, 'min_child_weight': 4, 'gamma': 0.8741079692595893, 'lambda': 0.23750500926244378, 'alpha': 0.0022449947531090835}. Best is trial 12 with value: -0.719019.
Number of finished trials:  13
Best trial:
  NDCG@5: 0.719019
  Params: 
    learning_rate: 0.008384670414735654
    max_depth: 6
    min_child_weight: 4
    gamma: 0.8741079692595893
    lambda: 0.23750500926244378
    alpha: 0.0022449947531090835
