[I 2024-01-06 18:34:02,928] A new study created in memory with name: no-name-421ed499-ff04-4322-b9b0-303be6db2f88
[I 2024-01-06 18:51:57,460] Trial 0 finished with value: -0.445999 and parameters: {'learning_rate': 2.2593540726115575e-05, 'max_depth': 3, 'min_child_weight': 5, 'gamma': 3.3855941694039705e-06, 'lambda': 0.00024381163358771276, 'alpha': 3.261516603030211e-08}. Best is trial 0 with value: -0.445999.
[I 2024-01-06 19:06:22,124] Trial 1 finished with value: -0.438878 and parameters: {'learning_rate': 7.39871732446512e-07, 'max_depth': 1, 'min_child_weight': 3, 'gamma': 1.1395639164064964e-06, 'lambda': 0.5283686201693621, 'alpha': 9.763720952838293e-05}. Best is trial 0 with value: -0.445999.
[I 2024-01-06 21:17:20,836] Trial 2 finished with value: -0.702005 and parameters: {'learning_rate': 0.0018361047456787818, 'max_depth': 5, 'min_child_weight': 7, 'gamma': 8.790698188668861e-08, 'lambda': 2.816255447989237e-06, 'alpha': 0.01853151871380613}. Best is trial 2 with value: -0.702005.
[I 2024-01-06 21:39:34,373] Trial 3 finished with value: -0.44206 and parameters: {'learning_rate': 3.460454418280251e-05, 'max_depth': 6, 'min_child_weight': 10, 'gamma': 0.23714869193592764, 'lambda': 0.006285625017852424, 'alpha': 3.8288140687512973e-07}. Best is trial 2 with value: -0.702005.
[I 2024-01-06 21:53:18,179] Trial 4 finished with value: -0.411796 and parameters: {'learning_rate': 0.002076812791222108, 'max_depth': 8, 'min_child_weight': 7, 'gamma': 3.224718463800948e-08, 'lambda': 0.00027796522289174746, 'alpha': 2.2743113131758596e-08}. Best is trial 2 with value: -0.702005.
[I 2024-01-06 22:18:31,178] Trial 5 finished with value: -0.441061 and parameters: {'learning_rate': 9.73286296513033e-07, 'max_depth': 1, 'min_child_weight': 6, 'gamma': 1.7434735945178997e-05, 'lambda': 0.798930255937052, 'alpha': 7.074110941658112e-07}. Best is trial 2 with value: -0.702005.
[I 2024-01-06 22:31:57,956] Trial 6 finished with value: -0.411796 and parameters: {'learning_rate': 1.4820723605672314e-08, 'max_depth': 2, 'min_child_weight': 9, 'gamma': 0.34499951474384627, 'lambda': 0.01014216230514456, 'alpha': 4.703643322721612e-05}. Best is trial 2 with value: -0.702005.
[I 2024-01-07 00:39:47,734] Trial 7 finished with value: -0.69505 and parameters: {'learning_rate': 0.003747035454873603, 'max_depth': 3, 'min_child_weight': 4, 'gamma': 2.947015486499288e-07, 'lambda': 6.898195386760365e-05, 'alpha': 0.4264277298151026}. Best is trial 2 with value: -0.702005.
[I 2024-01-07 00:56:35,158] Trial 8 finished with value: -0.441328 and parameters: {'learning_rate': 6.131504724748802e-08, 'max_depth': 3, 'min_child_weight': 8, 'gamma': 0.8001525843286127, 'lambda': 7.663287250018496e-07, 'alpha': 0.0013266851840652333}. Best is trial 2 with value: -0.702005.
[I 2024-01-07 01:21:43,679] Trial 9 finished with value: -0.445004 and parameters: {'learning_rate': 3.4550229226923675e-07, 'max_depth': 6, 'min_child_weight': 4, 'gamma': 0.08979719125570293, 'lambda': 0.03009618221194191, 'alpha': 1.4303711356237954e-08}. Best is trial 2 with value: -0.702005.
[I 2024-01-07 01:41:56,150] Trial 10 finished with value: -0.441626 and parameters: {'learning_rate': 0.00027810474980376296, 'max_depth': 5, 'min_child_weight': 7, 'gamma': 1.5005838043390696e-08, 'lambda': 3.868362303209004e-07, 'alpha': 0.6076355458842265}. Best is trial 2 with value: -0.702005.
[I 2024-01-07 03:30:23,485] Trial 11 finished with value: -0.70345 and parameters: {'learning_rate': 0.0037092589680180464, 'max_depth': 4, 'min_child_weight': 3, 'gamma': 4.782879506871806e-07, 'lambda': 6.362965997222472e-06, 'alpha': 0.5709731962541991}. Best is trial 11 with value: -0.70345.
[I 2024-01-07 05:17:56,870] Trial 12 finished with value: -0.705051 and parameters: {'learning_rate': 0.007913158983090108, 'max_depth': 5, 'min_child_weight': 2, 'gamma': 7.609076170269189e-05, 'lambda': 2.498383405654968e-08, 'alpha': 0.03287104585968088}. Best is trial 12 with value: -0.705051.
[I 2024-01-07 07:02:03,318] Trial 13 finished with value: -0.715261 and parameters: {'learning_rate': 0.005413417296567252, 'max_depth': 7, 'min_child_weight': 2, 'gamma': 0.0003488397743437975, 'lambda': 4.8698141661576915e-08, 'alpha': 0.03546423876806213}. Best is trial 13 with value: -0.715261.
Number of finished trials:  14
Best trial:
Traceback (most recent call last):
  File "/home/jkang1/plrank3_XGBoost_hyper.py", line 348, in <module>
    print("  NDCG@{}: {}".format(int(sys.argv[1])), -trial.value)
IndexError: Replacement index 1 out of range for positional args tuple
