[I 2024-01-07 10:43:51,446] A new study created in memory with name: no-name-4eeade2f-39a2-4d16-9e8f-a03bb0f95581
[I 2024-01-07 11:41:17,599] Trial 0 finished with value: 0.7425220042390746 and parameters: {'n_layers': 3, 'n_units_l0': 44, 'n_units_l1': 118, 'n_units_l2': 103, 'optimizer': 'SGD', 'lr': 0.0021849265024342064, 'batch_size': 64}. Best is trial 0 with value: 0.7425220042390746.
[I 2024-01-07 12:30:09,816] Trial 1 finished with value: 0.7457410511161847 and parameters: {'n_layers': 2, 'n_units_l0': 63, 'n_units_l1': 58, 'optimizer': 'Adam', 'lr': 0.001683922681168065, 'batch_size': 256}. Best is trial 1 with value: 0.7457410511161847.
[I 2024-01-07 13:08:53,969] Trial 2 finished with value: 0.7187560341977053 and parameters: {'n_layers': 1, 'n_units_l0': 21, 'optimizer': 'SGD', 'lr': 0.01870423147950862, 'batch_size': 128}. Best is trial 1 with value: 0.7457410511161847.
[I 2024-01-07 13:45:17,462] Trial 3 finished with value: 0.7134494924395759 and parameters: {'n_layers': 3, 'n_units_l0': 44, 'n_units_l1': 90, 'n_units_l2': 91, 'optimizer': 'SGD', 'lr': 0.017229047540773163, 'batch_size': 256}. Best is trial 1 with value: 0.7457410511161847.
[I 2024-01-07 14:11:16,933] Trial 4 finished with value: 0.722534444965596 and parameters: {'n_layers': 1, 'n_units_l0': 57, 'optimizer': 'SGD', 'lr': 0.010073549124080592, 'batch_size': 512}. Best is trial 1 with value: 0.7457410511161847.
[I 2024-01-07 14:45:24,266] Trial 5 finished with value: 0.7384233163888506 and parameters: {'n_layers': 4, 'n_units_l0': 37, 'n_units_l1': 35, 'n_units_l2': 35, 'n_units_l3': 24, 'optimizer': 'Adam', 'lr': 0.008070979413125831, 'batch_size': 512}. Best is trial 1 with value: 0.7457410511161847.
[I 2024-01-07 15:51:57,504] Trial 6 finished with value: 0.7405896634361976 and parameters: {'n_layers': 2, 'n_units_l0': 93, 'n_units_l1': 121, 'optimizer': 'Adam', 'lr': 0.0037308511618207307, 'batch_size': 128}. Best is trial 1 with value: 0.7457410511161847.
[I 2024-01-07 16:29:07,821] Trial 7 finished with value: 0.736049595916996 and parameters: {'n_layers': 1, 'n_units_l0': 48, 'optimizer': 'SGD', 'lr': 0.007873774348511154, 'batch_size': 256}. Best is trial 1 with value: 0.7457410511161847.
[I 2024-01-07 17:22:57,090] Trial 8 finished with value: 0.7390421014415601 and parameters: {'n_layers': 3, 'n_units_l0': 95, 'n_units_l1': 9, 'n_units_l2': 57, 'optimizer': 'SGD', 'lr': 0.0051131977245432335, 'batch_size': 64}. Best is trial 1 with value: 0.7457410511161847.
[I 2024-01-07 18:23:19,349] Trial 9 finished with value: 0.7457977530370378 and parameters: {'n_layers': 2, 'n_units_l0': 118, 'n_units_l1': 99, 'optimizer': 'Adam', 'lr': 0.0022329391443131215, 'batch_size': 128}. Best is trial 9 with value: 0.7457977530370378.
[I 2024-01-07 20:48:42,720] Trial 10 finished with value: 0.7472453153833737 and parameters: {'n_layers': 4, 'n_units_l0': 128, 'n_units_l1': 87, 'n_units_l2': 8, 'n_units_l3': 124, 'optimizer': 'Adam', 'lr': 0.00030338967603243743, 'batch_size': 128}. Best is trial 10 with value: 0.7472453153833737.
[I 2024-01-07 23:03:37,615] Trial 11 finished with value: 0.7447929316532925 and parameters: {'n_layers': 4, 'n_units_l0': 124, 'n_units_l1': 93, 'n_units_l2': 4, 'n_units_l3': 127, 'optimizer': 'Adam', 'lr': 0.0002823347203491343, 'batch_size': 128}. Best is trial 10 with value: 0.7472453153833737.
Number of finished trials:  12
Best trial:
  NDCG@5: 0.7472453153833737
  Params: 
    n_layers: 4
    n_units_l0: 128
    n_units_l1: 87
    n_units_l2: 8
    n_units_l3: 124
    optimizer: Adam
    lr: 0.00030338967603243743
    batch_size: 128
