[I 2024-01-06 18:34:02,975] A new study created in memory with name: no-name-5696886a-c228-4bce-8fd6-7841f1f481b7
[I 2024-01-06 20:40:10,798] Trial 0 finished with value: -0.710188 and parameters: {'learning_rate': 0.008977136845723821, 'max_depth': 4, 'min_child_weight': 4, 'gamma': 5.679952827297418e-07, 'lambda': 1.5723431328242894e-06, 'alpha': 7.04706684947488e-07}. Best is trial 0 with value: -0.710188.
[I 2024-01-06 20:54:27,321] Trial 1 finished with value: -0.44147 and parameters: {'learning_rate': 4.7957139150717094e-05, 'max_depth': 5, 'min_child_weight': 3, 'gamma': 0.3483947813292455, 'lambda': 1.3017391311565815e-08, 'alpha': 4.775463051171954e-07}. Best is trial 0 with value: -0.710188.
[I 2024-01-06 21:14:55,610] Trial 2 finished with value: -0.447053 and parameters: {'learning_rate': 6.244068778403891e-05, 'max_depth': 8, 'min_child_weight': 5, 'gamma': 0.01262014580440957, 'lambda': 0.0021094086959995728, 'alpha': 5.4609333946337324e-05}. Best is trial 0 with value: -0.710188.
[I 2024-01-06 21:27:50,480] Trial 3 finished with value: -0.411796 and parameters: {'learning_rate': 2.2704250180961154e-08, 'max_depth': 8, 'min_child_weight': 8, 'gamma': 4.8610468877253305e-05, 'lambda': 0.020449981325822434, 'alpha': 8.840716712475082e-08}. Best is trial 0 with value: -0.710188.
[I 2024-01-06 22:11:15,782] Trial 4 finished with value: -0.454164 and parameters: {'learning_rate': 1.3834539694188686e-06, 'max_depth': 7, 'min_child_weight': 4, 'gamma': 9.18406788951865e-06, 'lambda': 0.004381207312950765, 'alpha': 3.378934169158029e-05}. Best is trial 0 with value: -0.710188.
[I 2024-01-06 22:23:51,576] Trial 5 finished with value: -0.441417 and parameters: {'learning_rate': 2.3244506163610824e-07, 'max_depth': 7, 'min_child_weight': 6, 'gamma': 0.0967822159248822, 'lambda': 0.0007347750025128613, 'alpha': 2.042434229074298e-05}. Best is trial 0 with value: -0.710188.
[I 2024-01-06 22:35:55,335] Trial 6 finished with value: -0.411796 and parameters: {'learning_rate': 6.277148342001019e-08, 'max_depth': 3, 'min_child_weight': 10, 'gamma': 2.95321016955563e-05, 'lambda': 0.00036455016999811535, 'alpha': 4.128064736646632e-06}. Best is trial 0 with value: -0.710188.
[I 2024-01-06 22:50:48,068] Trial 7 finished with value: -0.441797 and parameters: {'learning_rate': 4.437487334868332e-05, 'max_depth': 8, 'min_child_weight': 7, 'gamma': 0.05910494820717831, 'lambda': 0.020071437337196595, 'alpha': 0.2701001354968999}. Best is trial 0 with value: -0.710188.
[I 2024-01-06 23:05:44,966] Trial 8 finished with value: -0.441099 and parameters: {'learning_rate': 5.240700820945451e-06, 'max_depth': 7, 'min_child_weight': 5, 'gamma': 3.0210706829141147e-05, 'lambda': 0.00046311832609345074, 'alpha': 1.2554991650351251e-08}. Best is trial 0 with value: -0.710188.
[I 2024-01-07 00:08:16,037] Trial 9 finished with value: -0.452415 and parameters: {'learning_rate': 1.0110862295897564e-07, 'max_depth': 8, 'min_child_weight': 4, 'gamma': 3.191894243542555e-07, 'lambda': 0.0561280308223554, 'alpha': 0.021703818925674807}. Best is trial 0 with value: -0.710188.
[I 2024-01-07 01:57:25,154] Trial 10 finished with value: -0.682182 and parameters: {'learning_rate': 0.009208836933358491, 'max_depth': 1, 'min_child_weight': 2, 'gamma': 1.5027421600888e-08, 'lambda': 8.634437480740109e-07, 'alpha': 0.0012672121363227228}. Best is trial 0 with value: -0.710188.
[I 2024-01-07 03:45:04,611] Trial 11 finished with value: -0.675376 and parameters: {'learning_rate': 0.009988394779956188, 'max_depth': 1, 'min_child_weight': 2, 'gamma': 1.3325802314028845e-08, 'lambda': 2.284682340191102e-06, 'alpha': 0.001734353979745002}. Best is trial 0 with value: -0.710188.
[I 2024-01-07 05:30:52,921] Trial 12 finished with value: -0.66436 and parameters: {'learning_rate': 0.008971214986587126, 'max_depth': 1, 'min_child_weight': 2, 'gamma': 1.0662487691742729e-08, 'lambda': 4.979685548075613e-07, 'alpha': 0.0010473131353299083}. Best is trial 0 with value: -0.710188.
[I 2024-01-07 07:05:38,932] Trial 13 finished with value: -0.696548 and parameters: {'learning_rate': 0.0013854237069608054, 'max_depth': 3, 'min_child_weight': 3, 'gamma': 3.6152370750675834e-07, 'lambda': 8.044984527154319e-06, 'alpha': 1.1111105642733473e-06}. Best is trial 0 with value: -0.710188.
Number of finished trials:  14
Best trial:
Traceback (most recent call last):
  File "/home/jkang1/plrank3_XGBoost_hyper.py", line 348, in <module>
    print("  NDCG@{}: {}".format(int(sys.argv[1])), -trial.value)
IndexError: Replacement index 1 out of range for positional args tuple
