[I 2024-02-01 21:05:55,896] A new study created in memory with name: no-name-49008c61-4801-4b2b-b2a7-4be29e17d8ac
[I 2024-02-01 21:44:22,044] Trial 0 finished with value: -0.497872 and parameters: {'learning_rate': 0.004378044984230146, 'max_depth': 3, 'min_child_weight': 3, 'gamma': 1.661648218180377e-05, 'lambda': 0.008224345742223837, 'alpha': 0.480380529361804}. Best is trial 0 with value: -0.497872.
[I 2024-02-01 22:24:51,398] Trial 1 finished with value: -0.545201 and parameters: {'learning_rate': 0.0030878581160358972, 'max_depth': 5, 'min_child_weight': 4, 'gamma': 1.2392811956087627e-08, 'lambda': 0.0010460646682898332, 'alpha': 5.875598979744024e-06}. Best is trial 1 with value: -0.545201.
[I 2024-02-01 22:30:08,596] Trial 2 finished with value: -0.518982 and parameters: {'learning_rate': 3.080707413574652e-05, 'max_depth': 8, 'min_child_weight': 8, 'gamma': 1.8690635549330692e-08, 'lambda': 0.0005752057743613918, 'alpha': 0.003446396621086535}. Best is trial 1 with value: -0.545201.
[I 2024-02-01 22:35:10,933] Trial 3 finished with value: -0.373862 and parameters: {'learning_rate': 5.786247184709674e-05, 'max_depth': 4, 'min_child_weight': 2, 'gamma': 2.5552352955148864e-08, 'lambda': 0.012486550722374272, 'alpha': 1.1547122365767484e-08}. Best is trial 1 with value: -0.545201.
[I 2024-02-01 22:40:18,322] Trial 4 finished with value: -0.505501 and parameters: {'learning_rate': 2.6492909943988734e-08, 'max_depth': 7, 'min_child_weight': 5, 'gamma': 1.860503821760498e-08, 'lambda': 0.00014394040415931288, 'alpha': 0.006276008508412968}. Best is trial 1 with value: -0.545201.
[I 2024-02-01 22:44:51,749] Trial 5 finished with value: -0.267289 and parameters: {'learning_rate': 1.2368152005254611e-05, 'max_depth': 3, 'min_child_weight': 8, 'gamma': 0.252635686916042, 'lambda': 0.10352671440816649, 'alpha': 0.00894020606730234}. Best is trial 1 with value: -0.545201.
[I 2024-02-01 22:49:48,654] Trial 6 finished with value: -0.37386 and parameters: {'learning_rate': 3.499480573273674e-08, 'max_depth': 4, 'min_child_weight': 5, 'gamma': 1.603283729955849e-08, 'lambda': 0.08163689757080692, 'alpha': 0.3853107630328065}. Best is trial 1 with value: -0.545201.
[I 2024-02-01 22:54:46,839] Trial 7 finished with value: -0.37386 and parameters: {'learning_rate': 5.821514134998966e-08, 'max_depth': 4, 'min_child_weight': 3, 'gamma': 0.01008662415310493, 'lambda': 0.14208883262975883, 'alpha': 0.15355208699833134}. Best is trial 1 with value: -0.545201.
[I 2024-02-01 22:59:47,715] Trial 8 finished with value: -0.373862 and parameters: {'learning_rate': 3.08354701793614e-08, 'max_depth': 4, 'min_child_weight': 3, 'gamma': 0.0008970100487197313, 'lambda': 0.0004603083568944792, 'alpha': 2.8798620873785785e-07}. Best is trial 1 with value: -0.545201.
[I 2024-02-01 23:39:56,395] Trial 9 finished with value: -0.6399 and parameters: {'learning_rate': 0.1376424126329834, 'max_depth': 4, 'min_child_weight': 5, 'gamma': 7.301083633141671e-05, 'lambda': 0.23000455509537784, 'alpha': 0.11741853288682548}. Best is trial 9 with value: -0.6399.
[I 2024-02-02 00:21:46,101] Trial 10 finished with value: -0.665 and parameters: {'learning_rate': 0.37972823866082217, 'max_depth': 6, 'min_child_weight': 6, 'gamma': 1.5110289103296264e-05, 'lambda': 4.965833160377797e-07, 'alpha': 7.784068684188813e-05}. Best is trial 10 with value: -0.665.
[I 2024-02-02 00:57:12,383] Trial 11 finished with value: -0.661018 and parameters: {'learning_rate': 0.780699458233941, 'max_depth': 6, 'min_child_weight': 6, 'gamma': 2.2060709926091362e-05, 'lambda': 9.139822946273636e-07, 'alpha': 8.063676236426462e-05}. Best is trial 10 with value: -0.665.
[I 2024-02-02 01:34:44,466] Trial 12 finished with value: -0.66536 and parameters: {'learning_rate': 0.6424285583598841, 'max_depth': 6, 'min_child_weight': 7, 'gamma': 3.7869771692711657e-06, 'lambda': 3.0342436282457206e-07, 'alpha': 0.00011235893409439767}. Best is trial 12 with value: -0.66536.
[I 2024-02-02 02:00:38,555] Trial 13 finished with value: -0.662089 and parameters: {'learning_rate': 0.6955557400398814, 'max_depth': 6, 'min_child_weight': 7, 'gamma': 1.2788235447776586e-06, 'lambda': 3.402536363607354e-08, 'alpha': 8.741877596085794e-05}. Best is trial 12 with value: -0.66536.
[I 2024-02-02 02:40:40,853] Trial 14 finished with value: -0.628828 and parameters: {'learning_rate': 0.03259732439510371, 'max_depth': 7, 'min_child_weight': 7, 'gamma': 2.2307201722924775e-06, 'lambda': 3.484600259570591e-06, 'alpha': 8.289874434727904e-06}. Best is trial 12 with value: -0.66536.
[I 2024-02-02 03:20:23,387] Trial 15 finished with value: -0.625965 and parameters: {'learning_rate': 0.028368866535674848, 'max_depth': 7, 'min_child_weight': 6, 'gamma': 9.593147772824628e-07, 'lambda': 1.5105924042707817e-08, 'alpha': 0.0008682936226966101}. Best is trial 12 with value: -0.66536.
[I 2024-02-02 03:56:26,519] Trial 16 finished with value: -0.516625 and parameters: {'learning_rate': 0.0005677286994680385, 'max_depth': 5, 'min_child_weight': 7, 'gamma': 0.0005544423589977956, 'lambda': 1.0397723227896652e-05, 'alpha': 0.0002781284660685938}. Best is trial 12 with value: -0.66536.
[I 2024-02-02 04:19:29,614] Trial 17 finished with value: -0.660956 and parameters: {'learning_rate': 0.8313905471298385, 'max_depth': 6, 'min_child_weight': 6, 'gamma': 3.285691519936393e-07, 'lambda': 2.2288155737459342e-07, 'alpha': 6.778313797631744e-06}. Best is trial 12 with value: -0.66536.
[I 2024-02-02 05:00:23,575] Trial 18 finished with value: -0.6618 and parameters: {'learning_rate': 0.10087869906833168, 'max_depth': 8, 'min_child_weight': 7, 'gamma': 7.741785210899735e-06, 'lambda': 1.816329905107284e-05, 'alpha': 4.1313315677089357e-05}. Best is trial 12 with value: -0.66536.
[I 2024-02-02 05:37:03,367] Trial 19 finished with value: -0.57298 and parameters: {'learning_rate': 0.008777523870340862, 'max_depth': 5, 'min_child_weight': 6, 'gamma': 1.8064596818317705e-07, 'lambda': 1.6299590159375834e-07, 'alpha': 0.0007307363001116246}. Best is trial 12 with value: -0.66536.
[I 2024-02-02 06:16:07,509] Trial 20 finished with value: -0.664983 and parameters: {'learning_rate': 0.1923663985323311, 'max_depth': 7, 'min_child_weight': 8, 'gamma': 0.00020183953235069571, 'lambda': 1.2561033734511503e-06, 'alpha': 9.019162788797794e-07}. Best is trial 12 with value: -0.66536.
[I 2024-02-02 06:55:25,243] Trial 21 finished with value: -0.664329 and parameters: {'learning_rate': 0.15254122233190234, 'max_depth': 7, 'min_child_weight': 8, 'gamma': 0.0002464421942567506, 'lambda': 1.2349569774339116e-06, 'alpha': 8.638403344087297e-07}. Best is trial 12 with value: -0.66536.
[I 2024-02-02 07:33:14,844] Trial 22 finished with value: -0.660499 and parameters: {'learning_rate': 0.2044855862407242, 'max_depth': 6, 'min_child_weight': 8, 'gamma': 5.863799963971291e-05, 'lambda': 1.6185396213222556e-07, 'alpha': 3.067796304510788e-05}. Best is trial 12 with value: -0.66536.
[I 2024-02-02 08:11:47,987] Trial 23 finished with value: -0.630209 and parameters: {'learning_rate': 0.034856118949242676, 'max_depth': 7, 'min_child_weight': 7, 'gamma': 1.1088538861981223e-05, 'lambda': 1.4721106341483727e-05, 'alpha': 6.411680753211081e-07}. Best is trial 12 with value: -0.66536.
